{"/Users/priyanshsmac/Desktop/google docs clone/google-docs-clone/server/Document.js": {"path":"/Users/priyanshsmac/Desktop/google docs clone/google-docs-clone/server/Document.js","statementMap":{"0":{"start":{"line":1,"column":26},"end":{"line":1,"column":45}},"1":{"start":{"line":3,"column":17},"end":{"line":52,"column":2}},"2":{"start":{"line":55,"column":0},"end":{"line":58,"column":2}},"3":{"start":{"line":56,"column":2},"end":{"line":56,"column":29}},"4":{"start":{"line":57,"column":2},"end":{"line":57,"column":8}},"5":{"start":{"line":60,"column":0},"end":{"line":60,"column":44}}},"fnMap":{"0":{"name":"(anonymous_0)","decl":{"start":{"line":55,"column":21},"end":{"line":55,"column":22}},"loc":{"start":{"line":55,"column":37},"end":{"line":58,"column":1}},"line":55}},"branchMap":{},"s":{"0":1,"1":1,"2":1,"3":15,"4":15,"5":1},"f":{"0":15},"b":{},"_coverageSchema":"1a1c01bbd47fc00a2c39e90264f33305004495a9","hash":"3ea49527fb64af6e96d1c63bea22038bbc405f1a"}
,"/Users/priyanshsmac/Desktop/google docs clone/google-docs-clone/server/User.js": {"path":"/Users/priyanshsmac/Desktop/google docs clone/google-docs-clone/server/User.js","statementMap":{"0":{"start":{"line":1,"column":26},"end":{"line":1,"column":45}},"1":{"start":{"line":3,"column":13},"end":{"line":18,"column":2}},"2":{"start":{"line":20,"column":0},"end":{"line":20,"column":36}}},"fnMap":{},"branchMap":{},"s":{"0":2,"1":2,"2":2},"f":{},"b":{},"_coverageSchema":"1a1c01bbd47fc00a2c39e90264f33305004495a9","hash":"3ca903bcf7a88a60209ef74f42849d1d06e73cc8"}
,"/Users/priyanshsmac/Desktop/google docs clone/google-docs-clone/server/server.js": {"path":"/Users/priyanshsmac/Desktop/google docs clone/google-docs-clone/server/server.js","statementMap":{"0":{"start":{"line":1,"column":0},"end":{"line":1,"column":26}},"1":{"start":{"line":2,"column":16},"end":{"line":2,"column":34}},"2":{"start":{"line":3,"column":13},"end":{"line":3,"column":28}},"3":{"start":{"line":4,"column":17},"end":{"line":4,"column":36}},"4":{"start":{"line":5,"column":13},"end":{"line":5,"column":28}},"5":{"start":{"line":6,"column":19},"end":{"line":6,"column":39}},"6":{"start":{"line":7,"column":15},"end":{"line":7,"column":32}},"7":{"start":{"line":8,"column":22},"end":{"line":8,"column":55}},"8":{"start":{"line":9,"column":23},"end":{"line":9,"column":58}},"9":{"start":{"line":10,"column":17},"end":{"line":10,"column":38}},"10":{"start":{"line":13,"column":0},"end":{"line":18,"column":2}},"11":{"start":{"line":21,"column":12},"end":{"line":21,"column":21}},"12":{"start":{"line":25,"column":0},"end":{"line":27,"column":3}},"13":{"start":{"line":30,"column":0},"end":{"line":35,"column":3}},"14":{"start":{"line":38,"column":0},"end":{"line":38,"column":40}},"15":{"start":{"line":39,"column":0},"end":{"line":39,"column":63}},"16":{"start":{"line":46,"column":0},"end":{"line":46,"column":28}},"17":{"start":{"line":49,"column":0},"end":{"line":49,"column":52}},"18":{"start":{"line":50,"column":0},"end":{"line":50,"column":61}},"19":{"start":{"line":51,"column":0},"end":{"line":51,"column":48}},"20":{"start":{"line":54,"column":15},"end":{"line":54,"column":37}},"21":{"start":{"line":57,"column":11},"end":{"line":62,"column":2}},"22":{"start":{"line":64,"column":21},"end":{"line":64,"column":23}},"23":{"start":{"line":67,"column":22},"end":{"line":67,"column":31}},"24":{"start":{"line":71,"column":17},"end":{"line":74,"column":3}},"25":{"start":{"line":75,"column":2},"end":{"line":75,"column":58}},"26":{"start":{"line":78,"column":0},"end":{"line":173,"column":2}},"27":{"start":{"line":79,"column":2},"end":{"line":79,"column":43}},"28":{"start":{"line":81,"column":2},"end":{"line":172,"column":4}},"29":{"start":{"line":82,"column":21},"end":{"line":82,"column":59}},"30":{"start":{"line":83,"column":4},"end":{"line":83,"column":27}},"31":{"start":{"line":86,"column":4},"end":{"line":88,"column":5}},"32":{"start":{"line":87,"column":6},"end":{"line":87,"column":46}},"33":{"start":{"line":91,"column":21},"end":{"line":96,"column":5}},"34":{"start":{"line":98,"column":18},"end":{"line":98,"column":47}},"35":{"start":{"line":99,"column":4},"end":{"line":99,"column":23}},"36":{"start":{"line":102,"column":4},"end":{"line":102,"column":47}},"37":{"start":{"line":105,"column":24},"end":{"line":109,"column":7}},"38":{"start":{"line":105,"column":52},"end":{"line":109,"column":5}},"39":{"start":{"line":111,"column":4},"end":{"line":118,"column":6}},"40":{"start":{"line":121,"column":4},"end":{"line":123,"column":6}},"41":{"start":{"line":122,"column":6},"end":{"line":122,"column":68}},"42":{"start":{"line":126,"column":4},"end":{"line":133,"column":6}},"43":{"start":{"line":127,"column":6},"end":{"line":132,"column":8}},"44":{"start":{"line":136,"column":4},"end":{"line":139,"column":6}},"45":{"start":{"line":137,"column":6},"end":{"line":137,"column":60}},"46":{"start":{"line":138,"column":6},"end":{"line":138,"column":46}},"47":{"start":{"line":142,"column":4},"end":{"line":171,"column":6}},"48":{"start":{"line":143,"column":6},"end":{"line":143,"column":50}},"49":{"start":{"line":145,"column":6},"end":{"line":170,"column":7}},"50":{"start":{"line":146,"column":22},"end":{"line":146,"column":51}},"51":{"start":{"line":148,"column":8},"end":{"line":164,"column":9}},"52":{"start":{"line":149,"column":10},"end":{"line":163,"column":11}},"53":{"start":{"line":150,"column":12},"end":{"line":150,"column":30}},"54":{"start":{"line":153,"column":12},"end":{"line":161,"column":14}},"55":{"start":{"line":156,"column":55},"end":{"line":160,"column":15}},"56":{"start":{"line":162,"column":12},"end":{"line":162,"column":17}},"57":{"start":{"line":167,"column":8},"end":{"line":169,"column":9}},"58":{"start":{"line":168,"column":10},"end":{"line":168,"column":42}},"59":{"start":{"line":176,"column":2},"end":{"line":176,"column":24}},"60":{"start":{"line":176,"column":18},"end":{"line":176,"column":24}},"61":{"start":{"line":178,"column":19},"end":{"line":178,"column":46}},"62":{"start":{"line":179,"column":2},"end":{"line":179,"column":31}},"63":{"start":{"line":179,"column":16},"end":{"line":179,"column":31}},"64":{"start":{"line":180,"column":2},"end":{"line":180,"column":63}},"65":{"start":{"line":183,"column":13},"end":{"line":183,"column":37}},"66":{"start":{"line":185,"column":0},"end":{"line":187,"column":2}},"67":{"start":{"line":186,"column":2},"end":{"line":186,"column":50}}},"fnMap":{"0":{"name":"generateUserColor","decl":{"start":{"line":70,"column":9},"end":{"line":70,"column":26}},"loc":{"start":{"line":70,"column":29},"end":{"line":76,"column":1}},"line":70},"1":{"name":"(anonymous_1)","decl":{"start":{"line":78,"column":20},"end":{"line":78,"column":21}},"loc":{"start":{"line":78,"column":30},"end":{"line":173,"column":1}},"line":78},"2":{"name":"(anonymous_2)","decl":{"start":{"line":81,"column":28},"end":{"line":81,"column":29}},"loc":{"start":{"line":81,"column":60},"end":{"line":172,"column":3}},"line":81},"3":{"name":"(anonymous_3)","decl":{"start":{"line":105,"column":46},"end":{"line":105,"column":47}},"loc":{"start":{"line":105,"column":52},"end":{"line":109,"column":5}},"line":105},"4":{"name":"(anonymous_4)","decl":{"start":{"line":121,"column":30},"end":{"line":121,"column":31}},"loc":{"start":{"line":121,"column":39},"end":{"line":123,"column":5}},"line":121},"5":{"name":"(anonymous_5)","decl":{"start":{"line":126,"column":29},"end":{"line":126,"column":30}},"loc":{"start":{"line":126,"column":43},"end":{"line":133,"column":5}},"line":126},"6":{"name":"(anonymous_6)","decl":{"start":{"line":136,"column":31},"end":{"line":136,"column":32}},"loc":{"start":{"line":136,"column":45},"end":{"line":139,"column":5}},"line":136},"7":{"name":"(anonymous_7)","decl":{"start":{"line":142,"column":28},"end":{"line":142,"column":29}},"loc":{"start":{"line":142,"column":34},"end":{"line":171,"column":5}},"line":142},"8":{"name":"(anonymous_8)","decl":{"start":{"line":156,"column":49},"end":{"line":156,"column":50}},"loc":{"start":{"line":156,"column":55},"end":{"line":160,"column":15}},"line":156},"9":{"name":"findOrCreateDocument","decl":{"start":{"line":175,"column":15},"end":{"line":175,"column":35}},"loc":{"start":{"line":175,"column":40},"end":{"line":181,"column":1}},"line":175},"10":{"name":"(anonymous_10)","decl":{"start":{"line":185,"column":20},"end":{"line":185,"column":21}},"loc":{"start":{"line":185,"column":26},"end":{"line":187,"column":1}},"line":185}},"branchMap":{"0":{"loc":{"start":{"line":13,"column":17},"end":{"line":13,"column":81}},"type":"binary-expr","locations":[{"start":{"line":13,"column":17},"end":{"line":13,"column":38}},{"start":{"line":13,"column":42},"end":{"line":13,"column":81}}],"line":13},"1":{"loc":{"start":{"line":31,"column":10},"end":{"line":31,"column":59}},"type":"binary-expr","locations":[{"start":{"line":31,"column":10},"end":{"line":31,"column":32}},{"start":{"line":31,"column":36},"end":{"line":31,"column":59}}],"line":31},"2":{"loc":{"start":{"line":86,"column":4},"end":{"line":88,"column":5}},"type":"if","locations":[{"start":{"line":86,"column":4},"end":{"line":88,"column":5}},{"start":{},"end":{}}],"line":86},"3":{"loc":{"start":{"line":93,"column":14},"end":{"line":93,"column":36}},"type":"binary-expr","locations":[{"start":{"line":93,"column":14},"end":{"line":93,"column":23}},{"start":{"line":93,"column":27},"end":{"line":93,"column":36}}],"line":93},"4":{"loc":{"start":{"line":94,"column":16},"end":{"line":94,"column":45}},"type":"binary-expr","locations":[{"start":{"line":94,"column":16},"end":{"line":94,"column":30}},{"start":{"line":94,"column":34},"end":{"line":94,"column":45}}],"line":94},"5":{"loc":{"start":{"line":145,"column":6},"end":{"line":170,"column":7}},"type":"if","locations":[{"start":{"line":145,"column":6},"end":{"line":170,"column":7}},{"start":{},"end":{}}],"line":145},"6":{"loc":{"start":{"line":149,"column":10},"end":{"line":163,"column":11}},"type":"if","locations":[{"start":{"line":149,"column":10},"end":{"line":163,"column":11}},{"start":{},"end":{}}],"line":149},"7":{"loc":{"start":{"line":167,"column":8},"end":{"line":169,"column":9}},"type":"if","locations":[{"start":{"line":167,"column":8},"end":{"line":169,"column":9}},{"start":{},"end":{}}],"line":167},"8":{"loc":{"start":{"line":176,"column":2},"end":{"line":176,"column":24}},"type":"if","locations":[{"start":{"line":176,"column":2},"end":{"line":176,"column":24}},{"start":{},"end":{}}],"line":176},"9":{"loc":{"start":{"line":179,"column":2},"end":{"line":179,"column":31}},"type":"if","locations":[{"start":{"line":179,"column":2},"end":{"line":179,"column":31}},{"start":{},"end":{}}],"line":179},"10":{"loc":{"start":{"line":183,"column":13},"end":{"line":183,"column":37}},"type":"binary-expr","locations":[{"start":{"line":183,"column":13},"end":{"line":183,"column":29}},{"start":{"line":183,"column":33},"end":{"line":183,"column":37}}],"line":183}},"s":{"0":0,"1":0,"2":0,"3":0,"4":0,"5":0,"6":0,"7":0,"8":0,"9":0,"10":0,"11":0,"12":0,"13":0,"14":0,"15":0,"16":0,"17":0,"18":0,"19":0,"20":0,"21":0,"22":0,"23":0,"24":0,"25":0,"26":0,"27":0,"28":0,"29":0,"30":0,"31":0,"32":0,"33":0,"34":0,"35":0,"36":0,"37":0,"38":0,"39":0,"40":0,"41":0,"42":0,"43":0,"44":0,"45":0,"46":0,"47":0,"48":0,"49":0,"50":0,"51":0,"52":0,"53":0,"54":0,"55":0,"56":0,"57":0,"58":0,"59":0,"60":0,"61":0,"62":0,"63":0,"64":0,"65":0,"66":0,"67":0},"f":{"0":0,"1":0,"2":0,"3":0,"4":0,"5":0,"6":0,"7":0,"8":0,"9":0,"10":0},"b":{"0":[0,0],"1":[0,0],"2":[0,0],"3":[0,0],"4":[0,0],"5":[0,0],"6":[0,0],"7":[0,0],"8":[0,0],"9":[0,0],"10":[0,0]}}
,"/Users/priyanshsmac/Desktop/google docs clone/google-docs-clone/server/controllers/aiController.js": {"path":"/Users/priyanshsmac/Desktop/google docs clone/google-docs-clone/server/controllers/aiController.js","statementMap":{"0":{"start":{"line":1,"column":31},"end":{"line":1,"column":63}},"1":{"start":{"line":4,"column":14},"end":{"line":4,"column":64}},"2":{"start":{"line":7,"column":0},"end":{"line":69,"column":1}},"3":{"start":{"line":8,"column":4},"end":{"line":68,"column":5}},"4":{"start":{"line":9,"column":33},"end":{"line":9,"column":41}},"5":{"start":{"line":11,"column":8},"end":{"line":13,"column":9}},"6":{"start":{"line":12,"column":12},"end":{"line":12,"column":72}},"7":{"start":{"line":15,"column":8},"end":{"line":17,"column":9}},"8":{"start":{"line":16,"column":12},"end":{"line":16,"column":74}},"9":{"start":{"line":19,"column":21},"end":{"line":19,"column":23}},"10":{"start":{"line":21,"column":8},"end":{"line":39,"column":9}},"11":{"start":{"line":23,"column":16},"end":{"line":23,"column":179}},"12":{"start":{"line":24,"column":16},"end":{"line":24,"column":21}},"13":{"start":{"line":26,"column":16},"end":{"line":26,"column":125}},"14":{"start":{"line":27,"column":16},"end":{"line":27,"column":21}},"15":{"start":{"line":29,"column":16},"end":{"line":29,"column":190}},"16":{"start":{"line":30,"column":16},"end":{"line":30,"column":21}},"17":{"start":{"line":32,"column":16},"end":{"line":32,"column":139}},"18":{"start":{"line":33,"column":16},"end":{"line":33,"column":21}},"19":{"start":{"line":35,"column":16},"end":{"line":35,"column":179}},"20":{"start":{"line":36,"column":16},"end":{"line":36,"column":21}},"21":{"start":{"line":38,"column":16},"end":{"line":38,"column":74}},"22":{"start":{"line":42,"column":22},"end":{"line":42,"column":77}},"23":{"start":{"line":45,"column":23},"end":{"line":45,"column":58}},"24":{"start":{"line":46,"column":25},"end":{"line":46,"column":46}},"25":{"start":{"line":47,"column":30},"end":{"line":47,"column":45}},"26":{"start":{"line":49,"column":8},"end":{"line":53,"column":10}},"27":{"start":{"line":55,"column":8},"end":{"line":55,"column":60}},"28":{"start":{"line":58,"column":8},"end":{"line":62,"column":9}},"29":{"start":{"line":59,"column":12},"end":{"line":61,"column":14}},"30":{"start":{"line":64,"column":8},"end":{"line":67,"column":10}}},"fnMap":{"0":{"name":"(anonymous_0)","decl":{"start":{"line":7,"column":20},"end":{"line":7,"column":21}},"loc":{"start":{"line":7,"column":40},"end":{"line":69,"column":1}},"line":7}},"branchMap":{"0":{"loc":{"start":{"line":11,"column":8},"end":{"line":13,"column":9}},"type":"if","locations":[{"start":{"line":11,"column":8},"end":{"line":13,"column":9}},{"start":{},"end":{}}],"line":11},"1":{"loc":{"start":{"line":15,"column":8},"end":{"line":17,"column":9}},"type":"if","locations":[{"start":{"line":15,"column":8},"end":{"line":17,"column":9}},{"start":{},"end":{}}],"line":15},"2":{"loc":{"start":{"line":21,"column":8},"end":{"line":39,"column":9}},"type":"switch","locations":[{"start":{"line":22,"column":12},"end":{"line":24,"column":21}},{"start":{"line":25,"column":12},"end":{"line":27,"column":21}},{"start":{"line":28,"column":12},"end":{"line":30,"column":21}},{"start":{"line":31,"column":12},"end":{"line":33,"column":21}},{"start":{"line":34,"column":12},"end":{"line":36,"column":21}},{"start":{"line":37,"column":12},"end":{"line":38,"column":74}}],"line":21},"3":{"loc":{"start":{"line":58,"column":8},"end":{"line":62,"column":9}},"type":"if","locations":[{"start":{"line":58,"column":8},"end":{"line":62,"column":9}},{"start":{},"end":{}}],"line":58},"4":{"loc":{"start":{"line":58,"column":12},"end":{"line":58,"column":62}},"type":"binary-expr","locations":[{"start":{"line":58,"column":12},"end":{"line":58,"column":25}},{"start":{"line":58,"column":29},"end":{"line":58,"column":62}}],"line":58}},"s":{"0":0,"1":0,"2":0,"3":0,"4":0,"5":0,"6":0,"7":0,"8":0,"9":0,"10":0,"11":0,"12":0,"13":0,"14":0,"15":0,"16":0,"17":0,"18":0,"19":0,"20":0,"21":0,"22":0,"23":0,"24":0,"25":0,"26":0,"27":0,"28":0,"29":0,"30":0},"f":{"0":0},"b":{"0":[0,0],"1":[0,0],"2":[0,0,0,0,0,0],"3":[0,0],"4":[0,0]}}
,"/Users/priyanshsmac/Desktop/google docs clone/google-docs-clone/server/controllers/authController.js": {"path":"/Users/priyanshsmac/Desktop/google docs clone/google-docs-clone/server/controllers/authController.js","statementMap":{"0":{"start":{"line":1,"column":15},"end":{"line":1,"column":34}},"1":{"start":{"line":2,"column":12},"end":{"line":2,"column":35}},"2":{"start":{"line":3,"column":13},"end":{"line":3,"column":31}},"3":{"start":{"line":6,"column":22},"end":{"line":10,"column":1}},"4":{"start":{"line":7,"column":4},"end":{"line":9,"column":6}},"5":{"start":{"line":15,"column":21},"end":{"line":55,"column":1}},"6":{"start":{"line":16,"column":4},"end":{"line":54,"column":5}},"7":{"start":{"line":17,"column":46},"end":{"line":17,"column":54}},"8":{"start":{"line":19,"column":8},"end":{"line":21,"column":9}},"9":{"start":{"line":20,"column":12},"end":{"line":20,"column":81}},"10":{"start":{"line":24,"column":27},"end":{"line":24,"column":56}},"11":{"start":{"line":26,"column":8},"end":{"line":28,"column":9}},"12":{"start":{"line":27,"column":12},"end":{"line":27,"column":75}},"13":{"start":{"line":31,"column":21},"end":{"line":31,"column":45}},"14":{"start":{"line":32,"column":31},"end":{"line":32,"column":64}},"15":{"start":{"line":35,"column":21},"end":{"line":39,"column":10}},"16":{"start":{"line":41,"column":8},"end":{"line":50,"column":9}},"17":{"start":{"line":42,"column":12},"end":{"line":47,"column":14}},"18":{"start":{"line":49,"column":12},"end":{"line":49,"column":66}},"19":{"start":{"line":52,"column":8},"end":{"line":52,"column":28}},"20":{"start":{"line":53,"column":8},"end":{"line":53,"column":57}},"21":{"start":{"line":60,"column":18},"end":{"line":81,"column":1}},"22":{"start":{"line":61,"column":4},"end":{"line":80,"column":5}},"23":{"start":{"line":62,"column":36},"end":{"line":62,"column":44}},"24":{"start":{"line":65,"column":21},"end":{"line":65,"column":50}},"25":{"start":{"line":67,"column":8},"end":{"line":76,"column":9}},"26":{"start":{"line":68,"column":12},"end":{"line":73,"column":14}},"27":{"start":{"line":75,"column":12},"end":{"line":75,"column":68}},"28":{"start":{"line":78,"column":8},"end":{"line":78,"column":28}},"29":{"start":{"line":79,"column":8},"end":{"line":79,"column":57}},"30":{"start":{"line":86,"column":14},"end":{"line":94,"column":1}},"31":{"start":{"line":87,"column":4},"end":{"line":93,"column":5}},"32":{"start":{"line":88,"column":21},"end":{"line":88,"column":73}},"33":{"start":{"line":89,"column":8},"end":{"line":89,"column":34}},"34":{"start":{"line":91,"column":8},"end":{"line":91,"column":28}},"35":{"start":{"line":92,"column":8},"end":{"line":92,"column":57}},"36":{"start":{"line":96,"column":0},"end":{"line":100,"column":1}}},"fnMap":{"0":{"name":"(anonymous_0)","decl":{"start":{"line":6,"column":22},"end":{"line":6,"column":23}},"loc":{"start":{"line":6,"column":30},"end":{"line":10,"column":1}},"line":6},"1":{"name":"(anonymous_1)","decl":{"start":{"line":15,"column":21},"end":{"line":15,"column":22}},"loc":{"start":{"line":15,"column":41},"end":{"line":55,"column":1}},"line":15},"2":{"name":"(anonymous_2)","decl":{"start":{"line":60,"column":18},"end":{"line":60,"column":19}},"loc":{"start":{"line":60,"column":38},"end":{"line":81,"column":1}},"line":60},"3":{"name":"(anonymous_3)","decl":{"start":{"line":86,"column":14},"end":{"line":86,"column":15}},"loc":{"start":{"line":86,"column":34},"end":{"line":94,"column":1}},"line":86}},"branchMap":{"0":{"loc":{"start":{"line":19,"column":8},"end":{"line":21,"column":9}},"type":"if","locations":[{"start":{"line":19,"column":8},"end":{"line":21,"column":9}},{"start":{},"end":{}}],"line":19},"1":{"loc":{"start":{"line":19,"column":12},"end":{"line":19,"column":44}},"type":"binary-expr","locations":[{"start":{"line":19,"column":12},"end":{"line":19,"column":21}},{"start":{"line":19,"column":25},"end":{"line":19,"column":31}},{"start":{"line":19,"column":35},"end":{"line":19,"column":44}}],"line":19},"2":{"loc":{"start":{"line":26,"column":8},"end":{"line":28,"column":9}},"type":"if","locations":[{"start":{"line":26,"column":8},"end":{"line":28,"column":9}},{"start":{},"end":{}}],"line":26},"3":{"loc":{"start":{"line":41,"column":8},"end":{"line":50,"column":9}},"type":"if","locations":[{"start":{"line":41,"column":8},"end":{"line":50,"column":9}},{"start":{"line":48,"column":15},"end":{"line":50,"column":9}}],"line":41},"4":{"loc":{"start":{"line":67,"column":8},"end":{"line":76,"column":9}},"type":"if","locations":[{"start":{"line":67,"column":8},"end":{"line":76,"column":9}},{"start":{"line":74,"column":15},"end":{"line":76,"column":9}}],"line":67},"5":{"loc":{"start":{"line":67,"column":12},"end":{"line":67,"column":67}},"type":"binary-expr","locations":[{"start":{"line":67,"column":12},"end":{"line":67,"column":16}},{"start":{"line":67,"column":21},"end":{"line":67,"column":66}}],"line":67}},"s":{"0":2,"1":2,"2":2,"3":2,"4":18,"5":2,"6":20,"7":20,"8":20,"9":0,"10":20,"11":20,"12":1,"13":19,"14":19,"15":19,"16":17,"17":17,"18":0,"19":2,"20":2,"21":2,"22":3,"23":3,"24":3,"25":3,"26":1,"27":2,"28":0,"29":0,"30":2,"31":1,"32":1,"33":1,"34":0,"35":0,"36":2},"f":{"0":18,"1":20,"2":3,"3":1},"b":{"0":[0,20],"1":[20,20,20],"2":[1,19],"3":[17,0],"4":[1,2],"5":[3,2]},"_coverageSchema":"1a1c01bbd47fc00a2c39e90264f33305004495a9","hash":"2873fbe470fd3edb0df63fd4ec81007c24320dea"}
,"/Users/priyanshsmac/Desktop/google docs clone/google-docs-clone/server/controllers/documentController.js": {"path":"/Users/priyanshsmac/Desktop/google docs clone/google-docs-clone/server/controllers/documentController.js","statementMap":{"0":{"start":{"line":1,"column":17},"end":{"line":1,"column":39}},"1":{"start":{"line":2,"column":15},"end":{"line":2,"column":32}},"2":{"start":{"line":5,"column":0},"end":{"line":23,"column":1}},"3":{"start":{"line":6,"column":4},"end":{"line":22,"column":5}},"4":{"start":{"line":7,"column":38},"end":{"line":7,"column":46}},"5":{"start":{"line":9,"column":25},"end":{"line":15,"column":10}},"6":{"start":{"line":17,"column":8},"end":{"line":17,"column":29}},"7":{"start":{"line":18,"column":8},"end":{"line":18,"column":38}},"8":{"start":{"line":20,"column":8},"end":{"line":20,"column":56}},"9":{"start":{"line":21,"column":8},"end":{"line":21,"column":70}},"10":{"start":{"line":26,"column":0},"end":{"line":43,"column":1}},"11":{"start":{"line":27,"column":4},"end":{"line":42,"column":5}},"12":{"start":{"line":28,"column":26},"end":{"line":36,"column":48}},"13":{"start":{"line":38,"column":8},"end":{"line":38,"column":27}},"14":{"start":{"line":40,"column":8},"end":{"line":40,"column":57}},"15":{"start":{"line":41,"column":8},"end":{"line":41,"column":70}},"16":{"start":{"line":46,"column":0},"end":{"line":73,"column":1}},"17":{"start":{"line":47,"column":4},"end":{"line":72,"column":5}},"18":{"start":{"line":48,"column":23},"end":{"line":48,"column":33}},"19":{"start":{"line":50,"column":25},"end":{"line":52,"column":61}},"20":{"start":{"line":54,"column":8},"end":{"line":56,"column":9}},"21":{"start":{"line":55,"column":12},"end":{"line":55,"column":74}},"22":{"start":{"line":59,"column":24},"end":{"line":59,"column":69}},"23":{"start":{"line":60,"column":31},"end":{"line":62,"column":9}},"24":{"start":{"line":61,"column":22},"end":{"line":61,"column":64}},"25":{"start":{"line":64,"column":8},"end":{"line":66,"column":9}},"26":{"start":{"line":65,"column":12},"end":{"line":65,"column":69}},"27":{"start":{"line":68,"column":8},"end":{"line":68,"column":26}},"28":{"start":{"line":70,"column":8},"end":{"line":70,"column":56}},"29":{"start":{"line":71,"column":8},"end":{"line":71,"column":69}},"30":{"start":{"line":76,"column":0},"end":{"line":97,"column":1}},"31":{"start":{"line":77,"column":4},"end":{"line":96,"column":5}},"32":{"start":{"line":78,"column":23},"end":{"line":78,"column":33}},"33":{"start":{"line":80,"column":25},"end":{"line":80,"column":52}},"34":{"start":{"line":82,"column":8},"end":{"line":84,"column":9}},"35":{"start":{"line":83,"column":12},"end":{"line":83,"column":74}},"36":{"start":{"line":87,"column":8},"end":{"line":89,"column":9}},"37":{"start":{"line":88,"column":12},"end":{"line":88,"column":95}},"38":{"start":{"line":91,"column":8},"end":{"line":91,"column":44}},"39":{"start":{"line":92,"column":8},"end":{"line":92,"column":62}},"40":{"start":{"line":94,"column":8},"end":{"line":94,"column":56}},"41":{"start":{"line":95,"column":8},"end":{"line":95,"column":70}},"42":{"start":{"line":100,"column":0},"end":{"line":129,"column":1}},"43":{"start":{"line":101,"column":4},"end":{"line":128,"column":5}},"44":{"start":{"line":102,"column":23},"end":{"line":102,"column":33}},"45":{"start":{"line":103,"column":26},"end":{"line":103,"column":34}},"46":{"start":{"line":105,"column":25},"end":{"line":105,"column":52}},"47":{"start":{"line":107,"column":8},"end":{"line":109,"column":9}},"48":{"start":{"line":108,"column":12},"end":{"line":108,"column":74}},"49":{"start":{"line":112,"column":24},"end":{"line":112,"column":65}},"50":{"start":{"line":113,"column":36},"end":{"line":115,"column":9}},"51":{"start":{"line":114,"column":22},"end":{"line":114,"column":94}},"52":{"start":{"line":117,"column":8},"end":{"line":119,"column":9}},"53":{"start":{"line":118,"column":12},"end":{"line":118,"column":69}},"54":{"start":{"line":121,"column":8},"end":{"line":121,"column":30}},"55":{"start":{"line":122,"column":8},"end":{"line":122,"column":29}},"56":{"start":{"line":124,"column":8},"end":{"line":124,"column":26}},"57":{"start":{"line":126,"column":8},"end":{"line":126,"column":56}},"58":{"start":{"line":127,"column":8},"end":{"line":127,"column":70}},"59":{"start":{"line":132,"column":0},"end":{"line":177,"column":1}},"60":{"start":{"line":133,"column":4},"end":{"line":176,"column":5}},"61":{"start":{"line":134,"column":23},"end":{"line":134,"column":33}},"62":{"start":{"line":135,"column":31},"end":{"line":135,"column":39}},"63":{"start":{"line":137,"column":25},"end":{"line":137,"column":52}},"64":{"start":{"line":139,"column":8},"end":{"line":141,"column":9}},"65":{"start":{"line":140,"column":12},"end":{"line":140,"column":74}},"66":{"start":{"line":144,"column":8},"end":{"line":146,"column":9}},"67":{"start":{"line":145,"column":12},"end":{"line":145,"column":95}},"68":{"start":{"line":149,"column":8},"end":{"line":151,"column":9}},"69":{"start":{"line":150,"column":12},"end":{"line":150,"column":79}},"70":{"start":{"line":154,"column":22},"end":{"line":154,"column":60}},"71":{"start":{"line":156,"column":8},"end":{"line":161,"column":9}},"72":{"start":{"line":163,"column":8},"end":{"line":163,"column":29}},"73":{"start":{"line":165,"column":25},"end":{"line":165,"column":110}},"74":{"start":{"line":167,"column":8},"end":{"line":172,"column":10}},"75":{"start":{"line":174,"column":8},"end":{"line":174,"column":60}},"76":{"start":{"line":175,"column":8},"end":{"line":175,"column":74}},"77":{"start":{"line":180,"column":0},"end":{"line":205,"column":1}},"78":{"start":{"line":181,"column":4},"end":{"line":204,"column":5}},"79":{"start":{"line":182,"column":23},"end":{"line":182,"column":33}},"80":{"start":{"line":184,"column":25},"end":{"line":184,"column":52}},"81":{"start":{"line":186,"column":8},"end":{"line":188,"column":9}},"82":{"start":{"line":187,"column":12},"end":{"line":187,"column":74}},"83":{"start":{"line":191,"column":8},"end":{"line":193,"column":9}},"84":{"start":{"line":192,"column":12},"end":{"line":192,"column":94}},"85":{"start":{"line":195,"column":8},"end":{"line":198,"column":9}},"86":{"start":{"line":196,"column":12},"end":{"line":196,"column":46}},"87":{"start":{"line":197,"column":12},"end":{"line":197,"column":33}},"88":{"start":{"line":200,"column":8},"end":{"line":200,"column":65}},"89":{"start":{"line":202,"column":8},"end":{"line":202,"column":59}},"90":{"start":{"line":203,"column":8},"end":{"line":203,"column":73}},"91":{"start":{"line":208,"column":0},"end":{"line":236,"column":1}},"92":{"start":{"line":209,"column":4},"end":{"line":235,"column":5}},"93":{"start":{"line":210,"column":23},"end":{"line":210,"column":33}},"94":{"start":{"line":211,"column":26},"end":{"line":211,"column":35}},"95":{"start":{"line":213,"column":25},"end":{"line":215,"column":61}},"96":{"start":{"line":217,"column":8},"end":{"line":219,"column":9}},"97":{"start":{"line":218,"column":12},"end":{"line":218,"column":74}},"98":{"start":{"line":222,"column":8},"end":{"line":226,"column":9}},"99":{"start":{"line":225,"column":12},"end":{"line":225,"column":85}},"100":{"start":{"line":228,"column":8},"end":{"line":231,"column":10}},"101":{"start":{"line":233,"column":8},"end":{"line":233,"column":64}},"102":{"start":{"line":234,"column":8},"end":{"line":234,"column":77}},"103":{"start":{"line":239,"column":0},"end":{"line":277,"column":1}},"104":{"start":{"line":240,"column":4},"end":{"line":276,"column":5}},"105":{"start":{"line":241,"column":23},"end":{"line":241,"column":33}},"106":{"start":{"line":242,"column":39},"end":{"line":242,"column":47}},"107":{"start":{"line":244,"column":25},"end":{"line":244,"column":52}},"108":{"start":{"line":246,"column":8},"end":{"line":248,"column":9}},"109":{"start":{"line":247,"column":12},"end":{"line":247,"column":74}},"110":{"start":{"line":251,"column":8},"end":{"line":253,"column":9}},"111":{"start":{"line":252,"column":12},"end":{"line":252,"column":92}},"112":{"start":{"line":256,"column":37},"end":{"line":258,"column":9}},"113":{"start":{"line":257,"column":22},"end":{"line":257,"column":55}},"114":{"start":{"line":260,"column":8},"end":{"line":262,"column":9}},"115":{"start":{"line":261,"column":12},"end":{"line":261,"column":86}},"116":{"start":{"line":264,"column":8},"end":{"line":267,"column":10}},"117":{"start":{"line":269,"column":8},"end":{"line":269,"column":29}},"118":{"start":{"line":270,"column":8},"end":{"line":270,"column":71}},"119":{"start":{"line":272,"column":8},"end":{"line":272,"column":26}},"120":{"start":{"line":274,"column":8},"end":{"line":274,"column":58}},"121":{"start":{"line":275,"column":8},"end":{"line":275,"column":71}},"122":{"start":{"line":280,"column":0},"end":{"line":306,"column":1}},"123":{"start":{"line":281,"column":4},"end":{"line":305,"column":5}},"124":{"start":{"line":282,"column":31},"end":{"line":282,"column":41}},"125":{"start":{"line":284,"column":25},"end":{"line":284,"column":52}},"126":{"start":{"line":286,"column":8},"end":{"line":288,"column":9}},"127":{"start":{"line":287,"column":12},"end":{"line":287,"column":74}},"128":{"start":{"line":291,"column":8},"end":{"line":293,"column":9}},"129":{"start":{"line":292,"column":12},"end":{"line":292,"column":95}},"130":{"start":{"line":295,"column":8},"end":{"line":297,"column":9}},"131":{"start":{"line":296,"column":22},"end":{"line":296,"column":55}},"132":{"start":{"line":299,"column":8},"end":{"line":299,"column":29}},"133":{"start":{"line":301,"column":8},"end":{"line":301,"column":66}},"134":{"start":{"line":303,"column":8},"end":{"line":303,"column":60}},"135":{"start":{"line":304,"column":8},"end":{"line":304,"column":74}}},"fnMap":{"0":{"name":"(anonymous_0)","decl":{"start":{"line":5,"column":25},"end":{"line":5,"column":26}},"loc":{"start":{"line":5,"column":45},"end":{"line":23,"column":1}},"line":5},"1":{"name":"(anonymous_1)","decl":{"start":{"line":26,"column":27},"end":{"line":26,"column":28}},"loc":{"start":{"line":26,"column":47},"end":{"line":43,"column":1}},"line":26},"2":{"name":"(anonymous_2)","decl":{"start":{"line":46,"column":22},"end":{"line":46,"column":23}},"loc":{"start":{"line":46,"column":42},"end":{"line":73,"column":1}},"line":46},"3":{"name":"(anonymous_3)","decl":{"start":{"line":61,"column":12},"end":{"line":61,"column":13}},"loc":{"start":{"line":61,"column":22},"end":{"line":61,"column":64}},"line":61},"4":{"name":"(anonymous_4)","decl":{"start":{"line":76,"column":25},"end":{"line":76,"column":26}},"loc":{"start":{"line":76,"column":45},"end":{"line":97,"column":1}},"line":76},"5":{"name":"(anonymous_5)","decl":{"start":{"line":100,"column":30},"end":{"line":100,"column":31}},"loc":{"start":{"line":100,"column":50},"end":{"line":129,"column":1}},"line":100},"6":{"name":"(anonymous_6)","decl":{"start":{"line":114,"column":12},"end":{"line":114,"column":13}},"loc":{"start":{"line":114,"column":22},"end":{"line":114,"column":94}},"line":114},"7":{"name":"(anonymous_7)","decl":{"start":{"line":132,"column":28},"end":{"line":132,"column":29}},"loc":{"start":{"line":132,"column":48},"end":{"line":177,"column":1}},"line":132},"8":{"name":"(anonymous_8)","decl":{"start":{"line":180,"column":27},"end":{"line":180,"column":28}},"loc":{"start":{"line":180,"column":47},"end":{"line":205,"column":1}},"line":180},"9":{"name":"(anonymous_9)","decl":{"start":{"line":208,"column":31},"end":{"line":208,"column":32}},"loc":{"start":{"line":208,"column":51},"end":{"line":236,"column":1}},"line":208},"10":{"name":"(anonymous_10)","decl":{"start":{"line":239,"column":26},"end":{"line":239,"column":27}},"loc":{"start":{"line":239,"column":46},"end":{"line":277,"column":1}},"line":239},"11":{"name":"(anonymous_11)","decl":{"start":{"line":257,"column":12},"end":{"line":257,"column":13}},"loc":{"start":{"line":257,"column":22},"end":{"line":257,"column":55}},"line":257},"12":{"name":"(anonymous_12)","decl":{"start":{"line":280,"column":29},"end":{"line":280,"column":30}},"loc":{"start":{"line":280,"column":49},"end":{"line":306,"column":1}},"line":280},"13":{"name":"(anonymous_13)","decl":{"start":{"line":296,"column":12},"end":{"line":296,"column":13}},"loc":{"start":{"line":296,"column":22},"end":{"line":296,"column":55}},"line":296}},"branchMap":{"0":{"loc":{"start":{"line":11,"column":19},"end":{"line":11,"column":47}},"type":"binary-expr","locations":[{"start":{"line":11,"column":19},"end":{"line":11,"column":24}},{"start":{"line":11,"column":28},"end":{"line":11,"column":47}}],"line":11},"1":{"loc":{"start":{"line":54,"column":8},"end":{"line":56,"column":9}},"type":"if","locations":[{"start":{"line":54,"column":8},"end":{"line":56,"column":9}},{"start":{},"end":{}}],"line":54},"2":{"loc":{"start":{"line":64,"column":8},"end":{"line":66,"column":9}},"type":"if","locations":[{"start":{"line":64,"column":8},"end":{"line":66,"column":9}},{"start":{},"end":{}}],"line":64},"3":{"loc":{"start":{"line":64,"column":12},"end":{"line":64,"column":39}},"type":"binary-expr","locations":[{"start":{"line":64,"column":12},"end":{"line":64,"column":20}},{"start":{"line":64,"column":24},"end":{"line":64,"column":39}}],"line":64},"4":{"loc":{"start":{"line":82,"column":8},"end":{"line":84,"column":9}},"type":"if","locations":[{"start":{"line":82,"column":8},"end":{"line":84,"column":9}},{"start":{},"end":{}}],"line":82},"5":{"loc":{"start":{"line":87,"column":8},"end":{"line":89,"column":9}},"type":"if","locations":[{"start":{"line":87,"column":8},"end":{"line":89,"column":9}},{"start":{},"end":{}}],"line":87},"6":{"loc":{"start":{"line":107,"column":8},"end":{"line":109,"column":9}},"type":"if","locations":[{"start":{"line":107,"column":8},"end":{"line":109,"column":9}},{"start":{},"end":{}}],"line":107},"7":{"loc":{"start":{"line":114,"column":22},"end":{"line":114,"column":94}},"type":"binary-expr","locations":[{"start":{"line":114,"column":22},"end":{"line":114,"column":60}},{"start":{"line":114,"column":64},"end":{"line":114,"column":94}}],"line":114},"8":{"loc":{"start":{"line":117,"column":8},"end":{"line":119,"column":9}},"type":"if","locations":[{"start":{"line":117,"column":8},"end":{"line":119,"column":9}},{"start":{},"end":{}}],"line":117},"9":{"loc":{"start":{"line":117,"column":12},"end":{"line":117,"column":44}},"type":"binary-expr","locations":[{"start":{"line":117,"column":12},"end":{"line":117,"column":20}},{"start":{"line":117,"column":24},"end":{"line":117,"column":44}}],"line":117},"10":{"loc":{"start":{"line":139,"column":8},"end":{"line":141,"column":9}},"type":"if","locations":[{"start":{"line":139,"column":8},"end":{"line":141,"column":9}},{"start":{},"end":{}}],"line":139},"11":{"loc":{"start":{"line":144,"column":8},"end":{"line":146,"column":9}},"type":"if","locations":[{"start":{"line":144,"column":8},"end":{"line":146,"column":9}},{"start":{},"end":{}}],"line":144},"12":{"loc":{"start":{"line":149,"column":8},"end":{"line":151,"column":9}},"type":"if","locations":[{"start":{"line":149,"column":8},"end":{"line":151,"column":9}},{"start":{},"end":{}}],"line":149},"13":{"loc":{"start":{"line":165,"column":28},"end":{"line":165,"column":77}},"type":"binary-expr","locations":[{"start":{"line":165,"column":28},"end":{"line":165,"column":50}},{"start":{"line":165,"column":54},"end":{"line":165,"column":77}}],"line":165},"14":{"loc":{"start":{"line":186,"column":8},"end":{"line":188,"column":9}},"type":"if","locations":[{"start":{"line":186,"column":8},"end":{"line":188,"column":9}},{"start":{},"end":{}}],"line":186},"15":{"loc":{"start":{"line":191,"column":8},"end":{"line":193,"column":9}},"type":"if","locations":[{"start":{"line":191,"column":8},"end":{"line":193,"column":9}},{"start":{},"end":{}}],"line":191},"16":{"loc":{"start":{"line":195,"column":8},"end":{"line":198,"column":9}},"type":"if","locations":[{"start":{"line":195,"column":8},"end":{"line":198,"column":9}},{"start":{},"end":{}}],"line":195},"17":{"loc":{"start":{"line":217,"column":8},"end":{"line":219,"column":9}},"type":"if","locations":[{"start":{"line":217,"column":8},"end":{"line":219,"column":9}},{"start":{},"end":{}}],"line":217},"18":{"loc":{"start":{"line":222,"column":8},"end":{"line":226,"column":9}},"type":"if","locations":[{"start":{"line":222,"column":8},"end":{"line":226,"column":9}},{"start":{},"end":{}}],"line":222},"19":{"loc":{"start":{"line":222,"column":12},"end":{"line":224,"column":46}},"type":"binary-expr","locations":[{"start":{"line":222,"column":12},"end":{"line":222,"column":31}},{"start":{"line":223,"column":12},"end":{"line":223,"column":39}},{"start":{"line":224,"column":12},"end":{"line":224,"column":46}}],"line":222},"20":{"loc":{"start":{"line":246,"column":8},"end":{"line":248,"column":9}},"type":"if","locations":[{"start":{"line":246,"column":8},"end":{"line":248,"column":9}},{"start":{},"end":{}}],"line":246},"21":{"loc":{"start":{"line":251,"column":8},"end":{"line":253,"column":9}},"type":"if","locations":[{"start":{"line":251,"column":8},"end":{"line":253,"column":9}},{"start":{},"end":{}}],"line":251},"22":{"loc":{"start":{"line":260,"column":8},"end":{"line":262,"column":9}},"type":"if","locations":[{"start":{"line":260,"column":8},"end":{"line":262,"column":9}},{"start":{},"end":{}}],"line":260},"23":{"loc":{"start":{"line":266,"column":24},"end":{"line":266,"column":46}},"type":"binary-expr","locations":[{"start":{"line":266,"column":24},"end":{"line":266,"column":34}},{"start":{"line":266,"column":38},"end":{"line":266,"column":46}}],"line":266},"24":{"loc":{"start":{"line":286,"column":8},"end":{"line":288,"column":9}},"type":"if","locations":[{"start":{"line":286,"column":8},"end":{"line":288,"column":9}},{"start":{},"end":{}}],"line":286},"25":{"loc":{"start":{"line":291,"column":8},"end":{"line":293,"column":9}},"type":"if","locations":[{"start":{"line":291,"column":8},"end":{"line":293,"column":9}},{"start":{},"end":{}}],"line":291}},"s":{"0":1,"1":1,"2":1,"3":0,"4":0,"5":0,"6":0,"7":0,"8":0,"9":0,"10":1,"11":1,"12":1,"13":1,"14":0,"15":0,"16":1,"17":1,"18":1,"19":1,"20":1,"21":1,"22":0,"23":0,"24":0,"25":0,"26":0,"27":0,"28":0,"29":0,"30":1,"31":2,"32":2,"33":2,"34":2,"35":1,"36":1,"37":0,"38":1,"39":1,"40":0,"41":0,"42":1,"43":1,"44":1,"45":1,"46":1,"47":1,"48":0,"49":1,"50":1,"51":0,"52":1,"53":0,"54":1,"55":1,"56":1,"57":0,"58":0,"59":1,"60":2,"61":2,"62":2,"63":2,"64":2,"65":0,"66":2,"67":0,"68":2,"69":1,"70":1,"71":1,"72":1,"73":1,"74":1,"75":0,"76":0,"77":1,"78":0,"79":0,"80":0,"81":0,"82":0,"83":0,"84":0,"85":0,"86":0,"87":0,"88":0,"89":0,"90":0,"91":1,"92":0,"93":0,"94":0,"95":0,"96":0,"97":0,"98":0,"99":0,"100":0,"101":0,"102":0,"103":1,"104":0,"105":0,"106":0,"107":0,"108":0,"109":0,"110":0,"111":0,"112":0,"113":0,"114":0,"115":0,"116":0,"117":0,"118":0,"119":0,"120":0,"121":0,"122":1,"123":0,"124":0,"125":0,"126":0,"127":0,"128":0,"129":0,"130":0,"131":0,"132":0,"133":0,"134":0,"135":0},"f":{"0":0,"1":1,"2":1,"3":0,"4":2,"5":1,"6":0,"7":2,"8":0,"9":0,"10":0,"11":0,"12":0,"13":0},"b":{"0":[0,0],"1":[1,0],"2":[0,0],"3":[0,0],"4":[1,1],"5":[0,1],"6":[0,1],"7":[0,0],"8":[0,1],"9":[1,0],"10":[0,2],"11":[0,2],"12":[1,1],"13":[1,0],"14":[0,0],"15":[0,0],"16":[0,0],"17":[0,0],"18":[0,0],"19":[0,0,0],"20":[0,0],"21":[0,0],"22":[0,0],"23":[0,0],"24":[0,0],"25":[0,0]},"_coverageSchema":"1a1c01bbd47fc00a2c39e90264f33305004495a9","hash":"8d4ed47f6c3d1bc5b72b3f13f313075023f171b6"}
,"/Users/priyanshsmac/Desktop/google docs clone/google-docs-clone/server/middleware/authMiddleware.js": {"path":"/Users/priyanshsmac/Desktop/google docs clone/google-docs-clone/server/middleware/authMiddleware.js","statementMap":{"0":{"start":{"line":1,"column":12},"end":{"line":1,"column":35}},"1":{"start":{"line":2,"column":13},"end":{"line":2,"column":31}},"2":{"start":{"line":4,"column":20},"end":{"line":33,"column":1}},"3":{"start":{"line":7,"column":4},"end":{"line":32,"column":5}},"4":{"start":{"line":11,"column":8},"end":{"line":29,"column":9}},"5":{"start":{"line":13,"column":12},"end":{"line":13,"column":59}},"6":{"start":{"line":16,"column":28},"end":{"line":16,"column":69}},"7":{"start":{"line":19,"column":12},"end":{"line":19,"column":74}},"8":{"start":{"line":21,"column":12},"end":{"line":23,"column":13}},"9":{"start":{"line":22,"column":16},"end":{"line":22,"column":90}},"10":{"start":{"line":25,"column":12},"end":{"line":25,"column":18}},"11":{"start":{"line":27,"column":12},"end":{"line":27,"column":32}},"12":{"start":{"line":28,"column":12},"end":{"line":28,"column":77}},"13":{"start":{"line":31,"column":8},"end":{"line":31,"column":69}},"14":{"start":{"line":35,"column":0},"end":{"line":35,"column":32}}},"fnMap":{"0":{"name":"(anonymous_0)","decl":{"start":{"line":4,"column":20},"end":{"line":4,"column":21}},"loc":{"start":{"line":4,"column":46},"end":{"line":33,"column":1}},"line":4}},"branchMap":{"0":{"loc":{"start":{"line":7,"column":4},"end":{"line":32,"column":5}},"type":"if","locations":[{"start":{"line":7,"column":4},"end":{"line":32,"column":5}},{"start":{"line":30,"column":11},"end":{"line":32,"column":5}}],"line":7},"1":{"loc":{"start":{"line":8,"column":8},"end":{"line":9,"column":54}},"type":"binary-expr","locations":[{"start":{"line":8,"column":8},"end":{"line":8,"column":33}},{"start":{"line":9,"column":8},"end":{"line":9,"column":54}}],"line":8},"2":{"loc":{"start":{"line":21,"column":12},"end":{"line":23,"column":13}},"type":"if","locations":[{"start":{"line":21,"column":12},"end":{"line":23,"column":13}},{"start":{},"end":{}}],"line":21}},"s":{"0":2,"1":2,"2":2,"3":17,"4":13,"5":13,"6":13,"7":10,"8":10,"9":1,"10":9,"11":3,"12":3,"13":4,"14":2},"f":{"0":17},"b":{"0":[13,4],"1":[17,13],"2":[1,9]},"_coverageSchema":"1a1c01bbd47fc00a2c39e90264f33305004495a9","hash":"b00f99690d8579a719fe99a22c5a45fff1998a62"}
,"/Users/priyanshsmac/Desktop/google docs clone/google-docs-clone/server/middleware/rateLimiter.js": {"path":"/Users/priyanshsmac/Desktop/google docs clone/google-docs-clone/server/middleware/rateLimiter.js","statementMap":{"0":{"start":{"line":1,"column":18},"end":{"line":1,"column":47}},"1":{"start":{"line":3,"column":15},"end":{"line":3,"column":46}},"2":{"start":{"line":6,"column":22},"end":{"line":11,"column":1}},"3":{"start":{"line":7,"column":4},"end":{"line":9,"column":5}},"4":{"start":{"line":8,"column":8},"end":{"line":8,"column":42}},"5":{"start":{"line":8,"column":35},"end":{"line":8,"column":41}},"6":{"start":{"line":10,"column":4},"end":{"line":10,"column":30}},"7":{"start":{"line":14,"column":19},"end":{"line":20,"column":2}},"8":{"start":{"line":23,"column":20},"end":{"line":29,"column":2}},"9":{"start":{"line":32,"column":18},"end":{"line":38,"column":2}},"10":{"start":{"line":40,"column":0},"end":{"line":44,"column":2}}},"fnMap":{"0":{"name":"(anonymous_0)","decl":{"start":{"line":6,"column":22},"end":{"line":6,"column":23}},"loc":{"start":{"line":6,"column":35},"end":{"line":11,"column":1}},"line":6},"1":{"name":"(anonymous_1)","decl":{"start":{"line":8,"column":15},"end":{"line":8,"column":16}},"loc":{"start":{"line":8,"column":35},"end":{"line":8,"column":41}},"line":8}},"branchMap":{"0":{"loc":{"start":{"line":7,"column":4},"end":{"line":9,"column":5}},"type":"if","locations":[{"start":{"line":7,"column":4},"end":{"line":9,"column":5}},{"start":{},"end":{}}],"line":7}},"s":{"0":2,"1":2,"2":2,"3":6,"4":6,"5":30,"6":0,"7":2,"8":2,"9":2,"10":2},"f":{"0":6,"1":30},"b":{"0":[6,0]},"_coverageSchema":"1a1c01bbd47fc00a2c39e90264f33305004495a9","hash":"9eede0a74f18eee9a981c9e68343ec5f8d11b820"}
,"/Users/priyanshsmac/Desktop/google docs clone/google-docs-clone/server/middleware/validation.js": {"path":"/Users/priyanshsmac/Desktop/google docs clone/google-docs-clone/server/middleware/validation.js","statementMap":{"0":{"start":{"line":1,"column":42},"end":{"line":1,"column":70}},"1":{"start":{"line":4,"column":17},"end":{"line":13,"column":1}},"2":{"start":{"line":5,"column":19},"end":{"line":5,"column":40}},"3":{"start":{"line":6,"column":4},"end":{"line":11,"column":5}},"4":{"start":{"line":7,"column":8},"end":{"line":10,"column":11}},"5":{"start":{"line":12,"column":4},"end":{"line":12,"column":11}},"6":{"start":{"line":16,"column":27},"end":{"line":30,"column":1}},"7":{"start":{"line":33,"column":24},"end":{"line":43,"column":1}},"8":{"start":{"line":46,"column":33},"end":{"line":59,"column":1}},"9":{"start":{"line":62,"column":38},"end":{"line":72,"column":1}},"10":{"start":{"line":75,"column":28},"end":{"line":88,"column":1}},"11":{"start":{"line":91,"column":29},"end":{"line":96,"column":1}},"12":{"start":{"line":98,"column":0},"end":{"line":106,"column":2}}},"fnMap":{"0":{"name":"(anonymous_0)","decl":{"start":{"line":4,"column":17},"end":{"line":4,"column":18}},"loc":{"start":{"line":4,"column":37},"end":{"line":13,"column":1}},"line":4}},"branchMap":{"0":{"loc":{"start":{"line":6,"column":4},"end":{"line":11,"column":5}},"type":"if","locations":[{"start":{"line":6,"column":4},"end":{"line":11,"column":5}},{"start":{},"end":{}}],"line":6}},"s":{"0":2,"1":2,"2":34,"3":34,"4":5,"5":29,"6":2,"7":2,"8":2,"9":2,"10":2,"11":2,"12":2},"f":{"0":34},"b":{"0":[5,29]},"_coverageSchema":"1a1c01bbd47fc00a2c39e90264f33305004495a9","hash":"ca7683e5984303be21e544096de80926fd361871"}
,"/Users/priyanshsmac/Desktop/google docs clone/google-docs-clone/server/routes/aiRoutes.js": {"path":"/Users/priyanshsmac/Desktop/google docs clone/google-docs-clone/server/routes/aiRoutes.js","statementMap":{"0":{"start":{"line":1,"column":16},"end":{"line":1,"column":34}},"1":{"start":{"line":2,"column":15},"end":{"line":2,"column":31}},"2":{"start":{"line":3,"column":24},"end":{"line":3,"column":63}},"3":{"start":{"line":4,"column":22},"end":{"line":4,"column":60}},"4":{"start":{"line":5,"column":22},"end":{"line":5,"column":58}},"5":{"start":{"line":6,"column":32},"end":{"line":6,"column":67}},"6":{"start":{"line":9,"column":0},"end":{"line":9,"column":23}},"7":{"start":{"line":12,"column":0},"end":{"line":12,"column":21}},"8":{"start":{"line":15,"column":0},"end":{"line":15,"column":55}},"9":{"start":{"line":17,"column":0},"end":{"line":17,"column":23}}},"fnMap":{},"branchMap":{},"s":{"0":0,"1":0,"2":0,"3":0,"4":0,"5":0,"6":0,"7":0,"8":0,"9":0},"f":{},"b":{}}
,"/Users/priyanshsmac/Desktop/google docs clone/google-docs-clone/server/routes/authRoutes.js": {"path":"/Users/priyanshsmac/Desktop/google docs clone/google-docs-clone/server/routes/authRoutes.js","statementMap":{"0":{"start":{"line":1,"column":16},"end":{"line":1,"column":34}},"1":{"start":{"line":2,"column":15},"end":{"line":2,"column":31}},"2":{"start":{"line":7,"column":4},"end":{"line":7,"column":44}},"3":{"start":{"line":8,"column":24},"end":{"line":8,"column":63}},"4":{"start":{"line":9,"column":24},"end":{"line":9,"column":60}},"5":{"start":{"line":10,"column":48},"end":{"line":10,"column":83}},"6":{"start":{"line":13,"column":0},"end":{"line":13,"column":23}},"7":{"start":{"line":15,"column":0},"end":{"line":15,"column":58}},"8":{"start":{"line":16,"column":0},"end":{"line":16,"column":49}},"9":{"start":{"line":17,"column":0},"end":{"line":17,"column":37}},"10":{"start":{"line":19,"column":0},"end":{"line":19,"column":23}}},"fnMap":{},"branchMap":{},"s":{"0":2,"1":2,"2":2,"3":2,"4":2,"5":2,"6":2,"7":2,"8":2,"9":2,"10":2},"f":{},"b":{},"_coverageSchema":"1a1c01bbd47fc00a2c39e90264f33305004495a9","hash":"cccdc2801c11140fedabe9f79b83d82157cd8d39"}
,"/Users/priyanshsmac/Desktop/google docs clone/google-docs-clone/server/routes/documentRoutes.js": {"path":"/Users/priyanshsmac/Desktop/google docs clone/google-docs-clone/server/routes/documentRoutes.js","statementMap":{"0":{"start":{"line":1,"column":16},"end":{"line":1,"column":34}},"1":{"start":{"line":2,"column":15},"end":{"line":2,"column":31}},"2":{"start":{"line":3,"column":24},"end":{"line":3,"column":63}},"3":{"start":{"line":15,"column":4},"end":{"line":15,"column":48}},"4":{"start":{"line":20,"column":4},"end":{"line":20,"column":39}},"5":{"start":{"line":23,"column":0},"end":{"line":23,"column":47}},"6":{"start":{"line":26,"column":0},"end":{"line":26,"column":23}},"7":{"start":{"line":29,"column":0},"end":{"line":29,"column":58}},"8":{"start":{"line":32,"column":0},"end":{"line":32,"column":33}},"9":{"start":{"line":35,"column":0},"end":{"line":35,"column":53}},"10":{"start":{"line":38,"column":0},"end":{"line":38,"column":78}},"11":{"start":{"line":41,"column":0},"end":{"line":41,"column":59}},"12":{"start":{"line":44,"column":0},"end":{"line":44,"column":66}},"13":{"start":{"line":47,"column":0},"end":{"line":47,"column":67}},"14":{"start":{"line":50,"column":0},"end":{"line":50,"column":72}},"15":{"start":{"line":53,"column":0},"end":{"line":53,"column":63}},"16":{"start":{"line":55,"column":0},"end":{"line":55,"column":23}}},"fnMap":{},"branchMap":{},"s":{"0":1,"1":1,"2":1,"3":1,"4":1,"5":1,"6":1,"7":1,"8":1,"9":1,"10":1,"11":1,"12":1,"13":1,"14":1,"15":1,"16":1},"f":{},"b":{},"_coverageSchema":"1a1c01bbd47fc00a2c39e90264f33305004495a9","hash":"29d699190b7bf883316a391cd19fc183e0c504da"}
,"/Users/priyanshsmac/Desktop/google docs clone/google-docs-clone/server/scripts/list-models.js": {"path":"/Users/priyanshsmac/Desktop/google docs clone/google-docs-clone/server/scripts/list-models.js","statementMap":{"0":{"start":{"line":1,"column":0},"end":{"line":1,"column":26}},"1":{"start":{"line":2,"column":31},"end":{"line":2,"column":63}},"2":{"start":{"line":5,"column":4},"end":{"line":5,"column":58}},"3":{"start":{"line":7,"column":19},"end":{"line":7,"column":45}},"4":{"start":{"line":8,"column":4},"end":{"line":11,"column":5}},"5":{"start":{"line":9,"column":8},"end":{"line":9,"column":59}},"6":{"start":{"line":10,"column":8},"end":{"line":10,"column":14}},"7":{"start":{"line":13,"column":4},"end":{"line":34,"column":5}},"8":{"start":{"line":16,"column":25},"end":{"line":18,"column":9}},"9":{"start":{"line":19,"column":21},"end":{"line":19,"column":42}},"10":{"start":{"line":21,"column":8},"end":{"line":30,"column":9}},"11":{"start":{"line":22,"column":12},"end":{"line":22,"column":46}},"12":{"start":{"line":23,"column":12},"end":{"line":27,"column":14}},"13":{"start":{"line":24,"column":16},"end":{"line":26,"column":17}},"14":{"start":{"line":25,"column":20},"end":{"line":25,"column":73}},"15":{"start":{"line":29,"column":12},"end":{"line":29,"column":60}},"16":{"start":{"line":33,"column":8},"end":{"line":33,"column":64}},"17":{"start":{"line":37,"column":0},"end":{"line":37,"column":12}}},"fnMap":{"0":{"name":"listModels","decl":{"start":{"line":4,"column":15},"end":{"line":4,"column":25}},"loc":{"start":{"line":4,"column":28},"end":{"line":35,"column":1}},"line":4},"1":{"name":"(anonymous_1)","decl":{"start":{"line":23,"column":32},"end":{"line":23,"column":33}},"loc":{"start":{"line":23,"column":41},"end":{"line":27,"column":13}},"line":23}},"branchMap":{"0":{"loc":{"start":{"line":8,"column":4},"end":{"line":11,"column":5}},"type":"if","locations":[{"start":{"line":8,"column":4},"end":{"line":11,"column":5}},{"start":{},"end":{}}],"line":8},"1":{"loc":{"start":{"line":21,"column":8},"end":{"line":30,"column":9}},"type":"if","locations":[{"start":{"line":21,"column":8},"end":{"line":30,"column":9}},{"start":{"line":28,"column":15},"end":{"line":30,"column":9}}],"line":21},"2":{"loc":{"start":{"line":24,"column":16},"end":{"line":26,"column":17}},"type":"if","locations":[{"start":{"line":24,"column":16},"end":{"line":26,"column":17}},{"start":{},"end":{}}],"line":24}},"s":{"0":0,"1":0,"2":0,"3":0,"4":0,"5":0,"6":0,"7":0,"8":0,"9":0,"10":0,"11":0,"12":0,"13":0,"14":0,"15":0,"16":0,"17":0},"f":{"0":0,"1":0},"b":{"0":[0,0],"1":[0,0],"2":[0,0]}}
,"/Users/priyanshsmac/Desktop/google docs clone/google-docs-clone/server/scripts/test-auth.js": {"path":"/Users/priyanshsmac/Desktop/google docs clone/google-docs-clone/server/scripts/test-auth.js","statementMap":{"0":{"start":{"line":1,"column":14},"end":{"line":1,"column":30}},"1":{"start":{"line":3,"column":17},"end":{"line":3,"column":49}},"2":{"start":{"line":6,"column":4},"end":{"line":57,"column":5}},"3":{"start":{"line":7,"column":8},"end":{"line":7,"column":57}},"4":{"start":{"line":9,"column":26},"end":{"line":9,"column":36}},"5":{"start":{"line":10,"column":25},"end":{"line":14,"column":9}},"6":{"start":{"line":17,"column":8},"end":{"line":17,"column":50}},"7":{"start":{"line":18,"column":8},"end":{"line":18,"column":78}},"8":{"start":{"line":20,"column":33},"end":{"line":20,"column":83}},"9":{"start":{"line":21,"column":8},"end":{"line":21,"column":49}},"10":{"start":{"line":22,"column":8},"end":{"line":22,"column":51}},"11":{"start":{"line":23,"column":22},"end":{"line":23,"column":49}},"12":{"start":{"line":24,"column":8},"end":{"line":24,"column":21}},"13":{"start":{"line":27,"column":8},"end":{"line":27,"column":43}},"14":{"start":{"line":28,"column":30},"end":{"line":31,"column":10}},"15":{"start":{"line":32,"column":8},"end":{"line":32,"column":42}},"16":{"start":{"line":33,"column":8},"end":{"line":33,"column":48}},"17":{"start":{"line":34,"column":8},"end":{"line":34,"column":21}},"18":{"start":{"line":37,"column":8},"end":{"line":37,"column":62}},"19":{"start":{"line":38,"column":27},"end":{"line":42,"column":10}},"20":{"start":{"line":43,"column":8},"end":{"line":43,"column":43}},"21":{"start":{"line":44,"column":8},"end":{"line":44,"column":53}},"22":{"start":{"line":45,"column":8},"end":{"line":45,"column":21}},"23":{"start":{"line":47,"column":8},"end":{"line":47,"column":58}},"24":{"start":{"line":49,"column":8},"end":{"line":49,"column":39}},"25":{"start":{"line":50,"column":8},"end":{"line":56,"column":9}},"26":{"start":{"line":51,"column":12},"end":{"line":51,"column":59}},"27":{"start":{"line":52,"column":12},"end":{"line":52,"column":66}},"28":{"start":{"line":53,"column":12},"end":{"line":53,"column":89}},"29":{"start":{"line":55,"column":12},"end":{"line":55,"column":40}},"30":{"start":{"line":60,"column":0},"end":{"line":60,"column":10}}},"fnMap":{"0":{"name":"testAuth","decl":{"start":{"line":5,"column":15},"end":{"line":5,"column":23}},"loc":{"start":{"line":5,"column":26},"end":{"line":58,"column":1}},"line":5}},"branchMap":{"0":{"loc":{"start":{"line":50,"column":8},"end":{"line":56,"column":9}},"type":"if","locations":[{"start":{"line":50,"column":8},"end":{"line":56,"column":9}},{"start":{"line":54,"column":15},"end":{"line":56,"column":9}}],"line":50}},"s":{"0":0,"1":0,"2":0,"3":0,"4":0,"5":0,"6":0,"7":0,"8":0,"9":0,"10":0,"11":0,"12":0,"13":0,"14":0,"15":0,"16":0,"17":0,"18":0,"19":0,"20":0,"21":0,"22":0,"23":0,"24":0,"25":0,"26":0,"27":0,"28":0,"29":0,"30":0},"f":{"0":0},"b":{"0":[0,0]}}
,"/Users/priyanshsmac/Desktop/google docs clone/google-docs-clone/server/scripts/test-gemini.js": {"path":"/Users/priyanshsmac/Desktop/google docs clone/google-docs-clone/server/scripts/test-gemini.js","statementMap":{"0":{"start":{"line":1,"column":0},"end":{"line":1,"column":26}},"1":{"start":{"line":2,"column":31},"end":{"line":2,"column":63}},"2":{"start":{"line":5,"column":4},"end":{"line":5,"column":56}},"3":{"start":{"line":7,"column":19},"end":{"line":7,"column":45}},"4":{"start":{"line":8,"column":4},"end":{"line":11,"column":5}},"5":{"start":{"line":9,"column":8},"end":{"line":9,"column":72}},"6":{"start":{"line":10,"column":8},"end":{"line":10,"column":14}},"7":{"start":{"line":13,"column":4},"end":{"line":13,"column":79}},"8":{"start":{"line":15,"column":4},"end":{"line":37,"column":5}},"9":{"start":{"line":16,"column":22},"end":{"line":16,"column":52}},"10":{"start":{"line":17,"column":22},"end":{"line":17,"column":77}},"11":{"start":{"line":19,"column":8},"end":{"line":19,"column":54}},"12":{"start":{"line":20,"column":23},"end":{"line":20,"column":64}},"13":{"start":{"line":22,"column":23},"end":{"line":22,"column":58}},"14":{"start":{"line":23,"column":25},"end":{"line":23,"column":46}},"15":{"start":{"line":24,"column":21},"end":{"line":24,"column":36}},"16":{"start":{"line":26,"column":8},"end":{"line":26,"column":51}},"17":{"start":{"line":27,"column":8},"end":{"line":27,"column":60}},"18":{"start":{"line":29,"column":8},"end":{"line":29,"column":50}},"19":{"start":{"line":30,"column":8},"end":{"line":30,"column":36}},"20":{"start":{"line":32,"column":8},"end":{"line":36,"column":9}},"21":{"start":{"line":33,"column":12},"end":{"line":33,"column":99}},"22":{"start":{"line":34,"column":15},"end":{"line":36,"column":9}},"23":{"start":{"line":35,"column":12},"end":{"line":35,"column":76}},"24":{"start":{"line":40,"column":0},"end":{"line":40,"column":12}}},"fnMap":{"0":{"name":"testGemini","decl":{"start":{"line":4,"column":15},"end":{"line":4,"column":25}},"loc":{"start":{"line":4,"column":28},"end":{"line":38,"column":1}},"line":4}},"branchMap":{"0":{"loc":{"start":{"line":8,"column":4},"end":{"line":11,"column":5}},"type":"if","locations":[{"start":{"line":8,"column":4},"end":{"line":11,"column":5}},{"start":{},"end":{}}],"line":8},"1":{"loc":{"start":{"line":32,"column":8},"end":{"line":36,"column":9}},"type":"if","locations":[{"start":{"line":32,"column":8},"end":{"line":36,"column":9}},{"start":{"line":34,"column":15},"end":{"line":36,"column":9}}],"line":32},"2":{"loc":{"start":{"line":34,"column":15},"end":{"line":36,"column":9}},"type":"if","locations":[{"start":{"line":34,"column":15},"end":{"line":36,"column":9}},{"start":{},"end":{}}],"line":34}},"s":{"0":0,"1":0,"2":0,"3":0,"4":0,"5":0,"6":0,"7":0,"8":0,"9":0,"10":0,"11":0,"12":0,"13":0,"14":0,"15":0,"16":0,"17":0,"18":0,"19":0,"20":0,"21":0,"22":0,"23":0,"24":0},"f":{"0":0},"b":{"0":[0,0],"1":[0,0],"2":[0,0]}}
}
