{"/Users/priyanshsmac/Desktop/google-clone/server/Document.js": {"path":"/Users/priyanshsmac/Desktop/google-clone/server/Document.js","statementMap":{"0":{"start":{"line":1,"column":26},"end":{"line":1,"column":45}},"1":{"start":{"line":3,"column":17},"end":{"line":51,"column":2}},"2":{"start":{"line":54,"column":0},"end":{"line":54,"column":44}}},"fnMap":{},"branchMap":{},"s":{"0":1,"1":1,"2":1},"f":{},"b":{},"_coverageSchema":"1a1c01bbd47fc00a2c39e90264f33305004495a9","hash":"d52c6c100054a3b1cd9ac4936874bc380506fd1f"}
,"/Users/priyanshsmac/Desktop/google-clone/server/User.js": {"path":"/Users/priyanshsmac/Desktop/google-clone/server/User.js","statementMap":{"0":{"start":{"line":1,"column":26},"end":{"line":1,"column":45}},"1":{"start":{"line":3,"column":13},"end":{"line":18,"column":2}},"2":{"start":{"line":20,"column":0},"end":{"line":20,"column":36}}},"fnMap":{},"branchMap":{},"s":{"0":1,"1":1,"2":1},"f":{},"b":{},"_coverageSchema":"1a1c01bbd47fc00a2c39e90264f33305004495a9","hash":"c2c2de30acd62b1d1119f4b7774b8d73c8d286a3"}
,"/Users/priyanshsmac/Desktop/google-clone/server/server.js": {"path":"/Users/priyanshsmac/Desktop/google-clone/server/server.js","statementMap":{"0":{"start":{"line":1,"column":0},"end":{"line":1,"column":26}},"1":{"start":{"line":2,"column":16},"end":{"line":2,"column":34}},"2":{"start":{"line":3,"column":13},"end":{"line":3,"column":28}},"3":{"start":{"line":4,"column":17},"end":{"line":4,"column":36}},"4":{"start":{"line":5,"column":13},"end":{"line":5,"column":28}},"5":{"start":{"line":6,"column":19},"end":{"line":6,"column":39}},"6":{"start":{"line":7,"column":15},"end":{"line":7,"column":32}},"7":{"start":{"line":8,"column":22},"end":{"line":8,"column":55}},"8":{"start":{"line":9,"column":23},"end":{"line":9,"column":58}},"9":{"start":{"line":10,"column":17},"end":{"line":10,"column":38}},"10":{"start":{"line":13,"column":0},"end":{"line":13,"column":82}},"11":{"start":{"line":16,"column":12},"end":{"line":16,"column":21}},"12":{"start":{"line":19,"column":0},"end":{"line":19,"column":25}},"13":{"start":{"line":23,"column":0},"end":{"line":23,"column":17}},"14":{"start":{"line":26,"column":23},"end":{"line":30,"column":17}},"15":{"start":{"line":33,"column":0},"end":{"line":33,"column":56}},"16":{"start":{"line":35,"column":0},"end":{"line":55,"column":3}},"17":{"start":{"line":38,"column":4},"end":{"line":40,"column":5}},"18":{"start":{"line":39,"column":6},"end":{"line":39,"column":34}},"19":{"start":{"line":43,"column":4},"end":{"line":49,"column":5}},"20":{"start":{"line":44,"column":6},"end":{"line":44,"column":45}},"21":{"start":{"line":45,"column":6},"end":{"line":45,"column":27}},"22":{"start":{"line":47,"column":6},"end":{"line":47,"column":45}},"23":{"start":{"line":48,"column":6},"end":{"line":48,"column":60}},"24":{"start":{"line":58,"column":0},"end":{"line":58,"column":40}},"25":{"start":{"line":59,"column":0},"end":{"line":59,"column":63}},"26":{"start":{"line":62,"column":0},"end":{"line":62,"column":24}},"27":{"start":{"line":65,"column":0},"end":{"line":65,"column":28}},"28":{"start":{"line":68,"column":0},"end":{"line":74,"column":2}},"29":{"start":{"line":69,"column":2},"end":{"line":73,"column":4}},"30":{"start":{"line":77,"column":0},"end":{"line":77,"column":52}},"31":{"start":{"line":78,"column":0},"end":{"line":78,"column":61}},"32":{"start":{"line":79,"column":0},"end":{"line":79,"column":48}},"33":{"start":{"line":82,"column":15},"end":{"line":82,"column":37}},"34":{"start":{"line":85,"column":11},"end":{"line":91,"column":2}},"35":{"start":{"line":94,"column":12},"end":{"line":94,"column":35}},"36":{"start":{"line":95,"column":13},"end":{"line":95,"column":30}},"37":{"start":{"line":97,"column":0},"end":{"line":123,"column":2}},"38":{"start":{"line":98,"column":2},"end":{"line":122,"column":3}},"39":{"start":{"line":100,"column":18},"end":{"line":100,"column":77}},"40":{"start":{"line":102,"column":4},"end":{"line":104,"column":5}},"41":{"start":{"line":103,"column":6},"end":{"line":103,"column":71}},"42":{"start":{"line":107,"column":20},"end":{"line":107,"column":61}},"43":{"start":{"line":110,"column":17},"end":{"line":110,"column":68}},"44":{"start":{"line":112,"column":4},"end":{"line":114,"column":5}},"45":{"start":{"line":113,"column":6},"end":{"line":113,"column":68}},"46":{"start":{"line":117,"column":4},"end":{"line":117,"column":22}},"47":{"start":{"line":118,"column":4},"end":{"line":118,"column":10}},"48":{"start":{"line":120,"column":4},"end":{"line":120,"column":54}},"49":{"start":{"line":121,"column":4},"end":{"line":121,"column":58}},"50":{"start":{"line":125,"column":21},"end":{"line":125,"column":23}},"51":{"start":{"line":128,"column":22},"end":{"line":128,"column":31}},"52":{"start":{"line":132,"column":17},"end":{"line":135,"column":3}},"53":{"start":{"line":136,"column":2},"end":{"line":136,"column":58}},"54":{"start":{"line":139,"column":0},"end":{"line":327,"column":2}},"55":{"start":{"line":140,"column":2},"end":{"line":140,"column":43}},"56":{"start":{"line":142,"column":26},"end":{"line":142,"column":30}},"57":{"start":{"line":143,"column":24},"end":{"line":143,"column":28}},"58":{"start":{"line":145,"column":2},"end":{"line":231,"column":4}},"59":{"start":{"line":146,"column":4},"end":{"line":230,"column":5}},"60":{"start":{"line":148,"column":32},"end":{"line":148,"column":43}},"61":{"start":{"line":151,"column":23},"end":{"line":151,"column":61}},"62":{"start":{"line":154,"column":22},"end":{"line":154,"column":123}},"63":{"start":{"line":155,"column":29},"end":{"line":157,"column":7}},"64":{"start":{"line":156,"column":18},"end":{"line":156,"column":92}},"65":{"start":{"line":160,"column":33},"end":{"line":163,"column":47}},"66":{"start":{"line":166,"column":6},"end":{"line":169,"column":7}},"67":{"start":{"line":167,"column":8},"end":{"line":167,"column":94}},"68":{"start":{"line":168,"column":8},"end":{"line":168,"column":14}},"69":{"start":{"line":172,"column":6},"end":{"line":183,"column":7}},"70":{"start":{"line":173,"column":32},"end":{"line":173,"column":73}},"71":{"start":{"line":176,"column":8},"end":{"line":179,"column":10}},"72":{"start":{"line":181,"column":8},"end":{"line":181,"column":29}},"73":{"start":{"line":182,"column":8},"end":{"line":182,"column":100}},"74":{"start":{"line":186,"column":6},"end":{"line":186,"column":36}},"75":{"start":{"line":187,"column":6},"end":{"line":187,"column":29}},"76":{"start":{"line":190,"column":6},"end":{"line":192,"column":7}},"77":{"start":{"line":191,"column":8},"end":{"line":191,"column":48}},"78":{"start":{"line":195,"column":23},"end":{"line":201,"column":7}},"79":{"start":{"line":204,"column":6},"end":{"line":204,"column":32}},"80":{"start":{"line":206,"column":20},"end":{"line":206,"column":49}},"81":{"start":{"line":207,"column":6},"end":{"line":207,"column":36}},"82":{"start":{"line":210,"column":6},"end":{"line":210,"column":49}},"83":{"start":{"line":213,"column":26},"end":{"line":217,"column":9}},"84":{"start":{"line":213,"column":63},"end":{"line":217,"column":7}},"85":{"start":{"line":219,"column":6},"end":{"line":226,"column":8}},"86":{"start":{"line":228,"column":6},"end":{"line":228,"column":52}},"87":{"start":{"line":229,"column":6},"end":{"line":229,"column":66}},"88":{"start":{"line":234,"column":2},"end":{"line":244,"column":4}},"89":{"start":{"line":235,"column":4},"end":{"line":243,"column":5}},"90":{"start":{"line":236,"column":6},"end":{"line":239,"column":7}},"91":{"start":{"line":237,"column":8},"end":{"line":237,"column":53}},"92":{"start":{"line":238,"column":8},"end":{"line":238,"column":14}},"93":{"start":{"line":240,"column":6},"end":{"line":240,"column":75}},"94":{"start":{"line":242,"column":6},"end":{"line":242,"column":58}},"95":{"start":{"line":247,"column":2},"end":{"line":261,"column":4}},"96":{"start":{"line":248,"column":4},"end":{"line":260,"column":5}},"97":{"start":{"line":249,"column":6},"end":{"line":251,"column":7}},"98":{"start":{"line":250,"column":8},"end":{"line":250,"column":14}},"99":{"start":{"line":252,"column":6},"end":{"line":257,"column":8}},"100":{"start":{"line":259,"column":6},"end":{"line":259,"column":57}},"101":{"start":{"line":264,"column":2},"end":{"line":273,"column":4}},"102":{"start":{"line":265,"column":4},"end":{"line":272,"column":5}},"103":{"start":{"line":266,"column":6},"end":{"line":268,"column":7}},"104":{"start":{"line":267,"column":8},"end":{"line":267,"column":14}},"105":{"start":{"line":269,"column":6},"end":{"line":269,"column":75}},"106":{"start":{"line":271,"column":6},"end":{"line":271,"column":58}},"107":{"start":{"line":276,"column":2},"end":{"line":289,"column":4}},"108":{"start":{"line":277,"column":4},"end":{"line":288,"column":5}},"109":{"start":{"line":278,"column":6},"end":{"line":281,"column":7}},"110":{"start":{"line":279,"column":8},"end":{"line":279,"column":80}},"111":{"start":{"line":279,"column":22},"end":{"line":279,"column":80}},"112":{"start":{"line":280,"column":8},"end":{"line":280,"column":14}},"113":{"start":{"line":282,"column":6},"end":{"line":282,"column":67}},"114":{"start":{"line":283,"column":6},"end":{"line":283,"column":53}},"115":{"start":{"line":284,"column":6},"end":{"line":284,"column":46}},"116":{"start":{"line":284,"column":20},"end":{"line":284,"column":46}},"117":{"start":{"line":286,"column":6},"end":{"line":286,"column":37}},"118":{"start":{"line":287,"column":6},"end":{"line":287,"column":67}},"119":{"start":{"line":287,"column":20},"end":{"line":287,"column":67}},"120":{"start":{"line":292,"column":2},"end":{"line":326,"column":4}},"121":{"start":{"line":293,"column":4},"end":{"line":293,"column":48}},"122":{"start":{"line":295,"column":4},"end":{"line":325,"column":5}},"123":{"start":{"line":296,"column":20},"end":{"line":296,"column":56}},"124":{"start":{"line":299,"column":31},"end":{"line":299,"column":51}},"125":{"start":{"line":302,"column":6},"end":{"line":318,"column":7}},"126":{"start":{"line":303,"column":8},"end":{"line":303,"column":31}},"127":{"start":{"line":306,"column":8},"end":{"line":317,"column":9}},"128":{"start":{"line":308,"column":10},"end":{"line":316,"column":12}},"129":{"start":{"line":311,"column":62},"end":{"line":315,"column":13}},"130":{"start":{"line":321,"column":6},"end":{"line":324,"column":7}},"131":{"start":{"line":322,"column":8},"end":{"line":322,"column":47}},"132":{"start":{"line":323,"column":8},"end":{"line":323,"column":84}},"133":{"start":{"line":330,"column":2},"end":{"line":330,"column":24}},"134":{"start":{"line":330,"column":18},"end":{"line":330,"column":24}},"135":{"start":{"line":332,"column":19},"end":{"line":332,"column":46}},"136":{"start":{"line":333,"column":2},"end":{"line":333,"column":31}},"137":{"start":{"line":333,"column":16},"end":{"line":333,"column":31}},"138":{"start":{"line":334,"column":2},"end":{"line":334,"column":63}},"139":{"start":{"line":337,"column":13},"end":{"line":337,"column":37}},"140":{"start":{"line":339,"column":0},"end":{"line":341,"column":2}},"141":{"start":{"line":340,"column":2},"end":{"line":340,"column":50}}},"fnMap":{"0":{"name":"(anonymous_0)","decl":{"start":{"line":36,"column":10},"end":{"line":36,"column":11}},"loc":{"start":{"line":36,"column":32},"end":{"line":50,"column":3}},"line":36},"1":{"name":"(anonymous_1)","decl":{"start":{"line":68,"column":19},"end":{"line":68,"column":20}},"loc":{"start":{"line":68,"column":33},"end":{"line":74,"column":1}},"line":68},"2":{"name":"(anonymous_2)","decl":{"start":{"line":97,"column":7},"end":{"line":97,"column":8}},"loc":{"start":{"line":97,"column":31},"end":{"line":123,"column":1}},"line":97},"3":{"name":"generateUserColor","decl":{"start":{"line":131,"column":9},"end":{"line":131,"column":26}},"loc":{"start":{"line":131,"column":29},"end":{"line":137,"column":1}},"line":131},"4":{"name":"(anonymous_4)","decl":{"start":{"line":139,"column":20},"end":{"line":139,"column":21}},"loc":{"start":{"line":139,"column":30},"end":{"line":327,"column":1}},"line":139},"5":{"name":"(anonymous_5)","decl":{"start":{"line":145,"column":28},"end":{"line":145,"column":29}},"loc":{"start":{"line":145,"column":66},"end":{"line":231,"column":3}},"line":145},"6":{"name":"(anonymous_6)","decl":{"start":{"line":156,"column":8},"end":{"line":156,"column":9}},"loc":{"start":{"line":156,"column":18},"end":{"line":156,"column":92}},"line":156},"7":{"name":"(anonymous_7)","decl":{"start":{"line":213,"column":57},"end":{"line":213,"column":58}},"loc":{"start":{"line":213,"column":63},"end":{"line":217,"column":7}},"line":213},"8":{"name":"(anonymous_8)","decl":{"start":{"line":234,"column":28},"end":{"line":234,"column":29}},"loc":{"start":{"line":234,"column":39},"end":{"line":244,"column":3}},"line":234},"9":{"name":"(anonymous_9)","decl":{"start":{"line":247,"column":27},"end":{"line":247,"column":28}},"loc":{"start":{"line":247,"column":43},"end":{"line":261,"column":3}},"line":247},"10":{"name":"(anonymous_10)","decl":{"start":{"line":264,"column":28},"end":{"line":264,"column":29}},"loc":{"start":{"line":264,"column":42},"end":{"line":273,"column":3}},"line":264},"11":{"name":"(anonymous_11)","decl":{"start":{"line":276,"column":29},"end":{"line":276,"column":30}},"loc":{"start":{"line":276,"column":55},"end":{"line":289,"column":3}},"line":276},"12":{"name":"(anonymous_12)","decl":{"start":{"line":292,"column":26},"end":{"line":292,"column":27}},"loc":{"start":{"line":292,"column":32},"end":{"line":326,"column":3}},"line":292},"13":{"name":"(anonymous_13)","decl":{"start":{"line":311,"column":56},"end":{"line":311,"column":57}},"loc":{"start":{"line":311,"column":62},"end":{"line":315,"column":13}},"line":311},"14":{"name":"findOrCreateDocument","decl":{"start":{"line":329,"column":15},"end":{"line":329,"column":35}},"loc":{"start":{"line":329,"column":40},"end":{"line":335,"column":1}},"line":329},"15":{"name":"(anonymous_15)","decl":{"start":{"line":339,"column":20},"end":{"line":339,"column":21}},"loc":{"start":{"line":339,"column":26},"end":{"line":341,"column":1}},"line":339}},"branchMap":{"0":{"loc":{"start":{"line":13,"column":17},"end":{"line":13,"column":81}},"type":"binary-expr","locations":[{"start":{"line":13,"column":17},"end":{"line":13,"column":38}},{"start":{"line":13,"column":42},"end":{"line":13,"column":81}}],"line":13},"1":{"loc":{"start":{"line":38,"column":4},"end":{"line":40,"column":5}},"type":"if","locations":[{"start":{"line":38,"column":4},"end":{"line":40,"column":5}},{"start":{},"end":{}}],"line":38},"2":{"loc":{"start":{"line":43,"column":4},"end":{"line":49,"column":5}},"type":"if","locations":[{"start":{"line":43,"column":4},"end":{"line":49,"column":5}},{"start":{"line":46,"column":11},"end":{"line":49,"column":5}}],"line":43},"3":{"loc":{"start":{"line":100,"column":18},"end":{"line":100,"column":77}},"type":"binary-expr","locations":[{"start":{"line":100,"column":18},"end":{"line":100,"column":45}},{"start":{"line":100,"column":49},"end":{"line":100,"column":77}}],"line":100},"4":{"loc":{"start":{"line":102,"column":4},"end":{"line":104,"column":5}},"type":"if","locations":[{"start":{"line":102,"column":4},"end":{"line":104,"column":5}},{"start":{},"end":{}}],"line":102},"5":{"loc":{"start":{"line":112,"column":4},"end":{"line":114,"column":5}},"type":"if","locations":[{"start":{"line":112,"column":4},"end":{"line":114,"column":5}},{"start":{},"end":{}}],"line":112},"6":{"loc":{"start":{"line":154,"column":22},"end":{"line":154,"column":123}},"type":"binary-expr","locations":[{"start":{"line":154,"column":22},"end":{"line":154,"column":39}},{"start":{"line":154,"column":43},"end":{"line":154,"column":57}},{"start":{"line":154,"column":61},"end":{"line":154,"column":123}}],"line":154},"7":{"loc":{"start":{"line":155,"column":29},"end":{"line":157,"column":7}},"type":"binary-expr","locations":[{"start":{"line":155,"column":29},"end":{"line":155,"column":46}},{"start":{"line":155,"column":50},"end":{"line":155,"column":72}},{"start":{"line":155,"column":76},"end":{"line":157,"column":7}}],"line":155},"8":{"loc":{"start":{"line":156,"column":18},"end":{"line":156,"column":92}},"type":"binary-expr","locations":[{"start":{"line":156,"column":18},"end":{"line":156,"column":29}},{"start":{"line":156,"column":33},"end":{"line":156,"column":92}}],"line":156},"9":{"loc":{"start":{"line":160,"column":33},"end":{"line":163,"column":47}},"type":"binary-expr","locations":[{"start":{"line":160,"column":33},"end":{"line":160,"column":43}},{"start":{"line":161,"column":8},"end":{"line":161,"column":26}},{"start":{"line":162,"column":8},"end":{"line":162,"column":34}},{"start":{"line":163,"column":8},"end":{"line":163,"column":47}}],"line":160},"10":{"loc":{"start":{"line":166,"column":6},"end":{"line":169,"column":7}},"type":"if","locations":[{"start":{"line":166,"column":6},"end":{"line":169,"column":7}},{"start":{},"end":{}}],"line":166},"11":{"loc":{"start":{"line":166,"column":10},"end":{"line":166,"column":60}},"type":"binary-expr","locations":[{"start":{"line":166,"column":10},"end":{"line":166,"column":18}},{"start":{"line":166,"column":22},"end":{"line":166,"column":37}},{"start":{"line":166,"column":41},"end":{"line":166,"column":60}}],"line":166},"12":{"loc":{"start":{"line":172,"column":6},"end":{"line":183,"column":7}},"type":"if","locations":[{"start":{"line":172,"column":6},"end":{"line":183,"column":7}},{"start":{},"end":{}}],"line":172},"13":{"loc":{"start":{"line":172,"column":10},"end":{"line":172,"column":59}},"type":"binary-expr","locations":[{"start":{"line":172,"column":10},"end":{"line":172,"column":28}},{"start":{"line":172,"column":32},"end":{"line":172,"column":40}},{"start":{"line":172,"column":44},"end":{"line":172,"column":59}}],"line":172},"14":{"loc":{"start":{"line":173,"column":32},"end":{"line":173,"column":73}},"type":"binary-expr","locations":[{"start":{"line":173,"column":32},"end":{"line":173,"column":61}},{"start":{"line":173,"column":65},"end":{"line":173,"column":73}}],"line":173},"15":{"loc":{"start":{"line":190,"column":6},"end":{"line":192,"column":7}},"type":"if","locations":[{"start":{"line":190,"column":6},"end":{"line":192,"column":7}},{"start":{},"end":{}}],"line":190},"16":{"loc":{"start":{"line":236,"column":6},"end":{"line":239,"column":7}},"type":"if","locations":[{"start":{"line":236,"column":6},"end":{"line":239,"column":7}},{"start":{},"end":{}}],"line":236},"17":{"loc":{"start":{"line":236,"column":10},"end":{"line":236,"column":38}},"type":"binary-expr","locations":[{"start":{"line":236,"column":10},"end":{"line":236,"column":16}},{"start":{"line":236,"column":20},"end":{"line":236,"column":38}}],"line":236},"18":{"loc":{"start":{"line":249,"column":6},"end":{"line":251,"column":7}},"type":"if","locations":[{"start":{"line":249,"column":6},"end":{"line":251,"column":7}},{"start":{},"end":{}}],"line":249},"19":{"loc":{"start":{"line":249,"column":10},"end":{"line":249,"column":103}},"type":"binary-expr","locations":[{"start":{"line":249,"column":10},"end":{"line":249,"column":21}},{"start":{"line":249,"column":25},"end":{"line":249,"column":61}},{"start":{"line":249,"column":65},"end":{"line":249,"column":83}},{"start":{"line":249,"column":87},"end":{"line":249,"column":103}}],"line":249},"20":{"loc":{"start":{"line":266,"column":6},"end":{"line":268,"column":7}},"type":"if","locations":[{"start":{"line":266,"column":6},"end":{"line":268,"column":7}},{"start":{},"end":{}}],"line":266},"21":{"loc":{"start":{"line":266,"column":10},"end":{"line":266,"column":73}},"type":"binary-expr","locations":[{"start":{"line":266,"column":10},"end":{"line":266,"column":19}},{"start":{"line":266,"column":23},"end":{"line":266,"column":51}},{"start":{"line":266,"column":55},"end":{"line":266,"column":73}}],"line":266},"22":{"loc":{"start":{"line":278,"column":6},"end":{"line":281,"column":7}},"type":"if","locations":[{"start":{"line":278,"column":6},"end":{"line":281,"column":7}},{"start":{},"end":{}}],"line":278},"23":{"loc":{"start":{"line":279,"column":8},"end":{"line":279,"column":80}},"type":"if","locations":[{"start":{"line":279,"column":8},"end":{"line":279,"column":80}},{"start":{},"end":{}}],"line":279},"24":{"loc":{"start":{"line":284,"column":6},"end":{"line":284,"column":46}},"type":"if","locations":[{"start":{"line":284,"column":6},"end":{"line":284,"column":46}},{"start":{},"end":{}}],"line":284},"25":{"loc":{"start":{"line":287,"column":6},"end":{"line":287,"column":67}},"type":"if","locations":[{"start":{"line":287,"column":6},"end":{"line":287,"column":67}},{"start":{},"end":{}}],"line":287},"26":{"loc":{"start":{"line":295,"column":4},"end":{"line":325,"column":5}},"type":"if","locations":[{"start":{"line":295,"column":4},"end":{"line":325,"column":5}},{"start":{},"end":{}}],"line":295},"27":{"loc":{"start":{"line":295,"column":8},"end":{"line":295,"column":65}},"type":"binary-expr","locations":[{"start":{"line":295,"column":8},"end":{"line":295,"column":25}},{"start":{"line":295,"column":29},"end":{"line":295,"column":65}}],"line":295},"28":{"loc":{"start":{"line":302,"column":6},"end":{"line":318,"column":7}},"type":"if","locations":[{"start":{"line":302,"column":6},"end":{"line":318,"column":7}},{"start":{},"end":{}}],"line":302},"29":{"loc":{"start":{"line":306,"column":8},"end":{"line":317,"column":9}},"type":"if","locations":[{"start":{"line":306,"column":8},"end":{"line":317,"column":9}},{"start":{},"end":{}}],"line":306},"30":{"loc":{"start":{"line":321,"column":6},"end":{"line":324,"column":7}},"type":"if","locations":[{"start":{"line":321,"column":6},"end":{"line":324,"column":7}},{"start":{},"end":{}}],"line":321},"31":{"loc":{"start":{"line":330,"column":2},"end":{"line":330,"column":24}},"type":"if","locations":[{"start":{"line":330,"column":2},"end":{"line":330,"column":24}},{"start":{},"end":{}}],"line":330},"32":{"loc":{"start":{"line":333,"column":2},"end":{"line":333,"column":31}},"type":"if","locations":[{"start":{"line":333,"column":2},"end":{"line":333,"column":31}},{"start":{},"end":{}}],"line":333},"33":{"loc":{"start":{"line":337,"column":13},"end":{"line":337,"column":37}},"type":"binary-expr","locations":[{"start":{"line":337,"column":13},"end":{"line":337,"column":29}},{"start":{"line":337,"column":33},"end":{"line":337,"column":37}}],"line":337}},"s":{"0":0,"1":0,"2":0,"3":0,"4":0,"5":0,"6":0,"7":0,"8":0,"9":0,"10":0,"11":0,"12":0,"13":0,"14":0,"15":0,"16":0,"17":0,"18":0,"19":0,"20":0,"21":0,"22":0,"23":0,"24":0,"25":0,"26":0,"27":0,"28":0,"29":0,"30":0,"31":0,"32":0,"33":0,"34":0,"35":0,"36":0,"37":0,"38":0,"39":0,"40":0,"41":0,"42":0,"43":0,"44":0,"45":0,"46":0,"47":0,"48":0,"49":0,"50":0,"51":0,"52":0,"53":0,"54":0,"55":0,"56":0,"57":0,"58":0,"59":0,"60":0,"61":0,"62":0,"63":0,"64":0,"65":0,"66":0,"67":0,"68":0,"69":0,"70":0,"71":0,"72":0,"73":0,"74":0,"75":0,"76":0,"77":0,"78":0,"79":0,"80":0,"81":0,"82":0,"83":0,"84":0,"85":0,"86":0,"87":0,"88":0,"89":0,"90":0,"91":0,"92":0,"93":0,"94":0,"95":0,"96":0,"97":0,"98":0,"99":0,"100":0,"101":0,"102":0,"103":0,"104":0,"105":0,"106":0,"107":0,"108":0,"109":0,"110":0,"111":0,"112":0,"113":0,"114":0,"115":0,"116":0,"117":0,"118":0,"119":0,"120":0,"121":0,"122":0,"123":0,"124":0,"125":0,"126":0,"127":0,"128":0,"129":0,"130":0,"131":0,"132":0,"133":0,"134":0,"135":0,"136":0,"137":0,"138":0,"139":0,"140":0,"141":0},"f":{"0":0,"1":0,"2":0,"3":0,"4":0,"5":0,"6":0,"7":0,"8":0,"9":0,"10":0,"11":0,"12":0,"13":0,"14":0,"15":0},"b":{"0":[0,0],"1":[0,0],"2":[0,0],"3":[0,0],"4":[0,0],"5":[0,0],"6":[0,0,0],"7":[0,0,0],"8":[0,0],"9":[0,0,0,0],"10":[0,0],"11":[0,0,0],"12":[0,0],"13":[0,0,0],"14":[0,0],"15":[0,0],"16":[0,0],"17":[0,0],"18":[0,0],"19":[0,0,0,0],"20":[0,0],"21":[0,0,0],"22":[0,0],"23":[0,0],"24":[0,0],"25":[0,0],"26":[0,0],"27":[0,0],"28":[0,0],"29":[0,0],"30":[0,0],"31":[0,0],"32":[0,0],"33":[0,0]}}
,"/Users/priyanshsmac/Desktop/google-clone/server/controllers/aiController.js": {"path":"/Users/priyanshsmac/Desktop/google-clone/server/controllers/aiController.js","statementMap":{"0":{"start":{"line":1,"column":31},"end":{"line":1,"column":63}},"1":{"start":{"line":4,"column":14},"end":{"line":4,"column":64}},"2":{"start":{"line":7,"column":0},"end":{"line":101,"column":1}},"3":{"start":{"line":8,"column":4},"end":{"line":100,"column":5}},"4":{"start":{"line":9,"column":33},"end":{"line":9,"column":41}},"5":{"start":{"line":11,"column":8},"end":{"line":13,"column":9}},"6":{"start":{"line":12,"column":12},"end":{"line":12,"column":72}},"7":{"start":{"line":15,"column":8},"end":{"line":17,"column":9}},"8":{"start":{"line":16,"column":12},"end":{"line":16,"column":74}},"9":{"start":{"line":19,"column":21},"end":{"line":19,"column":23}},"10":{"start":{"line":21,"column":8},"end":{"line":59,"column":9}},"11":{"start":{"line":23,"column":16},"end":{"line":35,"column":8}},"12":{"start":{"line":36,"column":16},"end":{"line":36,"column":21}},"13":{"start":{"line":38,"column":16},"end":{"line":40,"column":8}},"14":{"start":{"line":41,"column":16},"end":{"line":41,"column":21}},"15":{"start":{"line":43,"column":16},"end":{"line":45,"column":8}},"16":{"start":{"line":46,"column":16},"end":{"line":46,"column":21}},"17":{"start":{"line":48,"column":16},"end":{"line":50,"column":8}},"18":{"start":{"line":51,"column":16},"end":{"line":51,"column":21}},"19":{"start":{"line":53,"column":16},"end":{"line":55,"column":8}},"20":{"start":{"line":56,"column":16},"end":{"line":56,"column":21}},"21":{"start":{"line":58,"column":16},"end":{"line":58,"column":74}},"22":{"start":{"line":62,"column":22},"end":{"line":62,"column":77}},"23":{"start":{"line":65,"column":23},"end":{"line":65,"column":58}},"24":{"start":{"line":66,"column":25},"end":{"line":66,"column":46}},"25":{"start":{"line":67,"column":28},"end":{"line":67,"column":43}},"26":{"start":{"line":70,"column":8},"end":{"line":79,"column":19}},"27":{"start":{"line":81,"column":8},"end":{"line":85,"column":10}},"28":{"start":{"line":87,"column":8},"end":{"line":87,"column":60}},"29":{"start":{"line":90,"column":8},"end":{"line":94,"column":9}},"30":{"start":{"line":91,"column":12},"end":{"line":93,"column":14}},"31":{"start":{"line":96,"column":8},"end":{"line":99,"column":10}}},"fnMap":{"0":{"name":"(anonymous_0)","decl":{"start":{"line":7,"column":20},"end":{"line":7,"column":21}},"loc":{"start":{"line":7,"column":40},"end":{"line":101,"column":1}},"line":7}},"branchMap":{"0":{"loc":{"start":{"line":11,"column":8},"end":{"line":13,"column":9}},"type":"if","locations":[{"start":{"line":11,"column":8},"end":{"line":13,"column":9}},{"start":{},"end":{}}],"line":11},"1":{"loc":{"start":{"line":15,"column":8},"end":{"line":17,"column":9}},"type":"if","locations":[{"start":{"line":15,"column":8},"end":{"line":17,"column":9}},{"start":{},"end":{}}],"line":15},"2":{"loc":{"start":{"line":21,"column":8},"end":{"line":59,"column":9}},"type":"switch","locations":[{"start":{"line":22,"column":12},"end":{"line":36,"column":21}},{"start":{"line":37,"column":12},"end":{"line":41,"column":21}},{"start":{"line":42,"column":12},"end":{"line":46,"column":21}},{"start":{"line":47,"column":12},"end":{"line":51,"column":21}},{"start":{"line":52,"column":12},"end":{"line":56,"column":21}},{"start":{"line":57,"column":12},"end":{"line":58,"column":74}}],"line":21},"3":{"loc":{"start":{"line":90,"column":8},"end":{"line":94,"column":9}},"type":"if","locations":[{"start":{"line":90,"column":8},"end":{"line":94,"column":9}},{"start":{},"end":{}}],"line":90},"4":{"loc":{"start":{"line":90,"column":12},"end":{"line":90,"column":62}},"type":"binary-expr","locations":[{"start":{"line":90,"column":12},"end":{"line":90,"column":25}},{"start":{"line":90,"column":29},"end":{"line":90,"column":62}}],"line":90}},"s":{"0":0,"1":0,"2":0,"3":0,"4":0,"5":0,"6":0,"7":0,"8":0,"9":0,"10":0,"11":0,"12":0,"13":0,"14":0,"15":0,"16":0,"17":0,"18":0,"19":0,"20":0,"21":0,"22":0,"23":0,"24":0,"25":0,"26":0,"27":0,"28":0,"29":0,"30":0,"31":0},"f":{"0":0},"b":{"0":[0,0],"1":[0,0],"2":[0,0,0,0,0,0],"3":[0,0],"4":[0,0]}}
,"/Users/priyanshsmac/Desktop/google-clone/server/controllers/authController.js": {"path":"/Users/priyanshsmac/Desktop/google-clone/server/controllers/authController.js","statementMap":{"0":{"start":{"line":1,"column":15},"end":{"line":1,"column":34}},"1":{"start":{"line":2,"column":12},"end":{"line":2,"column":35}},"2":{"start":{"line":3,"column":13},"end":{"line":3,"column":31}},"3":{"start":{"line":6,"column":22},"end":{"line":10,"column":1}},"4":{"start":{"line":7,"column":4},"end":{"line":9,"column":6}},"5":{"start":{"line":15,"column":21},"end":{"line":82,"column":1}},"6":{"start":{"line":16,"column":4},"end":{"line":81,"column":5}},"7":{"start":{"line":17,"column":8},"end":{"line":17,"column":57}},"8":{"start":{"line":18,"column":46},"end":{"line":18,"column":54}},"9":{"start":{"line":20,"column":8},"end":{"line":23,"column":9}},"10":{"start":{"line":21,"column":12},"end":{"line":21,"column":108}},"11":{"start":{"line":22,"column":12},"end":{"line":22,"column":81}},"12":{"start":{"line":26,"column":8},"end":{"line":29,"column":9}},"13":{"start":{"line":27,"column":12},"end":{"line":27,"column":64}},"14":{"start":{"line":28,"column":12},"end":{"line":28,"column":82}},"15":{"start":{"line":32,"column":8},"end":{"line":32,"column":71}},"16":{"start":{"line":33,"column":27},"end":{"line":33,"column":56}},"17":{"start":{"line":34,"column":31},"end":{"line":34,"column":63}},"18":{"start":{"line":36,"column":8},"end":{"line":39,"column":9}},"19":{"start":{"line":37,"column":12},"end":{"line":37,"column":62}},"20":{"start":{"line":38,"column":12},"end":{"line":38,"column":91}},"21":{"start":{"line":41,"column":8},"end":{"line":44,"column":9}},"22":{"start":{"line":42,"column":12},"end":{"line":42,"column":63}},"23":{"start":{"line":43,"column":12},"end":{"line":43,"column":81}},"24":{"start":{"line":47,"column":8},"end":{"line":47,"column":45}},"25":{"start":{"line":48,"column":21},"end":{"line":48,"column":45}},"26":{"start":{"line":49,"column":31},"end":{"line":49,"column":64}},"27":{"start":{"line":52,"column":8},"end":{"line":52,"column":54}},"28":{"start":{"line":53,"column":21},"end":{"line":57,"column":10}},"29":{"start":{"line":59,"column":8},"end":{"line":71,"column":9}},"30":{"start":{"line":60,"column":12},"end":{"line":60,"column":65}},"31":{"start":{"line":61,"column":26},"end":{"line":61,"column":49}},"32":{"start":{"line":62,"column":12},"end":{"line":67,"column":14}},"33":{"start":{"line":69,"column":12},"end":{"line":69,"column":49}},"34":{"start":{"line":70,"column":12},"end":{"line":70,"column":66}},"35":{"start":{"line":73,"column":8},"end":{"line":73,"column":54}},"36":{"start":{"line":74,"column":8},"end":{"line":74,"column":51}},"37":{"start":{"line":75,"column":8},"end":{"line":75,"column":57}},"38":{"start":{"line":76,"column":8},"end":{"line":76,"column":53}},"39":{"start":{"line":77,"column":8},"end":{"line":80,"column":10}},"40":{"start":{"line":87,"column":18},"end":{"line":108,"column":1}},"41":{"start":{"line":88,"column":4},"end":{"line":107,"column":5}},"42":{"start":{"line":89,"column":36},"end":{"line":89,"column":44}},"43":{"start":{"line":92,"column":21},"end":{"line":92,"column":50}},"44":{"start":{"line":94,"column":8},"end":{"line":103,"column":9}},"45":{"start":{"line":95,"column":12},"end":{"line":100,"column":14}},"46":{"start":{"line":102,"column":12},"end":{"line":102,"column":68}},"47":{"start":{"line":105,"column":8},"end":{"line":105,"column":28}},"48":{"start":{"line":106,"column":8},"end":{"line":106,"column":57}},"49":{"start":{"line":113,"column":14},"end":{"line":121,"column":1}},"50":{"start":{"line":114,"column":4},"end":{"line":120,"column":5}},"51":{"start":{"line":115,"column":21},"end":{"line":115,"column":73}},"52":{"start":{"line":116,"column":8},"end":{"line":116,"column":34}},"53":{"start":{"line":118,"column":8},"end":{"line":118,"column":28}},"54":{"start":{"line":119,"column":8},"end":{"line":119,"column":57}},"55":{"start":{"line":123,"column":0},"end":{"line":127,"column":1}}},"fnMap":{"0":{"name":"(anonymous_0)","decl":{"start":{"line":6,"column":22},"end":{"line":6,"column":23}},"loc":{"start":{"line":6,"column":30},"end":{"line":10,"column":1}},"line":6},"1":{"name":"(anonymous_1)","decl":{"start":{"line":15,"column":21},"end":{"line":15,"column":22}},"loc":{"start":{"line":15,"column":41},"end":{"line":82,"column":1}},"line":15},"2":{"name":"(anonymous_2)","decl":{"start":{"line":87,"column":18},"end":{"line":87,"column":19}},"loc":{"start":{"line":87,"column":38},"end":{"line":108,"column":1}},"line":87},"3":{"name":"(anonymous_3)","decl":{"start":{"line":113,"column":14},"end":{"line":113,"column":15}},"loc":{"start":{"line":113,"column":34},"end":{"line":121,"column":1}},"line":113}},"branchMap":{"0":{"loc":{"start":{"line":20,"column":8},"end":{"line":23,"column":9}},"type":"if","locations":[{"start":{"line":20,"column":8},"end":{"line":23,"column":9}},{"start":{},"end":{}}],"line":20},"1":{"loc":{"start":{"line":20,"column":12},"end":{"line":20,"column":44}},"type":"binary-expr","locations":[{"start":{"line":20,"column":12},"end":{"line":20,"column":21}},{"start":{"line":20,"column":25},"end":{"line":20,"column":31}},{"start":{"line":20,"column":35},"end":{"line":20,"column":44}}],"line":20},"2":{"loc":{"start":{"line":26,"column":8},"end":{"line":29,"column":9}},"type":"if","locations":[{"start":{"line":26,"column":8},"end":{"line":29,"column":9}},{"start":{},"end":{}}],"line":26},"3":{"loc":{"start":{"line":36,"column":8},"end":{"line":39,"column":9}},"type":"if","locations":[{"start":{"line":36,"column":8},"end":{"line":39,"column":9}},{"start":{},"end":{}}],"line":36},"4":{"loc":{"start":{"line":41,"column":8},"end":{"line":44,"column":9}},"type":"if","locations":[{"start":{"line":41,"column":8},"end":{"line":44,"column":9}},{"start":{},"end":{}}],"line":41},"5":{"loc":{"start":{"line":59,"column":8},"end":{"line":71,"column":9}},"type":"if","locations":[{"start":{"line":59,"column":8},"end":{"line":71,"column":9}},{"start":{"line":68,"column":15},"end":{"line":71,"column":9}}],"line":59},"6":{"loc":{"start":{"line":79,"column":19},"end":{"line":79,"column":84}},"type":"cond-expr","locations":[{"start":{"line":79,"column":59},"end":{"line":79,"column":68}},{"start":{"line":79,"column":71},"end":{"line":79,"column":84}}],"line":79},"7":{"loc":{"start":{"line":94,"column":8},"end":{"line":103,"column":9}},"type":"if","locations":[{"start":{"line":94,"column":8},"end":{"line":103,"column":9}},{"start":{"line":101,"column":15},"end":{"line":103,"column":9}}],"line":94},"8":{"loc":{"start":{"line":94,"column":12},"end":{"line":94,"column":67}},"type":"binary-expr","locations":[{"start":{"line":94,"column":12},"end":{"line":94,"column":16}},{"start":{"line":94,"column":21},"end":{"line":94,"column":66}}],"line":94}},"s":{"0":1,"1":1,"2":1,"3":1,"4":14,"5":1,"6":14,"7":14,"8":14,"9":14,"10":0,"11":0,"12":14,"13":0,"14":0,"15":14,"16":14,"17":14,"18":14,"19":0,"20":0,"21":14,"22":0,"23":0,"24":14,"25":14,"26":14,"27":14,"28":14,"29":14,"30":14,"31":14,"32":14,"33":0,"34":0,"35":0,"36":0,"37":0,"38":0,"39":0,"40":1,"41":0,"42":0,"43":0,"44":0,"45":0,"46":0,"47":0,"48":0,"49":1,"50":0,"51":0,"52":0,"53":0,"54":0,"55":1},"f":{"0":14,"1":14,"2":0,"3":0},"b":{"0":[0,14],"1":[14,14,14],"2":[0,14],"3":[0,14],"4":[0,14],"5":[14,0],"6":[0,0],"7":[0,0],"8":[0,0]},"_coverageSchema":"1a1c01bbd47fc00a2c39e90264f33305004495a9","hash":"023af7b00cfc8b628404bde9deacdb1d493eab83"}
,"/Users/priyanshsmac/Desktop/google-clone/server/controllers/documentController.js": {"path":"/Users/priyanshsmac/Desktop/google-clone/server/controllers/documentController.js","statementMap":{"0":{"start":{"line":1,"column":17},"end":{"line":1,"column":39}},"1":{"start":{"line":2,"column":19},"end":{"line":2,"column":36}},"2":{"start":{"line":5,"column":0},"end":{"line":29,"column":1}},"3":{"start":{"line":6,"column":4},"end":{"line":28,"column":5}},"4":{"start":{"line":7,"column":38},"end":{"line":7,"column":46}},"5":{"start":{"line":9,"column":25},"end":{"line":21,"column":10}},"6":{"start":{"line":23,"column":8},"end":{"line":23,"column":29}},"7":{"start":{"line":24,"column":8},"end":{"line":24,"column":38}},"8":{"start":{"line":26,"column":8},"end":{"line":26,"column":56}},"9":{"start":{"line":27,"column":8},"end":{"line":27,"column":70}},"10":{"start":{"line":32,"column":0},"end":{"line":50,"column":1}},"11":{"start":{"line":33,"column":4},"end":{"line":49,"column":5}},"12":{"start":{"line":34,"column":26},"end":{"line":43,"column":52}},"13":{"start":{"line":45,"column":8},"end":{"line":45,"column":27}},"14":{"start":{"line":47,"column":8},"end":{"line":47,"column":57}},"15":{"start":{"line":48,"column":8},"end":{"line":48,"column":70}},"16":{"start":{"line":53,"column":0},"end":{"line":80,"column":1}},"17":{"start":{"line":54,"column":4},"end":{"line":79,"column":5}},"18":{"start":{"line":55,"column":23},"end":{"line":55,"column":33}},"19":{"start":{"line":57,"column":25},"end":{"line":59,"column":61}},"20":{"start":{"line":61,"column":8},"end":{"line":63,"column":9}},"21":{"start":{"line":62,"column":12},"end":{"line":62,"column":74}},"22":{"start":{"line":66,"column":24},"end":{"line":66,"column":69}},"23":{"start":{"line":67,"column":31},"end":{"line":69,"column":9}},"24":{"start":{"line":68,"column":22},"end":{"line":68,"column":64}},"25":{"start":{"line":71,"column":8},"end":{"line":73,"column":9}},"26":{"start":{"line":72,"column":12},"end":{"line":72,"column":69}},"27":{"start":{"line":75,"column":8},"end":{"line":75,"column":26}},"28":{"start":{"line":77,"column":8},"end":{"line":77,"column":56}},"29":{"start":{"line":78,"column":8},"end":{"line":78,"column":69}},"30":{"start":{"line":83,"column":0},"end":{"line":104,"column":1}},"31":{"start":{"line":84,"column":4},"end":{"line":103,"column":5}},"32":{"start":{"line":85,"column":23},"end":{"line":85,"column":33}},"33":{"start":{"line":87,"column":25},"end":{"line":87,"column":52}},"34":{"start":{"line":89,"column":8},"end":{"line":91,"column":9}},"35":{"start":{"line":90,"column":12},"end":{"line":90,"column":74}},"36":{"start":{"line":94,"column":8},"end":{"line":96,"column":9}},"37":{"start":{"line":95,"column":12},"end":{"line":95,"column":95}},"38":{"start":{"line":98,"column":8},"end":{"line":98,"column":44}},"39":{"start":{"line":99,"column":8},"end":{"line":99,"column":62}},"40":{"start":{"line":101,"column":8},"end":{"line":101,"column":56}},"41":{"start":{"line":102,"column":8},"end":{"line":102,"column":70}},"42":{"start":{"line":107,"column":0},"end":{"line":136,"column":1}},"43":{"start":{"line":108,"column":4},"end":{"line":135,"column":5}},"44":{"start":{"line":109,"column":23},"end":{"line":109,"column":33}},"45":{"start":{"line":110,"column":26},"end":{"line":110,"column":34}},"46":{"start":{"line":112,"column":25},"end":{"line":112,"column":52}},"47":{"start":{"line":114,"column":8},"end":{"line":116,"column":9}},"48":{"start":{"line":115,"column":12},"end":{"line":115,"column":74}},"49":{"start":{"line":119,"column":24},"end":{"line":119,"column":65}},"50":{"start":{"line":120,"column":36},"end":{"line":122,"column":9}},"51":{"start":{"line":121,"column":22},"end":{"line":121,"column":94}},"52":{"start":{"line":124,"column":8},"end":{"line":126,"column":9}},"53":{"start":{"line":125,"column":12},"end":{"line":125,"column":69}},"54":{"start":{"line":128,"column":8},"end":{"line":128,"column":30}},"55":{"start":{"line":129,"column":8},"end":{"line":129,"column":29}},"56":{"start":{"line":131,"column":8},"end":{"line":131,"column":26}},"57":{"start":{"line":133,"column":8},"end":{"line":133,"column":56}},"58":{"start":{"line":134,"column":8},"end":{"line":134,"column":70}},"59":{"start":{"line":139,"column":0},"end":{"line":184,"column":1}},"60":{"start":{"line":140,"column":4},"end":{"line":183,"column":5}},"61":{"start":{"line":141,"column":23},"end":{"line":141,"column":33}},"62":{"start":{"line":142,"column":31},"end":{"line":142,"column":39}},"63":{"start":{"line":144,"column":25},"end":{"line":144,"column":52}},"64":{"start":{"line":146,"column":8},"end":{"line":148,"column":9}},"65":{"start":{"line":147,"column":12},"end":{"line":147,"column":74}},"66":{"start":{"line":151,"column":8},"end":{"line":153,"column":9}},"67":{"start":{"line":152,"column":12},"end":{"line":152,"column":95}},"68":{"start":{"line":156,"column":8},"end":{"line":158,"column":9}},"69":{"start":{"line":157,"column":12},"end":{"line":157,"column":79}},"70":{"start":{"line":161,"column":22},"end":{"line":161,"column":31}},"71":{"start":{"line":163,"column":8},"end":{"line":168,"column":9}},"72":{"start":{"line":170,"column":8},"end":{"line":170,"column":29}},"73":{"start":{"line":172,"column":25},"end":{"line":172,"column":110}},"74":{"start":{"line":174,"column":8},"end":{"line":179,"column":10}},"75":{"start":{"line":181,"column":8},"end":{"line":181,"column":60}},"76":{"start":{"line":182,"column":8},"end":{"line":182,"column":74}},"77":{"start":{"line":187,"column":0},"end":{"line":212,"column":1}},"78":{"start":{"line":188,"column":4},"end":{"line":211,"column":5}},"79":{"start":{"line":189,"column":23},"end":{"line":189,"column":33}},"80":{"start":{"line":191,"column":25},"end":{"line":191,"column":52}},"81":{"start":{"line":193,"column":8},"end":{"line":195,"column":9}},"82":{"start":{"line":194,"column":12},"end":{"line":194,"column":74}},"83":{"start":{"line":198,"column":8},"end":{"line":200,"column":9}},"84":{"start":{"line":199,"column":12},"end":{"line":199,"column":94}},"85":{"start":{"line":202,"column":8},"end":{"line":205,"column":9}},"86":{"start":{"line":203,"column":12},"end":{"line":203,"column":46}},"87":{"start":{"line":204,"column":12},"end":{"line":204,"column":33}},"88":{"start":{"line":207,"column":8},"end":{"line":207,"column":65}},"89":{"start":{"line":209,"column":8},"end":{"line":209,"column":59}},"90":{"start":{"line":210,"column":8},"end":{"line":210,"column":73}},"91":{"start":{"line":215,"column":0},"end":{"line":243,"column":1}},"92":{"start":{"line":216,"column":4},"end":{"line":242,"column":5}},"93":{"start":{"line":217,"column":23},"end":{"line":217,"column":33}},"94":{"start":{"line":218,"column":26},"end":{"line":218,"column":35}},"95":{"start":{"line":220,"column":25},"end":{"line":222,"column":61}},"96":{"start":{"line":224,"column":8},"end":{"line":226,"column":9}},"97":{"start":{"line":225,"column":12},"end":{"line":225,"column":74}},"98":{"start":{"line":229,"column":8},"end":{"line":233,"column":9}},"99":{"start":{"line":232,"column":12},"end":{"line":232,"column":85}},"100":{"start":{"line":235,"column":8},"end":{"line":238,"column":10}},"101":{"start":{"line":240,"column":8},"end":{"line":240,"column":64}},"102":{"start":{"line":241,"column":8},"end":{"line":241,"column":77}},"103":{"start":{"line":246,"column":0},"end":{"line":284,"column":1}},"104":{"start":{"line":247,"column":4},"end":{"line":283,"column":5}},"105":{"start":{"line":248,"column":23},"end":{"line":248,"column":33}},"106":{"start":{"line":249,"column":39},"end":{"line":249,"column":47}},"107":{"start":{"line":251,"column":25},"end":{"line":251,"column":52}},"108":{"start":{"line":253,"column":8},"end":{"line":255,"column":9}},"109":{"start":{"line":254,"column":12},"end":{"line":254,"column":74}},"110":{"start":{"line":258,"column":8},"end":{"line":260,"column":9}},"111":{"start":{"line":259,"column":12},"end":{"line":259,"column":92}},"112":{"start":{"line":263,"column":37},"end":{"line":265,"column":9}},"113":{"start":{"line":264,"column":22},"end":{"line":264,"column":55}},"114":{"start":{"line":267,"column":8},"end":{"line":269,"column":9}},"115":{"start":{"line":268,"column":12},"end":{"line":268,"column":86}},"116":{"start":{"line":271,"column":8},"end":{"line":274,"column":10}},"117":{"start":{"line":276,"column":8},"end":{"line":276,"column":29}},"118":{"start":{"line":277,"column":8},"end":{"line":277,"column":71}},"119":{"start":{"line":279,"column":8},"end":{"line":279,"column":26}},"120":{"start":{"line":281,"column":8},"end":{"line":281,"column":58}},"121":{"start":{"line":282,"column":8},"end":{"line":282,"column":71}},"122":{"start":{"line":287,"column":0},"end":{"line":313,"column":1}},"123":{"start":{"line":288,"column":4},"end":{"line":312,"column":5}},"124":{"start":{"line":289,"column":31},"end":{"line":289,"column":41}},"125":{"start":{"line":291,"column":25},"end":{"line":291,"column":52}},"126":{"start":{"line":293,"column":8},"end":{"line":295,"column":9}},"127":{"start":{"line":294,"column":12},"end":{"line":294,"column":74}},"128":{"start":{"line":298,"column":8},"end":{"line":300,"column":9}},"129":{"start":{"line":299,"column":12},"end":{"line":299,"column":95}},"130":{"start":{"line":302,"column":8},"end":{"line":304,"column":9}},"131":{"start":{"line":303,"column":22},"end":{"line":303,"column":55}},"132":{"start":{"line":306,"column":8},"end":{"line":306,"column":29}},"133":{"start":{"line":308,"column":8},"end":{"line":308,"column":66}},"134":{"start":{"line":310,"column":8},"end":{"line":310,"column":60}},"135":{"start":{"line":311,"column":8},"end":{"line":311,"column":74}}},"fnMap":{"0":{"name":"(anonymous_0)","decl":{"start":{"line":5,"column":25},"end":{"line":5,"column":26}},"loc":{"start":{"line":5,"column":45},"end":{"line":29,"column":1}},"line":5},"1":{"name":"(anonymous_1)","decl":{"start":{"line":32,"column":27},"end":{"line":32,"column":28}},"loc":{"start":{"line":32,"column":47},"end":{"line":50,"column":1}},"line":32},"2":{"name":"(anonymous_2)","decl":{"start":{"line":53,"column":22},"end":{"line":53,"column":23}},"loc":{"start":{"line":53,"column":42},"end":{"line":80,"column":1}},"line":53},"3":{"name":"(anonymous_3)","decl":{"start":{"line":68,"column":12},"end":{"line":68,"column":13}},"loc":{"start":{"line":68,"column":22},"end":{"line":68,"column":64}},"line":68},"4":{"name":"(anonymous_4)","decl":{"start":{"line":83,"column":25},"end":{"line":83,"column":26}},"loc":{"start":{"line":83,"column":45},"end":{"line":104,"column":1}},"line":83},"5":{"name":"(anonymous_5)","decl":{"start":{"line":107,"column":30},"end":{"line":107,"column":31}},"loc":{"start":{"line":107,"column":50},"end":{"line":136,"column":1}},"line":107},"6":{"name":"(anonymous_6)","decl":{"start":{"line":121,"column":12},"end":{"line":121,"column":13}},"loc":{"start":{"line":121,"column":22},"end":{"line":121,"column":94}},"line":121},"7":{"name":"(anonymous_7)","decl":{"start":{"line":139,"column":28},"end":{"line":139,"column":29}},"loc":{"start":{"line":139,"column":48},"end":{"line":184,"column":1}},"line":139},"8":{"name":"(anonymous_8)","decl":{"start":{"line":187,"column":27},"end":{"line":187,"column":28}},"loc":{"start":{"line":187,"column":47},"end":{"line":212,"column":1}},"line":187},"9":{"name":"(anonymous_9)","decl":{"start":{"line":215,"column":31},"end":{"line":215,"column":32}},"loc":{"start":{"line":215,"column":51},"end":{"line":243,"column":1}},"line":215},"10":{"name":"(anonymous_10)","decl":{"start":{"line":246,"column":26},"end":{"line":246,"column":27}},"loc":{"start":{"line":246,"column":46},"end":{"line":284,"column":1}},"line":246},"11":{"name":"(anonymous_11)","decl":{"start":{"line":264,"column":12},"end":{"line":264,"column":13}},"loc":{"start":{"line":264,"column":22},"end":{"line":264,"column":55}},"line":264},"12":{"name":"(anonymous_12)","decl":{"start":{"line":287,"column":29},"end":{"line":287,"column":30}},"loc":{"start":{"line":287,"column":49},"end":{"line":313,"column":1}},"line":287},"13":{"name":"(anonymous_13)","decl":{"start":{"line":303,"column":12},"end":{"line":303,"column":13}},"loc":{"start":{"line":303,"column":22},"end":{"line":303,"column":55}},"line":303}},"branchMap":{"0":{"loc":{"start":{"line":11,"column":19},"end":{"line":11,"column":47}},"type":"binary-expr","locations":[{"start":{"line":11,"column":19},"end":{"line":11,"column":24}},{"start":{"line":11,"column":28},"end":{"line":11,"column":47}}],"line":11},"1":{"loc":{"start":{"line":61,"column":8},"end":{"line":63,"column":9}},"type":"if","locations":[{"start":{"line":61,"column":8},"end":{"line":63,"column":9}},{"start":{},"end":{}}],"line":61},"2":{"loc":{"start":{"line":71,"column":8},"end":{"line":73,"column":9}},"type":"if","locations":[{"start":{"line":71,"column":8},"end":{"line":73,"column":9}},{"start":{},"end":{}}],"line":71},"3":{"loc":{"start":{"line":71,"column":12},"end":{"line":71,"column":39}},"type":"binary-expr","locations":[{"start":{"line":71,"column":12},"end":{"line":71,"column":20}},{"start":{"line":71,"column":24},"end":{"line":71,"column":39}}],"line":71},"4":{"loc":{"start":{"line":89,"column":8},"end":{"line":91,"column":9}},"type":"if","locations":[{"start":{"line":89,"column":8},"end":{"line":91,"column":9}},{"start":{},"end":{}}],"line":89},"5":{"loc":{"start":{"line":94,"column":8},"end":{"line":96,"column":9}},"type":"if","locations":[{"start":{"line":94,"column":8},"end":{"line":96,"column":9}},{"start":{},"end":{}}],"line":94},"6":{"loc":{"start":{"line":114,"column":8},"end":{"line":116,"column":9}},"type":"if","locations":[{"start":{"line":114,"column":8},"end":{"line":116,"column":9}},{"start":{},"end":{}}],"line":114},"7":{"loc":{"start":{"line":121,"column":22},"end":{"line":121,"column":94}},"type":"binary-expr","locations":[{"start":{"line":121,"column":22},"end":{"line":121,"column":60}},{"start":{"line":121,"column":64},"end":{"line":121,"column":94}}],"line":121},"8":{"loc":{"start":{"line":124,"column":8},"end":{"line":126,"column":9}},"type":"if","locations":[{"start":{"line":124,"column":8},"end":{"line":126,"column":9}},{"start":{},"end":{}}],"line":124},"9":{"loc":{"start":{"line":124,"column":12},"end":{"line":124,"column":44}},"type":"binary-expr","locations":[{"start":{"line":124,"column":12},"end":{"line":124,"column":20}},{"start":{"line":124,"column":24},"end":{"line":124,"column":44}}],"line":124},"10":{"loc":{"start":{"line":146,"column":8},"end":{"line":148,"column":9}},"type":"if","locations":[{"start":{"line":146,"column":8},"end":{"line":148,"column":9}},{"start":{},"end":{}}],"line":146},"11":{"loc":{"start":{"line":151,"column":8},"end":{"line":153,"column":9}},"type":"if","locations":[{"start":{"line":151,"column":8},"end":{"line":153,"column":9}},{"start":{},"end":{}}],"line":151},"12":{"loc":{"start":{"line":156,"column":8},"end":{"line":158,"column":9}},"type":"if","locations":[{"start":{"line":156,"column":8},"end":{"line":158,"column":9}},{"start":{},"end":{}}],"line":156},"13":{"loc":{"start":{"line":172,"column":28},"end":{"line":172,"column":77}},"type":"binary-expr","locations":[{"start":{"line":172,"column":28},"end":{"line":172,"column":50}},{"start":{"line":172,"column":54},"end":{"line":172,"column":77}}],"line":172},"14":{"loc":{"start":{"line":193,"column":8},"end":{"line":195,"column":9}},"type":"if","locations":[{"start":{"line":193,"column":8},"end":{"line":195,"column":9}},{"start":{},"end":{}}],"line":193},"15":{"loc":{"start":{"line":198,"column":8},"end":{"line":200,"column":9}},"type":"if","locations":[{"start":{"line":198,"column":8},"end":{"line":200,"column":9}},{"start":{},"end":{}}],"line":198},"16":{"loc":{"start":{"line":202,"column":8},"end":{"line":205,"column":9}},"type":"if","locations":[{"start":{"line":202,"column":8},"end":{"line":205,"column":9}},{"start":{},"end":{}}],"line":202},"17":{"loc":{"start":{"line":224,"column":8},"end":{"line":226,"column":9}},"type":"if","locations":[{"start":{"line":224,"column":8},"end":{"line":226,"column":9}},{"start":{},"end":{}}],"line":224},"18":{"loc":{"start":{"line":229,"column":8},"end":{"line":233,"column":9}},"type":"if","locations":[{"start":{"line":229,"column":8},"end":{"line":233,"column":9}},{"start":{},"end":{}}],"line":229},"19":{"loc":{"start":{"line":229,"column":12},"end":{"line":231,"column":46}},"type":"binary-expr","locations":[{"start":{"line":229,"column":12},"end":{"line":229,"column":31}},{"start":{"line":230,"column":12},"end":{"line":230,"column":39}},{"start":{"line":231,"column":12},"end":{"line":231,"column":46}}],"line":229},"20":{"loc":{"start":{"line":253,"column":8},"end":{"line":255,"column":9}},"type":"if","locations":[{"start":{"line":253,"column":8},"end":{"line":255,"column":9}},{"start":{},"end":{}}],"line":253},"21":{"loc":{"start":{"line":258,"column":8},"end":{"line":260,"column":9}},"type":"if","locations":[{"start":{"line":258,"column":8},"end":{"line":260,"column":9}},{"start":{},"end":{}}],"line":258},"22":{"loc":{"start":{"line":267,"column":8},"end":{"line":269,"column":9}},"type":"if","locations":[{"start":{"line":267,"column":8},"end":{"line":269,"column":9}},{"start":{},"end":{}}],"line":267},"23":{"loc":{"start":{"line":273,"column":24},"end":{"line":273,"column":46}},"type":"binary-expr","locations":[{"start":{"line":273,"column":24},"end":{"line":273,"column":34}},{"start":{"line":273,"column":38},"end":{"line":273,"column":46}}],"line":273},"24":{"loc":{"start":{"line":293,"column":8},"end":{"line":295,"column":9}},"type":"if","locations":[{"start":{"line":293,"column":8},"end":{"line":295,"column":9}},{"start":{},"end":{}}],"line":293},"25":{"loc":{"start":{"line":298,"column":8},"end":{"line":300,"column":9}},"type":"if","locations":[{"start":{"line":298,"column":8},"end":{"line":300,"column":9}},{"start":{},"end":{}}],"line":298}},"s":{"0":1,"1":1,"2":1,"3":1,"4":1,"5":1,"6":1,"7":1,"8":0,"9":0,"10":1,"11":1,"12":1,"13":1,"14":0,"15":0,"16":1,"17":2,"18":2,"19":2,"20":2,"21":1,"22":1,"23":1,"24":0,"25":1,"26":0,"27":1,"28":0,"29":0,"30":1,"31":2,"32":2,"33":2,"34":2,"35":1,"36":1,"37":0,"38":1,"39":1,"40":0,"41":0,"42":1,"43":1,"44":1,"45":1,"46":1,"47":1,"48":0,"49":1,"50":1,"51":0,"52":1,"53":0,"54":1,"55":1,"56":1,"57":0,"58":0,"59":1,"60":2,"61":2,"62":2,"63":2,"64":2,"65":0,"66":2,"67":0,"68":2,"69":1,"70":1,"71":1,"72":1,"73":1,"74":1,"75":0,"76":0,"77":1,"78":0,"79":0,"80":0,"81":0,"82":0,"83":0,"84":0,"85":0,"86":0,"87":0,"88":0,"89":0,"90":0,"91":1,"92":0,"93":0,"94":0,"95":0,"96":0,"97":0,"98":0,"99":0,"100":0,"101":0,"102":0,"103":1,"104":0,"105":0,"106":0,"107":0,"108":0,"109":0,"110":0,"111":0,"112":0,"113":0,"114":0,"115":0,"116":0,"117":0,"118":0,"119":0,"120":0,"121":0,"122":1,"123":0,"124":0,"125":0,"126":0,"127":0,"128":0,"129":0,"130":0,"131":0,"132":0,"133":0,"134":0,"135":0},"f":{"0":1,"1":1,"2":2,"3":0,"4":2,"5":1,"6":0,"7":2,"8":0,"9":0,"10":0,"11":0,"12":0,"13":0},"b":{"0":[1,0],"1":[1,1],"2":[0,1],"3":[1,0],"4":[1,1],"5":[0,1],"6":[0,1],"7":[0,0],"8":[0,1],"9":[1,0],"10":[0,2],"11":[0,2],"12":[1,1],"13":[1,0],"14":[0,0],"15":[0,0],"16":[0,0],"17":[0,0],"18":[0,0],"19":[0,0,0],"20":[0,0],"21":[0,0],"22":[0,0],"23":[0,0],"24":[0,0],"25":[0,0]},"_coverageSchema":"1a1c01bbd47fc00a2c39e90264f33305004495a9","hash":"0b88f886270b1cbdec270ffad1cf4dfefdffb483"}
,"/Users/priyanshsmac/Desktop/google-clone/server/middleware/authMiddleware.js": {"path":"/Users/priyanshsmac/Desktop/google-clone/server/middleware/authMiddleware.js","statementMap":{"0":{"start":{"line":1,"column":12},"end":{"line":1,"column":35}},"1":{"start":{"line":2,"column":13},"end":{"line":2,"column":31}},"2":{"start":{"line":4,"column":20},"end":{"line":33,"column":1}},"3":{"start":{"line":7,"column":4},"end":{"line":32,"column":5}},"4":{"start":{"line":11,"column":8},"end":{"line":29,"column":9}},"5":{"start":{"line":13,"column":12},"end":{"line":13,"column":59}},"6":{"start":{"line":16,"column":28},"end":{"line":16,"column":69}},"7":{"start":{"line":19,"column":12},"end":{"line":19,"column":74}},"8":{"start":{"line":21,"column":12},"end":{"line":23,"column":13}},"9":{"start":{"line":22,"column":16},"end":{"line":22,"column":90}},"10":{"start":{"line":25,"column":12},"end":{"line":25,"column":18}},"11":{"start":{"line":27,"column":12},"end":{"line":27,"column":32}},"12":{"start":{"line":28,"column":12},"end":{"line":28,"column":77}},"13":{"start":{"line":31,"column":8},"end":{"line":31,"column":69}},"14":{"start":{"line":35,"column":0},"end":{"line":35,"column":32}}},"fnMap":{"0":{"name":"(anonymous_0)","decl":{"start":{"line":4,"column":20},"end":{"line":4,"column":21}},"loc":{"start":{"line":4,"column":46},"end":{"line":33,"column":1}},"line":4}},"branchMap":{"0":{"loc":{"start":{"line":7,"column":4},"end":{"line":32,"column":5}},"type":"if","locations":[{"start":{"line":7,"column":4},"end":{"line":32,"column":5}},{"start":{"line":30,"column":11},"end":{"line":32,"column":5}}],"line":7},"1":{"loc":{"start":{"line":8,"column":8},"end":{"line":9,"column":54}},"type":"binary-expr","locations":[{"start":{"line":8,"column":8},"end":{"line":8,"column":33}},{"start":{"line":9,"column":8},"end":{"line":9,"column":54}}],"line":8},"2":{"loc":{"start":{"line":21,"column":12},"end":{"line":23,"column":13}},"type":"if","locations":[{"start":{"line":21,"column":12},"end":{"line":23,"column":13}},{"start":{},"end":{}}],"line":21}},"s":{"0":1,"1":1,"2":1,"3":14,"4":11,"5":11,"6":11,"7":11,"8":11,"9":0,"10":11,"11":0,"12":0,"13":3,"14":1},"f":{"0":14},"b":{"0":[11,3],"1":[14,11],"2":[0,11]},"_coverageSchema":"1a1c01bbd47fc00a2c39e90264f33305004495a9","hash":"0446b96e791937bfd04cc24d9e1b3c59d801a977"}
,"/Users/priyanshsmac/Desktop/google-clone/server/middleware/rateLimiter.js": {"path":"/Users/priyanshsmac/Desktop/google-clone/server/middleware/rateLimiter.js","statementMap":{"0":{"start":{"line":1,"column":18},"end":{"line":1,"column":47}},"1":{"start":{"line":3,"column":15},"end":{"line":3,"column":46}},"2":{"start":{"line":6,"column":22},"end":{"line":11,"column":1}},"3":{"start":{"line":7,"column":4},"end":{"line":9,"column":5}},"4":{"start":{"line":8,"column":8},"end":{"line":8,"column":42}},"5":{"start":{"line":8,"column":35},"end":{"line":8,"column":41}},"6":{"start":{"line":10,"column":4},"end":{"line":10,"column":30}},"7":{"start":{"line":14,"column":19},"end":{"line":20,"column":2}},"8":{"start":{"line":23,"column":20},"end":{"line":29,"column":2}},"9":{"start":{"line":32,"column":18},"end":{"line":38,"column":2}},"10":{"start":{"line":40,"column":0},"end":{"line":44,"column":2}}},"fnMap":{"0":{"name":"(anonymous_0)","decl":{"start":{"line":6,"column":22},"end":{"line":6,"column":23}},"loc":{"start":{"line":6,"column":35},"end":{"line":11,"column":1}},"line":6},"1":{"name":"(anonymous_1)","decl":{"start":{"line":8,"column":15},"end":{"line":8,"column":16}},"loc":{"start":{"line":8,"column":35},"end":{"line":8,"column":41}},"line":8}},"branchMap":{"0":{"loc":{"start":{"line":7,"column":4},"end":{"line":9,"column":5}},"type":"if","locations":[{"start":{"line":7,"column":4},"end":{"line":9,"column":5}},{"start":{},"end":{}}],"line":7}},"s":{"0":1,"1":1,"2":1,"3":3,"4":3,"5":14,"6":0,"7":1,"8":1,"9":1,"10":1},"f":{"0":3,"1":14},"b":{"0":[3,0]},"_coverageSchema":"1a1c01bbd47fc00a2c39e90264f33305004495a9","hash":"e0cd626ab77320f7277872a0fce507648455a532"}
,"/Users/priyanshsmac/Desktop/google-clone/server/middleware/validation.js": {"path":"/Users/priyanshsmac/Desktop/google-clone/server/middleware/validation.js","statementMap":{"0":{"start":{"line":1,"column":42},"end":{"line":1,"column":70}},"1":{"start":{"line":4,"column":17},"end":{"line":13,"column":1}},"2":{"start":{"line":5,"column":19},"end":{"line":5,"column":40}},"3":{"start":{"line":6,"column":4},"end":{"line":11,"column":5}},"4":{"start":{"line":7,"column":8},"end":{"line":10,"column":11}},"5":{"start":{"line":12,"column":4},"end":{"line":12,"column":11}},"6":{"start":{"line":16,"column":27},"end":{"line":30,"column":1}},"7":{"start":{"line":33,"column":24},"end":{"line":43,"column":1}},"8":{"start":{"line":46,"column":33},"end":{"line":57,"column":1}},"9":{"start":{"line":60,"column":38},"end":{"line":70,"column":1}},"10":{"start":{"line":73,"column":28},"end":{"line":86,"column":1}},"11":{"start":{"line":89,"column":29},"end":{"line":94,"column":1}},"12":{"start":{"line":96,"column":0},"end":{"line":104,"column":2}}},"fnMap":{"0":{"name":"(anonymous_0)","decl":{"start":{"line":4,"column":17},"end":{"line":4,"column":18}},"loc":{"start":{"line":4,"column":37},"end":{"line":13,"column":1}},"line":4}},"branchMap":{"0":{"loc":{"start":{"line":6,"column":4},"end":{"line":11,"column":5}},"type":"if","locations":[{"start":{"line":6,"column":4},"end":{"line":11,"column":5}},{"start":{},"end":{}}],"line":6}},"s":{"0":1,"1":1,"2":24,"3":24,"4":2,"5":22,"6":1,"7":1,"8":1,"9":1,"10":1,"11":1,"12":1},"f":{"0":24},"b":{"0":[2,22]},"_coverageSchema":"1a1c01bbd47fc00a2c39e90264f33305004495a9","hash":"58091f88c1ee28a6234738fceb9602c0b6d506c0"}
,"/Users/priyanshsmac/Desktop/google-clone/server/routes/aiRoutes.js": {"path":"/Users/priyanshsmac/Desktop/google-clone/server/routes/aiRoutes.js","statementMap":{"0":{"start":{"line":1,"column":16},"end":{"line":1,"column":34}},"1":{"start":{"line":2,"column":15},"end":{"line":2,"column":31}},"2":{"start":{"line":3,"column":24},"end":{"line":3,"column":63}},"3":{"start":{"line":4,"column":22},"end":{"line":4,"column":60}},"4":{"start":{"line":5,"column":22},"end":{"line":5,"column":58}},"5":{"start":{"line":6,"column":32},"end":{"line":6,"column":67}},"6":{"start":{"line":9,"column":0},"end":{"line":9,"column":23}},"7":{"start":{"line":12,"column":0},"end":{"line":12,"column":21}},"8":{"start":{"line":15,"column":0},"end":{"line":15,"column":55}},"9":{"start":{"line":17,"column":0},"end":{"line":17,"column":23}}},"fnMap":{},"branchMap":{},"s":{"0":0,"1":0,"2":0,"3":0,"4":0,"5":0,"6":0,"7":0,"8":0,"9":0},"f":{},"b":{}}
,"/Users/priyanshsmac/Desktop/google-clone/server/routes/authRoutes.js": {"path":"/Users/priyanshsmac/Desktop/google-clone/server/routes/authRoutes.js","statementMap":{"0":{"start":{"line":1,"column":16},"end":{"line":1,"column":34}},"1":{"start":{"line":2,"column":15},"end":{"line":2,"column":31}},"2":{"start":{"line":7,"column":4},"end":{"line":7,"column":44}},"3":{"start":{"line":8,"column":24},"end":{"line":8,"column":63}},"4":{"start":{"line":9,"column":24},"end":{"line":9,"column":60}},"5":{"start":{"line":10,"column":48},"end":{"line":10,"column":83}},"6":{"start":{"line":13,"column":0},"end":{"line":13,"column":23}},"7":{"start":{"line":15,"column":0},"end":{"line":15,"column":58}},"8":{"start":{"line":16,"column":0},"end":{"line":16,"column":49}},"9":{"start":{"line":17,"column":0},"end":{"line":17,"column":37}},"10":{"start":{"line":19,"column":0},"end":{"line":19,"column":23}}},"fnMap":{},"branchMap":{},"s":{"0":1,"1":1,"2":1,"3":1,"4":1,"5":1,"6":1,"7":1,"8":1,"9":1,"10":1},"f":{},"b":{},"_coverageSchema":"1a1c01bbd47fc00a2c39e90264f33305004495a9","hash":"911dc2ca1352e2ba1ed77cec53ea335b7af4b3f0"}
,"/Users/priyanshsmac/Desktop/google-clone/server/routes/documentRoutes.js": {"path":"/Users/priyanshsmac/Desktop/google-clone/server/routes/documentRoutes.js","statementMap":{"0":{"start":{"line":1,"column":16},"end":{"line":1,"column":34}},"1":{"start":{"line":2,"column":15},"end":{"line":2,"column":31}},"2":{"start":{"line":3,"column":24},"end":{"line":3,"column":63}},"3":{"start":{"line":15,"column":4},"end":{"line":15,"column":48}},"4":{"start":{"line":20,"column":4},"end":{"line":20,"column":39}},"5":{"start":{"line":23,"column":0},"end":{"line":23,"column":47}},"6":{"start":{"line":26,"column":0},"end":{"line":26,"column":23}},"7":{"start":{"line":29,"column":0},"end":{"line":29,"column":58}},"8":{"start":{"line":32,"column":0},"end":{"line":32,"column":33}},"9":{"start":{"line":35,"column":0},"end":{"line":35,"column":53}},"10":{"start":{"line":38,"column":0},"end":{"line":38,"column":78}},"11":{"start":{"line":41,"column":0},"end":{"line":41,"column":59}},"12":{"start":{"line":44,"column":0},"end":{"line":44,"column":66}},"13":{"start":{"line":47,"column":0},"end":{"line":47,"column":67}},"14":{"start":{"line":50,"column":0},"end":{"line":50,"column":72}},"15":{"start":{"line":53,"column":0},"end":{"line":53,"column":63}},"16":{"start":{"line":55,"column":0},"end":{"line":55,"column":23}}},"fnMap":{},"branchMap":{},"s":{"0":1,"1":1,"2":1,"3":1,"4":1,"5":1,"6":1,"7":1,"8":1,"9":1,"10":1,"11":1,"12":1,"13":1,"14":1,"15":1,"16":1},"f":{},"b":{},"_coverageSchema":"1a1c01bbd47fc00a2c39e90264f33305004495a9","hash":"7421653e7292c43275cf65a21cad806c2a16726f"}
,"/Users/priyanshsmac/Desktop/google-clone/server/scripts/list-models.js": {"path":"/Users/priyanshsmac/Desktop/google-clone/server/scripts/list-models.js","statementMap":{"0":{"start":{"line":1,"column":0},"end":{"line":1,"column":26}},"1":{"start":{"line":2,"column":31},"end":{"line":2,"column":63}},"2":{"start":{"line":5,"column":4},"end":{"line":5,"column":58}},"3":{"start":{"line":7,"column":19},"end":{"line":7,"column":45}},"4":{"start":{"line":8,"column":4},"end":{"line":11,"column":5}},"5":{"start":{"line":9,"column":8},"end":{"line":9,"column":59}},"6":{"start":{"line":10,"column":8},"end":{"line":10,"column":14}},"7":{"start":{"line":13,"column":4},"end":{"line":34,"column":5}},"8":{"start":{"line":16,"column":25},"end":{"line":18,"column":9}},"9":{"start":{"line":19,"column":21},"end":{"line":19,"column":42}},"10":{"start":{"line":21,"column":8},"end":{"line":30,"column":9}},"11":{"start":{"line":22,"column":12},"end":{"line":22,"column":46}},"12":{"start":{"line":23,"column":12},"end":{"line":27,"column":14}},"13":{"start":{"line":24,"column":16},"end":{"line":26,"column":17}},"14":{"start":{"line":25,"column":20},"end":{"line":25,"column":73}},"15":{"start":{"line":29,"column":12},"end":{"line":29,"column":60}},"16":{"start":{"line":33,"column":8},"end":{"line":33,"column":64}},"17":{"start":{"line":37,"column":0},"end":{"line":37,"column":12}}},"fnMap":{"0":{"name":"listModels","decl":{"start":{"line":4,"column":15},"end":{"line":4,"column":25}},"loc":{"start":{"line":4,"column":28},"end":{"line":35,"column":1}},"line":4},"1":{"name":"(anonymous_1)","decl":{"start":{"line":23,"column":32},"end":{"line":23,"column":33}},"loc":{"start":{"line":23,"column":41},"end":{"line":27,"column":13}},"line":23}},"branchMap":{"0":{"loc":{"start":{"line":8,"column":4},"end":{"line":11,"column":5}},"type":"if","locations":[{"start":{"line":8,"column":4},"end":{"line":11,"column":5}},{"start":{},"end":{}}],"line":8},"1":{"loc":{"start":{"line":21,"column":8},"end":{"line":30,"column":9}},"type":"if","locations":[{"start":{"line":21,"column":8},"end":{"line":30,"column":9}},{"start":{"line":28,"column":15},"end":{"line":30,"column":9}}],"line":21},"2":{"loc":{"start":{"line":24,"column":16},"end":{"line":26,"column":17}},"type":"if","locations":[{"start":{"line":24,"column":16},"end":{"line":26,"column":17}},{"start":{},"end":{}}],"line":24}},"s":{"0":0,"1":0,"2":0,"3":0,"4":0,"5":0,"6":0,"7":0,"8":0,"9":0,"10":0,"11":0,"12":0,"13":0,"14":0,"15":0,"16":0,"17":0},"f":{"0":0,"1":0},"b":{"0":[0,0],"1":[0,0],"2":[0,0]}}
,"/Users/priyanshsmac/Desktop/google-clone/server/scripts/stress-test.js": {"path":"/Users/priyanshsmac/Desktop/google-clone/server/scripts/stress-test.js","statementMap":{"0":{"start":{"line":1,"column":14},"end":{"line":1,"column":30}},"1":{"start":{"line":2,"column":15},"end":{"line":2,"column":42}},"2":{"start":{"line":3,"column":23},"end":{"line":3,"column":38}},"3":{"start":{"line":5,"column":17},"end":{"line":5,"column":44}},"4":{"start":{"line":6,"column":19},"end":{"line":6,"column":42}},"5":{"start":{"line":9,"column":15},"end":{"line":15,"column":1}},"6":{"start":{"line":17,"column":12},"end":{"line":17,"column":87}},"7":{"start":{"line":17,"column":43},"end":{"line":17,"column":87}},"8":{"start":{"line":20,"column":4},"end":{"line":20,"column":71}},"9":{"start":{"line":27,"column":4},"end":{"line":27,"column":59}},"10":{"start":{"line":28,"column":4},"end":{"line":65,"column":5}},"11":{"start":{"line":30,"column":27},"end":{"line":30,"column":49}},"12":{"start":{"line":31,"column":20},"end":{"line":35,"column":10}},"13":{"start":{"line":36,"column":8},"end":{"line":36,"column":31}},"14":{"start":{"line":37,"column":8},"end":{"line":37,"column":30}},"15":{"start":{"line":38,"column":8},"end":{"line":38,"column":55}},"16":{"start":{"line":41,"column":8},"end":{"line":50,"column":9}},"17":{"start":{"line":42,"column":12},"end":{"line":45,"column":15}},"18":{"start":{"line":46,"column":12},"end":{"line":46,"column":70}},"19":{"start":{"line":48,"column":12},"end":{"line":49,"column":69}},"20":{"start":{"line":48,"column":44},"end":{"line":48,"column":101}},"21":{"start":{"line":49,"column":17},"end":{"line":49,"column":69}},"22":{"start":{"line":53,"column":8},"end":{"line":60,"column":9}},"23":{"start":{"line":54,"column":12},"end":{"line":56,"column":15}},"24":{"start":{"line":57,"column":12},"end":{"line":57,"column":69}},"25":{"start":{"line":59,"column":12},"end":{"line":59,"column":100}},"26":{"start":{"line":59,"column":44},"end":{"line":59,"column":100}},"27":{"start":{"line":63,"column":8},"end":{"line":63,"column":65}},"28":{"start":{"line":64,"column":8},"end":{"line":64,"column":15}},"29":{"start":{"line":68,"column":4},"end":{"line":68,"column":64}},"30":{"start":{"line":69,"column":4},"end":{"line":101,"column":5}},"31":{"start":{"line":71,"column":25},"end":{"line":71,"column":33}},"32":{"start":{"line":72,"column":23},"end":{"line":77,"column":10}},"33":{"start":{"line":78,"column":8},"end":{"line":78,"column":32}},"34":{"start":{"line":79,"column":8},"end":{"line":79,"column":48}},"35":{"start":{"line":82,"column":8},"end":{"line":82,"column":68}},"36":{"start":{"line":83,"column":24},"end":{"line":83,"column":26}},"37":{"start":{"line":84,"column":8},"end":{"line":89,"column":9}},"38":{"start":{"line":84,"column":21},"end":{"line":84,"column":22}},"39":{"start":{"line":85,"column":12},"end":{"line":88,"column":15}},"40":{"start":{"line":91,"column":24},"end":{"line":91,"column":57}},"41":{"start":{"line":92,"column":25},"end":{"line":92,"column":69}},"42":{"start":{"line":92,"column":45},"end":{"line":92,"column":68}},"43":{"start":{"line":93,"column":8},"end":{"line":97,"column":9}},"44":{"start":{"line":94,"column":12},"end":{"line":94,"column":89}},"45":{"start":{"line":96,"column":12},"end":{"line":96,"column":111}},"46":{"start":{"line":100,"column":8},"end":{"line":100,"column":65}},"47":{"start":{"line":104,"column":4},"end":{"line":104,"column":68}},"48":{"start":{"line":105,"column":20},"end":{"line":105,"column":22}},"49":{"start":{"line":106,"column":4},"end":{"line":127,"column":5}},"50":{"start":{"line":107,"column":8},"end":{"line":107,"column":76}},"51":{"start":{"line":108,"column":8},"end":{"line":114,"column":9}},"52":{"start":{"line":108,"column":21},"end":{"line":108,"column":22}},"53":{"start":{"line":109,"column":27},"end":{"line":112,"column":14}},"54":{"start":{"line":113,"column":12},"end":{"line":113,"column":33}},"55":{"start":{"line":117,"column":8},"end":{"line":117,"column":52}},"56":{"start":{"line":117,"column":31},"end":{"line":117,"column":50}},"57":{"start":{"line":119,"column":31},"end":{"line":119,"column":70}},"58":{"start":{"line":119,"column":51},"end":{"line":119,"column":62}},"59":{"start":{"line":120,"column":8},"end":{"line":120,"column":83}},"60":{"start":{"line":123,"column":8},"end":{"line":123,"column":45}},"61":{"start":{"line":123,"column":29},"end":{"line":123,"column":43}},"62":{"start":{"line":126,"column":8},"end":{"line":126,"column":65}},"63":{"start":{"line":130,"column":4},"end":{"line":130,"column":60}},"64":{"start":{"line":131,"column":4},"end":{"line":164,"column":5}},"65":{"start":{"line":133,"column":27},"end":{"line":133,"column":61}},"66":{"start":{"line":134,"column":8},"end":{"line":137,"column":10}},"67":{"start":{"line":140,"column":23},"end":{"line":142,"column":10}},"68":{"start":{"line":144,"column":8},"end":{"line":148,"column":9}},"69":{"start":{"line":145,"column":12},"end":{"line":145,"column":101}},"70":{"start":{"line":147,"column":12},"end":{"line":147,"column":60}},"71":{"start":{"line":151,"column":26},"end":{"line":151,"column":43}},"72":{"start":{"line":152,"column":8},"end":{"line":160,"column":9}},"73":{"start":{"line":153,"column":12},"end":{"line":156,"column":14}},"74":{"start":{"line":157,"column":12},"end":{"line":157,"column":77}},"75":{"start":{"line":159,"column":12},"end":{"line":159,"column":64}},"76":{"start":{"line":163,"column":8},"end":{"line":163,"column":67}},"77":{"start":{"line":166,"column":4},"end":{"line":166,"column":50}},"78":{"start":{"line":169,"column":0},"end":{"line":169,"column":13}}},"fnMap":{"0":{"name":"(anonymous_0)","decl":{"start":{"line":17,"column":12},"end":{"line":17,"column":13}},"loc":{"start":{"line":17,"column":43},"end":{"line":17,"column":87}},"line":17},"1":{"name":"stressTest","decl":{"start":{"line":19,"column":15},"end":{"line":19,"column":25}},"loc":{"start":{"line":19,"column":28},"end":{"line":167,"column":1}},"line":19},"2":{"name":"(anonymous_2)","decl":{"start":{"line":92,"column":40},"end":{"line":92,"column":41}},"loc":{"start":{"line":92,"column":45},"end":{"line":92,"column":68}},"line":92},"3":{"name":"(anonymous_3)","decl":{"start":{"line":117,"column":26},"end":{"line":117,"column":27}},"loc":{"start":{"line":117,"column":31},"end":{"line":117,"column":50}},"line":117},"4":{"name":"(anonymous_4)","decl":{"start":{"line":119,"column":46},"end":{"line":119,"column":47}},"loc":{"start":{"line":119,"column":51},"end":{"line":119,"column":62}},"line":119},"5":{"name":"(anonymous_5)","decl":{"start":{"line":123,"column":24},"end":{"line":123,"column":25}},"loc":{"start":{"line":123,"column":29},"end":{"line":123,"column":43}},"line":123}},"branchMap":{"0":{"loc":{"start":{"line":17,"column":18},"end":{"line":17,"column":38}},"type":"default-arg","locations":[{"start":{"line":17,"column":26},"end":{"line":17,"column":38}}],"line":17},"1":{"loc":{"start":{"line":48,"column":12},"end":{"line":49,"column":69}},"type":"if","locations":[{"start":{"line":48,"column":12},"end":{"line":49,"column":69}},{"start":{"line":49,"column":17},"end":{"line":49,"column":69}}],"line":48},"2":{"loc":{"start":{"line":59,"column":12},"end":{"line":59,"column":100}},"type":"if","locations":[{"start":{"line":59,"column":12},"end":{"line":59,"column":100}},{"start":{},"end":{}}],"line":59},"3":{"loc":{"start":{"line":93,"column":8},"end":{"line":97,"column":9}},"type":"if","locations":[{"start":{"line":93,"column":8},"end":{"line":97,"column":9}},{"start":{"line":95,"column":15},"end":{"line":97,"column":9}}],"line":93},"4":{"loc":{"start":{"line":144,"column":8},"end":{"line":148,"column":9}},"type":"if","locations":[{"start":{"line":144,"column":8},"end":{"line":148,"column":9}},{"start":{"line":146,"column":15},"end":{"line":148,"column":9}}],"line":144}},"s":{"0":0,"1":0,"2":0,"3":0,"4":0,"5":0,"6":0,"7":0,"8":0,"9":0,"10":0,"11":0,"12":0,"13":0,"14":0,"15":0,"16":0,"17":0,"18":0,"19":0,"20":0,"21":0,"22":0,"23":0,"24":0,"25":0,"26":0,"27":0,"28":0,"29":0,"30":0,"31":0,"32":0,"33":0,"34":0,"35":0,"36":0,"37":0,"38":0,"39":0,"40":0,"41":0,"42":0,"43":0,"44":0,"45":0,"46":0,"47":0,"48":0,"49":0,"50":0,"51":0,"52":0,"53":0,"54":0,"55":0,"56":0,"57":0,"58":0,"59":0,"60":0,"61":0,"62":0,"63":0,"64":0,"65":0,"66":0,"67":0,"68":0,"69":0,"70":0,"71":0,"72":0,"73":0,"74":0,"75":0,"76":0,"77":0,"78":0},"f":{"0":0,"1":0,"2":0,"3":0,"4":0,"5":0},"b":{"0":[0],"1":[0,0],"2":[0,0],"3":[0,0],"4":[0,0]}}
,"/Users/priyanshsmac/Desktop/google-clone/server/scripts/test-auth.js": {"path":"/Users/priyanshsmac/Desktop/google-clone/server/scripts/test-auth.js","statementMap":{"0":{"start":{"line":1,"column":14},"end":{"line":1,"column":30}},"1":{"start":{"line":3,"column":17},"end":{"line":3,"column":49}},"2":{"start":{"line":6,"column":4},"end":{"line":57,"column":5}},"3":{"start":{"line":7,"column":8},"end":{"line":7,"column":57}},"4":{"start":{"line":9,"column":26},"end":{"line":9,"column":36}},"5":{"start":{"line":10,"column":25},"end":{"line":14,"column":9}},"6":{"start":{"line":17,"column":8},"end":{"line":17,"column":50}},"7":{"start":{"line":18,"column":8},"end":{"line":18,"column":78}},"8":{"start":{"line":20,"column":33},"end":{"line":20,"column":83}},"9":{"start":{"line":21,"column":8},"end":{"line":21,"column":49}},"10":{"start":{"line":22,"column":8},"end":{"line":22,"column":51}},"11":{"start":{"line":23,"column":22},"end":{"line":23,"column":49}},"12":{"start":{"line":24,"column":8},"end":{"line":24,"column":21}},"13":{"start":{"line":27,"column":8},"end":{"line":27,"column":43}},"14":{"start":{"line":28,"column":30},"end":{"line":31,"column":10}},"15":{"start":{"line":32,"column":8},"end":{"line":32,"column":42}},"16":{"start":{"line":33,"column":8},"end":{"line":33,"column":48}},"17":{"start":{"line":34,"column":8},"end":{"line":34,"column":21}},"18":{"start":{"line":37,"column":8},"end":{"line":37,"column":62}},"19":{"start":{"line":38,"column":27},"end":{"line":42,"column":10}},"20":{"start":{"line":43,"column":8},"end":{"line":43,"column":43}},"21":{"start":{"line":44,"column":8},"end":{"line":44,"column":53}},"22":{"start":{"line":45,"column":8},"end":{"line":45,"column":21}},"23":{"start":{"line":47,"column":8},"end":{"line":47,"column":58}},"24":{"start":{"line":49,"column":8},"end":{"line":49,"column":39}},"25":{"start":{"line":50,"column":8},"end":{"line":56,"column":9}},"26":{"start":{"line":51,"column":12},"end":{"line":51,"column":59}},"27":{"start":{"line":52,"column":12},"end":{"line":52,"column":66}},"28":{"start":{"line":53,"column":12},"end":{"line":53,"column":89}},"29":{"start":{"line":55,"column":12},"end":{"line":55,"column":40}},"30":{"start":{"line":60,"column":0},"end":{"line":60,"column":10}}},"fnMap":{"0":{"name":"testAuth","decl":{"start":{"line":5,"column":15},"end":{"line":5,"column":23}},"loc":{"start":{"line":5,"column":26},"end":{"line":58,"column":1}},"line":5}},"branchMap":{"0":{"loc":{"start":{"line":50,"column":8},"end":{"line":56,"column":9}},"type":"if","locations":[{"start":{"line":50,"column":8},"end":{"line":56,"column":9}},{"start":{"line":54,"column":15},"end":{"line":56,"column":9}}],"line":50}},"s":{"0":0,"1":0,"2":0,"3":0,"4":0,"5":0,"6":0,"7":0,"8":0,"9":0,"10":0,"11":0,"12":0,"13":0,"14":0,"15":0,"16":0,"17":0,"18":0,"19":0,"20":0,"21":0,"22":0,"23":0,"24":0,"25":0,"26":0,"27":0,"28":0,"29":0,"30":0},"f":{"0":0},"b":{"0":[0,0]}}
,"/Users/priyanshsmac/Desktop/google-clone/server/scripts/test-gemini.js": {"path":"/Users/priyanshsmac/Desktop/google-clone/server/scripts/test-gemini.js","statementMap":{"0":{"start":{"line":1,"column":0},"end":{"line":1,"column":26}},"1":{"start":{"line":2,"column":31},"end":{"line":2,"column":63}},"2":{"start":{"line":5,"column":4},"end":{"line":5,"column":56}},"3":{"start":{"line":7,"column":19},"end":{"line":7,"column":45}},"4":{"start":{"line":8,"column":4},"end":{"line":11,"column":5}},"5":{"start":{"line":9,"column":8},"end":{"line":9,"column":72}},"6":{"start":{"line":10,"column":8},"end":{"line":10,"column":14}},"7":{"start":{"line":13,"column":4},"end":{"line":13,"column":79}},"8":{"start":{"line":15,"column":4},"end":{"line":37,"column":5}},"9":{"start":{"line":16,"column":22},"end":{"line":16,"column":52}},"10":{"start":{"line":17,"column":22},"end":{"line":17,"column":77}},"11":{"start":{"line":19,"column":8},"end":{"line":19,"column":54}},"12":{"start":{"line":20,"column":23},"end":{"line":20,"column":64}},"13":{"start":{"line":22,"column":23},"end":{"line":22,"column":58}},"14":{"start":{"line":23,"column":25},"end":{"line":23,"column":46}},"15":{"start":{"line":24,"column":21},"end":{"line":24,"column":36}},"16":{"start":{"line":26,"column":8},"end":{"line":26,"column":51}},"17":{"start":{"line":27,"column":8},"end":{"line":27,"column":60}},"18":{"start":{"line":29,"column":8},"end":{"line":29,"column":50}},"19":{"start":{"line":30,"column":8},"end":{"line":30,"column":36}},"20":{"start":{"line":32,"column":8},"end":{"line":36,"column":9}},"21":{"start":{"line":33,"column":12},"end":{"line":33,"column":99}},"22":{"start":{"line":34,"column":15},"end":{"line":36,"column":9}},"23":{"start":{"line":35,"column":12},"end":{"line":35,"column":76}},"24":{"start":{"line":40,"column":0},"end":{"line":40,"column":12}}},"fnMap":{"0":{"name":"testGemini","decl":{"start":{"line":4,"column":15},"end":{"line":4,"column":25}},"loc":{"start":{"line":4,"column":28},"end":{"line":38,"column":1}},"line":4}},"branchMap":{"0":{"loc":{"start":{"line":8,"column":4},"end":{"line":11,"column":5}},"type":"if","locations":[{"start":{"line":8,"column":4},"end":{"line":11,"column":5}},{"start":{},"end":{}}],"line":8},"1":{"loc":{"start":{"line":32,"column":8},"end":{"line":36,"column":9}},"type":"if","locations":[{"start":{"line":32,"column":8},"end":{"line":36,"column":9}},{"start":{"line":34,"column":15},"end":{"line":36,"column":9}}],"line":32},"2":{"loc":{"start":{"line":34,"column":15},"end":{"line":36,"column":9}},"type":"if","locations":[{"start":{"line":34,"column":15},"end":{"line":36,"column":9}},{"start":{},"end":{}}],"line":34}},"s":{"0":0,"1":0,"2":0,"3":0,"4":0,"5":0,"6":0,"7":0,"8":0,"9":0,"10":0,"11":0,"12":0,"13":0,"14":0,"15":0,"16":0,"17":0,"18":0,"19":0,"20":0,"21":0,"22":0,"23":0,"24":0},"f":{"0":0},"b":{"0":[0,0],"1":[0,0],"2":[0,0]}}
}
