TN:
SF:Document.js
FN:55,(anonymous_0)
FNF:1
FNH:1
FNDA:15,(anonymous_0)
DA:1,1
DA:3,1
DA:55,1
DA:56,15
DA:57,15
DA:60,1
LF:6
LH:6
BRF:0
BRH:0
end_of_record
TN:
SF:User.js
FNF:0
FNH:0
DA:1,2
DA:3,2
DA:20,2
LF:3
LH:3
BRF:0
BRH:0
end_of_record
TN:
SF:server.js
FN:70,generateUserColor
FN:78,(anonymous_1)
FN:81,(anonymous_2)
FN:105,(anonymous_3)
FN:121,(anonymous_4)
FN:126,(anonymous_5)
FN:136,(anonymous_6)
FN:142,(anonymous_7)
FN:156,(anonymous_8)
FN:175,findOrCreateDocument
FN:185,(anonymous_10)
FNF:11
FNH:0
FNDA:0,generateUserColor
FNDA:0,(anonymous_1)
FNDA:0,(anonymous_2)
FNDA:0,(anonymous_3)
FNDA:0,(anonymous_4)
FNDA:0,(anonymous_5)
FNDA:0,(anonymous_6)
FNDA:0,(anonymous_7)
FNDA:0,(anonymous_8)
FNDA:0,findOrCreateDocument
FNDA:0,(anonymous_10)
DA:1,0
DA:2,0
DA:3,0
DA:4,0
DA:5,0
DA:6,0
DA:7,0
DA:8,0
DA:9,0
DA:10,0
DA:13,0
DA:21,0
DA:25,0
DA:30,0
DA:38,0
DA:39,0
DA:46,0
DA:49,0
DA:50,0
DA:51,0
DA:54,0
DA:57,0
DA:64,0
DA:67,0
DA:71,0
DA:75,0
DA:78,0
DA:79,0
DA:81,0
DA:82,0
DA:83,0
DA:86,0
DA:87,0
DA:91,0
DA:98,0
DA:99,0
DA:102,0
DA:105,0
DA:111,0
DA:121,0
DA:122,0
DA:126,0
DA:127,0
DA:136,0
DA:137,0
DA:138,0
DA:142,0
DA:143,0
DA:145,0
DA:146,0
DA:148,0
DA:149,0
DA:150,0
DA:153,0
DA:156,0
DA:162,0
DA:167,0
DA:168,0
DA:176,0
DA:178,0
DA:179,0
DA:180,0
DA:183,0
DA:185,0
DA:186,0
LF:65
LH:0
BRDA:13,0,0,0
BRDA:13,0,1,0
BRDA:31,1,0,0
BRDA:31,1,1,0
BRDA:86,2,0,0
BRDA:86,2,1,0
BRDA:93,3,0,0
BRDA:93,3,1,0
BRDA:94,4,0,0
BRDA:94,4,1,0
BRDA:145,5,0,0
BRDA:145,5,1,0
BRDA:149,6,0,0
BRDA:149,6,1,0
BRDA:167,7,0,0
BRDA:167,7,1,0
BRDA:176,8,0,0
BRDA:176,8,1,0
BRDA:179,9,0,0
BRDA:179,9,1,0
BRDA:183,10,0,0
BRDA:183,10,1,0
BRF:22
BRH:0
end_of_record
TN:
SF:controllers/aiController.js
FN:7,(anonymous_0)
FNF:1
FNH:0
FNDA:0,(anonymous_0)
DA:1,0
DA:4,0
DA:7,0
DA:8,0
DA:9,0
DA:11,0
DA:12,0
DA:15,0
DA:16,0
DA:19,0
DA:21,0
DA:23,0
DA:24,0
DA:26,0
DA:27,0
DA:29,0
DA:30,0
DA:32,0
DA:33,0
DA:35,0
DA:36,0
DA:38,0
DA:42,0
DA:45,0
DA:46,0
DA:47,0
DA:49,0
DA:55,0
DA:58,0
DA:59,0
DA:64,0
LF:31
LH:0
BRDA:11,0,0,0
BRDA:11,0,1,0
BRDA:15,1,0,0
BRDA:15,1,1,0
BRDA:21,2,0,0
BRDA:21,2,1,0
BRDA:21,2,2,0
BRDA:21,2,3,0
BRDA:21,2,4,0
BRDA:21,2,5,0
BRDA:58,3,0,0
BRDA:58,3,1,0
BRDA:58,4,0,0
BRDA:58,4,1,0
BRF:14
BRH:0
end_of_record
TN:
SF:controllers/authController.js
FN:6,(anonymous_0)
FN:15,(anonymous_1)
FN:60,(anonymous_2)
FN:86,(anonymous_3)
FNF:4
FNH:4
FNDA:18,(anonymous_0)
FNDA:20,(anonymous_1)
FNDA:3,(anonymous_2)
FNDA:1,(anonymous_3)
DA:1,2
DA:2,2
DA:3,2
DA:6,2
DA:7,18
DA:15,2
DA:16,20
DA:17,20
DA:19,20
DA:20,0
DA:24,20
DA:26,20
DA:27,1
DA:31,19
DA:32,19
DA:35,19
DA:41,17
DA:42,17
DA:49,0
DA:52,2
DA:53,2
DA:60,2
DA:61,3
DA:62,3
DA:65,3
DA:67,3
DA:68,1
DA:75,2
DA:78,0
DA:79,0
DA:86,2
DA:87,1
DA:88,1
DA:89,1
DA:91,0
DA:92,0
DA:96,2
LF:37
LH:31
BRDA:19,0,0,0
BRDA:19,0,1,20
BRDA:19,1,0,20
BRDA:19,1,1,20
BRDA:19,1,2,20
BRDA:26,2,0,1
BRDA:26,2,1,19
BRDA:41,3,0,17
BRDA:41,3,1,0
BRDA:67,4,0,1
BRDA:67,4,1,2
BRDA:67,5,0,3
BRDA:67,5,1,2
BRF:13
BRH:11
end_of_record
TN:
SF:controllers/documentController.js
FN:5,(anonymous_0)
FN:26,(anonymous_1)
FN:46,(anonymous_2)
FN:61,(anonymous_3)
FN:76,(anonymous_4)
FN:100,(anonymous_5)
FN:114,(anonymous_6)
FN:132,(anonymous_7)
FN:180,(anonymous_8)
FN:208,(anonymous_9)
FN:239,(anonymous_10)
FN:257,(anonymous_11)
FN:280,(anonymous_12)
FN:296,(anonymous_13)
FNF:14
FNH:5
FNDA:0,(anonymous_0)
FNDA:1,(anonymous_1)
FNDA:1,(anonymous_2)
FNDA:0,(anonymous_3)
FNDA:2,(anonymous_4)
FNDA:1,(anonymous_5)
FNDA:0,(anonymous_6)
FNDA:2,(anonymous_7)
FNDA:0,(anonymous_8)
FNDA:0,(anonymous_9)
FNDA:0,(anonymous_10)
FNDA:0,(anonymous_11)
FNDA:0,(anonymous_12)
FNDA:0,(anonymous_13)
DA:1,1
DA:2,1
DA:5,1
DA:6,0
DA:7,0
DA:9,0
DA:17,0
DA:18,0
DA:20,0
DA:21,0
DA:26,1
DA:27,1
DA:28,1
DA:38,1
DA:40,0
DA:41,0
DA:46,1
DA:47,1
DA:48,1
DA:50,1
DA:54,1
DA:55,1
DA:59,0
DA:60,0
DA:61,0
DA:64,0
DA:65,0
DA:68,0
DA:70,0
DA:71,0
DA:76,1
DA:77,2
DA:78,2
DA:80,2
DA:82,2
DA:83,1
DA:87,1
DA:88,0
DA:91,1
DA:92,1
DA:94,0
DA:95,0
DA:100,1
DA:101,1
DA:102,1
DA:103,1
DA:105,1
DA:107,1
DA:108,0
DA:112,1
DA:113,1
DA:114,0
DA:117,1
DA:118,0
DA:121,1
DA:122,1
DA:124,1
DA:126,0
DA:127,0
DA:132,1
DA:133,2
DA:134,2
DA:135,2
DA:137,2
DA:139,2
DA:140,0
DA:144,2
DA:145,0
DA:149,2
DA:150,1
DA:154,1
DA:156,1
DA:163,1
DA:165,1
DA:167,1
DA:174,0
DA:175,0
DA:180,1
DA:181,0
DA:182,0
DA:184,0
DA:186,0
DA:187,0
DA:191,0
DA:192,0
DA:195,0
DA:196,0
DA:197,0
DA:200,0
DA:202,0
DA:203,0
DA:208,1
DA:209,0
DA:210,0
DA:211,0
DA:213,0
DA:217,0
DA:218,0
DA:222,0
DA:225,0
DA:228,0
DA:233,0
DA:234,0
DA:239,1
DA:240,0
DA:241,0
DA:242,0
DA:244,0
DA:246,0
DA:247,0
DA:251,0
DA:252,0
DA:256,0
DA:257,0
DA:260,0
DA:261,0
DA:264,0
DA:269,0
DA:270,0
DA:272,0
DA:274,0
DA:275,0
DA:280,1
DA:281,0
DA:282,0
DA:284,0
DA:286,0
DA:287,0
DA:291,0
DA:292,0
DA:295,0
DA:296,0
DA:299,0
DA:301,0
DA:303,0
DA:304,0
LF:136
LH:52
BRDA:11,0,0,0
BRDA:11,0,1,0
BRDA:54,1,0,1
BRDA:54,1,1,0
BRDA:64,2,0,0
BRDA:64,2,1,0
BRDA:64,3,0,0
BRDA:64,3,1,0
BRDA:82,4,0,1
BRDA:82,4,1,1
BRDA:87,5,0,0
BRDA:87,5,1,1
BRDA:107,6,0,0
BRDA:107,6,1,1
BRDA:114,7,0,0
BRDA:114,7,1,0
BRDA:117,8,0,0
BRDA:117,8,1,1
BRDA:117,9,0,1
BRDA:117,9,1,0
BRDA:139,10,0,0
BRDA:139,10,1,2
BRDA:144,11,0,0
BRDA:144,11,1,2
BRDA:149,12,0,1
BRDA:149,12,1,1
BRDA:165,13,0,1
BRDA:165,13,1,0
BRDA:186,14,0,0
BRDA:186,14,1,0
BRDA:191,15,0,0
BRDA:191,15,1,0
BRDA:195,16,0,0
BRDA:195,16,1,0
BRDA:217,17,0,0
BRDA:217,17,1,0
BRDA:222,18,0,0
BRDA:222,18,1,0
BRDA:222,19,0,0
BRDA:222,19,1,0
BRDA:222,19,2,0
BRDA:246,20,0,0
BRDA:246,20,1,0
BRDA:251,21,0,0
BRDA:251,21,1,0
BRDA:260,22,0,0
BRDA:260,22,1,0
BRDA:266,23,0,0
BRDA:266,23,1,0
BRDA:286,24,0,0
BRDA:286,24,1,0
BRDA:291,25,0,0
BRDA:291,25,1,0
BRF:53
BRH:12
end_of_record
TN:
SF:middleware/authMiddleware.js
FN:4,(anonymous_0)
FNF:1
FNH:1
FNDA:17,(anonymous_0)
DA:1,2
DA:2,2
DA:4,2
DA:7,17
DA:11,13
DA:13,13
DA:16,13
DA:19,10
DA:21,10
DA:22,1
DA:25,9
DA:27,3
DA:28,3
DA:31,4
DA:35,2
LF:15
LH:15
BRDA:7,0,0,13
BRDA:7,0,1,4
BRDA:8,1,0,17
BRDA:8,1,1,13
BRDA:21,2,0,1
BRDA:21,2,1,9
BRF:6
BRH:6
end_of_record
TN:
SF:middleware/rateLimiter.js
FN:6,(anonymous_0)
FN:8,(anonymous_1)
FNF:2
FNH:2
FNDA:6,(anonymous_0)
FNDA:30,(anonymous_1)
DA:1,2
DA:3,2
DA:6,2
DA:7,6
DA:8,30
DA:10,0
DA:14,2
DA:23,2
DA:32,2
DA:40,2
LF:10
LH:9
BRDA:7,0,0,6
BRDA:7,0,1,0
BRF:2
BRH:1
end_of_record
TN:
SF:middleware/validation.js
FN:4,(anonymous_0)
FNF:1
FNH:1
FNDA:34,(anonymous_0)
DA:1,2
DA:4,2
DA:5,34
DA:6,34
DA:7,5
DA:12,29
DA:16,2
DA:33,2
DA:46,2
DA:62,2
DA:75,2
DA:91,2
DA:98,2
LF:13
LH:13
BRDA:6,0,0,5
BRDA:6,0,1,29
BRF:2
BRH:2
end_of_record
TN:
SF:routes/aiRoutes.js
FNF:0
FNH:0
DA:1,0
DA:2,0
DA:3,0
DA:4,0
DA:5,0
DA:6,0
DA:9,0
DA:12,0
DA:15,0
DA:17,0
LF:10
LH:0
BRF:0
BRH:0
end_of_record
TN:
SF:routes/authRoutes.js
FNF:0
FNH:0
DA:1,2
DA:2,2
DA:7,2
DA:8,2
DA:9,2
DA:10,2
DA:13,2
DA:15,2
DA:16,2
DA:17,2
DA:19,2
LF:11
LH:11
BRF:0
BRH:0
end_of_record
TN:
SF:routes/documentRoutes.js
FNF:0
FNH:0
DA:1,1
DA:2,1
DA:3,1
DA:15,1
DA:20,1
DA:23,1
DA:26,1
DA:29,1
DA:32,1
DA:35,1
DA:38,1
DA:41,1
DA:44,1
DA:47,1
DA:50,1
DA:53,1
DA:55,1
LF:17
LH:17
BRF:0
BRH:0
end_of_record
TN:
SF:scripts/list-models.js
FN:4,listModels
FN:23,(anonymous_1)
FNF:2
FNH:0
FNDA:0,listModels
FNDA:0,(anonymous_1)
DA:1,0
DA:2,0
DA:5,0
DA:7,0
DA:8,0
DA:9,0
DA:10,0
DA:13,0
DA:16,0
DA:19,0
DA:21,0
DA:22,0
DA:23,0
DA:24,0
DA:25,0
DA:29,0
DA:33,0
DA:37,0
LF:18
LH:0
BRDA:8,0,0,0
BRDA:8,0,1,0
BRDA:21,1,0,0
BRDA:21,1,1,0
BRDA:24,2,0,0
BRDA:24,2,1,0
BRF:6
BRH:0
end_of_record
TN:
SF:scripts/test-auth.js
FN:5,testAuth
FNF:1
FNH:0
FNDA:0,testAuth
DA:1,0
DA:3,0
DA:6,0
DA:7,0
DA:9,0
DA:10,0
DA:17,0
DA:18,0
DA:20,0
DA:21,0
DA:22,0
DA:23,0
DA:24,0
DA:27,0
DA:28,0
DA:32,0
DA:33,0
DA:34,0
DA:37,0
DA:38,0
DA:43,0
DA:44,0
DA:45,0
DA:47,0
DA:49,0
DA:50,0
DA:51,0
DA:52,0
DA:53,0
DA:55,0
DA:60,0
LF:31
LH:0
BRDA:50,0,0,0
BRDA:50,0,1,0
BRF:2
BRH:0
end_of_record
TN:
SF:scripts/test-gemini.js
FN:4,testGemini
FNF:1
FNH:0
FNDA:0,testGemini
DA:1,0
DA:2,0
DA:5,0
DA:7,0
DA:8,0
DA:9,0
DA:10,0
DA:13,0
DA:15,0
DA:16,0
DA:17,0
DA:19,0
DA:20,0
DA:22,0
DA:23,0
DA:24,0
DA:26,0
DA:27,0
DA:29,0
DA:30,0
DA:32,0
DA:33,0
DA:34,0
DA:35,0
DA:40,0
LF:25
LH:0
BRDA:8,0,0,0
BRDA:8,0,1,0
BRDA:32,1,0,0
BRDA:32,1,1,0
BRDA:34,2,0,0
BRDA:34,2,1,0
BRF:6
BRH:0
end_of_record
