TN:
SF:Document.js
FNF:0
FNH:0
DA:1,1
DA:3,1
DA:54,1
LF:3
LH:3
BRF:0
BRH:0
end_of_record
TN:
SF:User.js
FNF:0
FNH:0
DA:1,1
DA:3,1
DA:20,1
LF:3
LH:3
BRF:0
BRH:0
end_of_record
TN:
SF:server.js
FN:36,(anonymous_0)
FN:68,(anonymous_1)
FN:97,(anonymous_2)
FN:131,generateUserColor
FN:139,(anonymous_4)
FN:145,(anonymous_5)
FN:156,(anonymous_6)
FN:213,(anonymous_7)
FN:234,(anonymous_8)
FN:247,(anonymous_9)
FN:264,(anonymous_10)
FN:276,(anonymous_11)
FN:292,(anonymous_12)
FN:311,(anonymous_13)
FN:329,findOrCreateDocument
FN:339,(anonymous_15)
FNF:16
FNH:0
FNDA:0,(anonymous_0)
FNDA:0,(anonymous_1)
FNDA:0,(anonymous_2)
FNDA:0,generateUserColor
FNDA:0,(anonymous_4)
FNDA:0,(anonymous_5)
FNDA:0,(anonymous_6)
FNDA:0,(anonymous_7)
FNDA:0,(anonymous_8)
FNDA:0,(anonymous_9)
FNDA:0,(anonymous_10)
FNDA:0,(anonymous_11)
FNDA:0,(anonymous_12)
FNDA:0,(anonymous_13)
FNDA:0,findOrCreateDocument
FNDA:0,(anonymous_15)
DA:1,0
DA:2,0
DA:3,0
DA:4,0
DA:5,0
DA:6,0
DA:7,0
DA:8,0
DA:9,0
DA:10,0
DA:13,0
DA:16,0
DA:19,0
DA:23,0
DA:26,0
DA:33,0
DA:35,0
DA:38,0
DA:39,0
DA:43,0
DA:44,0
DA:45,0
DA:47,0
DA:48,0
DA:58,0
DA:59,0
DA:62,0
DA:65,0
DA:68,0
DA:69,0
DA:77,0
DA:78,0
DA:79,0
DA:82,0
DA:85,0
DA:94,0
DA:95,0
DA:97,0
DA:98,0
DA:100,0
DA:102,0
DA:103,0
DA:107,0
DA:110,0
DA:112,0
DA:113,0
DA:117,0
DA:118,0
DA:120,0
DA:121,0
DA:125,0
DA:128,0
DA:132,0
DA:136,0
DA:139,0
DA:140,0
DA:142,0
DA:143,0
DA:145,0
DA:146,0
DA:148,0
DA:151,0
DA:154,0
DA:155,0
DA:156,0
DA:160,0
DA:166,0
DA:167,0
DA:168,0
DA:172,0
DA:173,0
DA:176,0
DA:181,0
DA:182,0
DA:186,0
DA:187,0
DA:190,0
DA:191,0
DA:195,0
DA:204,0
DA:206,0
DA:207,0
DA:210,0
DA:213,0
DA:219,0
DA:228,0
DA:229,0
DA:234,0
DA:235,0
DA:236,0
DA:237,0
DA:238,0
DA:240,0
DA:242,0
DA:247,0
DA:248,0
DA:249,0
DA:250,0
DA:252,0
DA:259,0
DA:264,0
DA:265,0
DA:266,0
DA:267,0
DA:269,0
DA:271,0
DA:276,0
DA:277,0
DA:278,0
DA:279,0
DA:280,0
DA:282,0
DA:283,0
DA:284,0
DA:286,0
DA:287,0
DA:292,0
DA:293,0
DA:295,0
DA:296,0
DA:299,0
DA:302,0
DA:303,0
DA:306,0
DA:308,0
DA:311,0
DA:321,0
DA:322,0
DA:323,0
DA:330,0
DA:332,0
DA:333,0
DA:334,0
DA:337,0
DA:339,0
DA:340,0
LF:136
LH:0
BRDA:13,0,0,0
BRDA:13,0,1,0
BRDA:38,1,0,0
BRDA:38,1,1,0
BRDA:43,2,0,0
BRDA:43,2,1,0
BRDA:100,3,0,0
BRDA:100,3,1,0
BRDA:102,4,0,0
BRDA:102,4,1,0
BRDA:112,5,0,0
BRDA:112,5,1,0
BRDA:154,6,0,0
BRDA:154,6,1,0
BRDA:154,6,2,0
BRDA:155,7,0,0
BRDA:155,7,1,0
BRDA:155,7,2,0
BRDA:156,8,0,0
BRDA:156,8,1,0
BRDA:160,9,0,0
BRDA:160,9,1,0
BRDA:160,9,2,0
BRDA:160,9,3,0
BRDA:166,10,0,0
BRDA:166,10,1,0
BRDA:166,11,0,0
BRDA:166,11,1,0
BRDA:166,11,2,0
BRDA:172,12,0,0
BRDA:172,12,1,0
BRDA:172,13,0,0
BRDA:172,13,1,0
BRDA:172,13,2,0
BRDA:173,14,0,0
BRDA:173,14,1,0
BRDA:190,15,0,0
BRDA:190,15,1,0
BRDA:236,16,0,0
BRDA:236,16,1,0
BRDA:236,17,0,0
BRDA:236,17,1,0
BRDA:249,18,0,0
BRDA:249,18,1,0
BRDA:249,19,0,0
BRDA:249,19,1,0
BRDA:249,19,2,0
BRDA:249,19,3,0
BRDA:266,20,0,0
BRDA:266,20,1,0
BRDA:266,21,0,0
BRDA:266,21,1,0
BRDA:266,21,2,0
BRDA:278,22,0,0
BRDA:278,22,1,0
BRDA:279,23,0,0
BRDA:279,23,1,0
BRDA:284,24,0,0
BRDA:284,24,1,0
BRDA:287,25,0,0
BRDA:287,25,1,0
BRDA:295,26,0,0
BRDA:295,26,1,0
BRDA:295,27,0,0
BRDA:295,27,1,0
BRDA:302,28,0,0
BRDA:302,28,1,0
BRDA:306,29,0,0
BRDA:306,29,1,0
BRDA:321,30,0,0
BRDA:321,30,1,0
BRDA:330,31,0,0
BRDA:330,31,1,0
BRDA:333,32,0,0
BRDA:333,32,1,0
BRDA:337,33,0,0
BRDA:337,33,1,0
BRF:77
BRH:0
end_of_record
TN:
SF:controllers/aiController.js
FN:7,(anonymous_0)
FNF:1
FNH:0
FNDA:0,(anonymous_0)
DA:1,0
DA:4,0
DA:7,0
DA:8,0
DA:9,0
DA:11,0
DA:12,0
DA:15,0
DA:16,0
DA:19,0
DA:21,0
DA:23,0
DA:36,0
DA:38,0
DA:41,0
DA:43,0
DA:46,0
DA:48,0
DA:51,0
DA:53,0
DA:56,0
DA:58,0
DA:62,0
DA:65,0
DA:66,0
DA:67,0
DA:70,0
DA:81,0
DA:87,0
DA:90,0
DA:91,0
DA:96,0
LF:32
LH:0
BRDA:11,0,0,0
BRDA:11,0,1,0
BRDA:15,1,0,0
BRDA:15,1,1,0
BRDA:21,2,0,0
BRDA:21,2,1,0
BRDA:21,2,2,0
BRDA:21,2,3,0
BRDA:21,2,4,0
BRDA:21,2,5,0
BRDA:90,3,0,0
BRDA:90,3,1,0
BRDA:90,4,0,0
BRDA:90,4,1,0
BRF:14
BRH:0
end_of_record
TN:
SF:controllers/authController.js
FN:6,(anonymous_0)
FN:15,(anonymous_1)
FN:87,(anonymous_2)
FN:113,(anonymous_3)
FNF:4
FNH:2
FNDA:14,(anonymous_0)
FNDA:14,(anonymous_1)
FNDA:0,(anonymous_2)
FNDA:0,(anonymous_3)
DA:1,1
DA:2,1
DA:3,1
DA:6,1
DA:7,14
DA:15,1
DA:16,14
DA:17,14
DA:18,14
DA:20,14
DA:21,0
DA:22,0
DA:26,14
DA:27,0
DA:28,0
DA:32,14
DA:33,14
DA:34,14
DA:36,14
DA:37,0
DA:38,0
DA:41,14
DA:42,0
DA:43,0
DA:47,14
DA:48,14
DA:49,14
DA:52,14
DA:53,14
DA:59,14
DA:60,14
DA:61,14
DA:62,14
DA:69,0
DA:70,0
DA:73,0
DA:74,0
DA:75,0
DA:76,0
DA:77,0
DA:87,1
DA:88,0
DA:89,0
DA:92,0
DA:94,0
DA:95,0
DA:102,0
DA:105,0
DA:106,0
DA:113,1
DA:114,0
DA:115,0
DA:116,0
DA:118,0
DA:119,0
DA:123,1
LF:56
LH:28
BRDA:20,0,0,0
BRDA:20,0,1,14
BRDA:20,1,0,14
BRDA:20,1,1,14
BRDA:20,1,2,14
BRDA:26,2,0,0
BRDA:26,2,1,14
BRDA:36,3,0,0
BRDA:36,3,1,14
BRDA:41,4,0,0
BRDA:41,4,1,14
BRDA:59,5,0,14
BRDA:59,5,1,0
BRDA:79,6,0,0
BRDA:79,6,1,0
BRDA:94,7,0,0
BRDA:94,7,1,0
BRDA:94,8,0,0
BRDA:94,8,1,0
BRF:19
BRH:8
end_of_record
TN:
SF:controllers/documentController.js
FN:5,(anonymous_0)
FN:32,(anonymous_1)
FN:53,(anonymous_2)
FN:68,(anonymous_3)
FN:83,(anonymous_4)
FN:107,(anonymous_5)
FN:121,(anonymous_6)
FN:139,(anonymous_7)
FN:187,(anonymous_8)
FN:215,(anonymous_9)
FN:246,(anonymous_10)
FN:264,(anonymous_11)
FN:287,(anonymous_12)
FN:303,(anonymous_13)
FNF:14
FNH:6
FNDA:1,(anonymous_0)
FNDA:1,(anonymous_1)
FNDA:2,(anonymous_2)
FNDA:0,(anonymous_3)
FNDA:2,(anonymous_4)
FNDA:1,(anonymous_5)
FNDA:0,(anonymous_6)
FNDA:2,(anonymous_7)
FNDA:0,(anonymous_8)
FNDA:0,(anonymous_9)
FNDA:0,(anonymous_10)
FNDA:0,(anonymous_11)
FNDA:0,(anonymous_12)
FNDA:0,(anonymous_13)
DA:1,1
DA:2,1
DA:5,1
DA:6,1
DA:7,1
DA:9,1
DA:23,1
DA:24,1
DA:26,0
DA:27,0
DA:32,1
DA:33,1
DA:34,1
DA:45,1
DA:47,0
DA:48,0
DA:53,1
DA:54,2
DA:55,2
DA:57,2
DA:61,2
DA:62,1
DA:66,1
DA:67,1
DA:68,0
DA:71,1
DA:72,0
DA:75,1
DA:77,0
DA:78,0
DA:83,1
DA:84,2
DA:85,2
DA:87,2
DA:89,2
DA:90,1
DA:94,1
DA:95,0
DA:98,1
DA:99,1
DA:101,0
DA:102,0
DA:107,1
DA:108,1
DA:109,1
DA:110,1
DA:112,1
DA:114,1
DA:115,0
DA:119,1
DA:120,1
DA:121,0
DA:124,1
DA:125,0
DA:128,1
DA:129,1
DA:131,1
DA:133,0
DA:134,0
DA:139,1
DA:140,2
DA:141,2
DA:142,2
DA:144,2
DA:146,2
DA:147,0
DA:151,2
DA:152,0
DA:156,2
DA:157,1
DA:161,1
DA:163,1
DA:170,1
DA:172,1
DA:174,1
DA:181,0
DA:182,0
DA:187,1
DA:188,0
DA:189,0
DA:191,0
DA:193,0
DA:194,0
DA:198,0
DA:199,0
DA:202,0
DA:203,0
DA:204,0
DA:207,0
DA:209,0
DA:210,0
DA:215,1
DA:216,0
DA:217,0
DA:218,0
DA:220,0
DA:224,0
DA:225,0
DA:229,0
DA:232,0
DA:235,0
DA:240,0
DA:241,0
DA:246,1
DA:247,0
DA:248,0
DA:249,0
DA:251,0
DA:253,0
DA:254,0
DA:258,0
DA:259,0
DA:263,0
DA:264,0
DA:267,0
DA:268,0
DA:271,0
DA:276,0
DA:277,0
DA:279,0
DA:281,0
DA:282,0
DA:287,1
DA:288,0
DA:289,0
DA:291,0
DA:293,0
DA:294,0
DA:298,0
DA:299,0
DA:302,0
DA:303,0
DA:306,0
DA:308,0
DA:310,0
DA:311,0
LF:136
LH:61
BRDA:11,0,0,1
BRDA:11,0,1,0
BRDA:61,1,0,1
BRDA:61,1,1,1
BRDA:71,2,0,0
BRDA:71,2,1,1
BRDA:71,3,0,1
BRDA:71,3,1,0
BRDA:89,4,0,1
BRDA:89,4,1,1
BRDA:94,5,0,0
BRDA:94,5,1,1
BRDA:114,6,0,0
BRDA:114,6,1,1
BRDA:121,7,0,0
BRDA:121,7,1,0
BRDA:124,8,0,0
BRDA:124,8,1,1
BRDA:124,9,0,1
BRDA:124,9,1,0
BRDA:146,10,0,0
BRDA:146,10,1,2
BRDA:151,11,0,0
BRDA:151,11,1,2
BRDA:156,12,0,1
BRDA:156,12,1,1
BRDA:172,13,0,1
BRDA:172,13,1,0
BRDA:193,14,0,0
BRDA:193,14,1,0
BRDA:198,15,0,0
BRDA:198,15,1,0
BRDA:202,16,0,0
BRDA:202,16,1,0
BRDA:224,17,0,0
BRDA:224,17,1,0
BRDA:229,18,0,0
BRDA:229,18,1,0
BRDA:229,19,0,0
BRDA:229,19,1,0
BRDA:229,19,2,0
BRDA:253,20,0,0
BRDA:253,20,1,0
BRDA:258,21,0,0
BRDA:258,21,1,0
BRDA:267,22,0,0
BRDA:267,22,1,0
BRDA:273,23,0,0
BRDA:273,23,1,0
BRDA:293,24,0,0
BRDA:293,24,1,0
BRDA:298,25,0,0
BRDA:298,25,1,0
BRF:53
BRH:16
end_of_record
TN:
SF:middleware/authMiddleware.js
FN:4,(anonymous_0)
FNF:1
FNH:1
FNDA:14,(anonymous_0)
DA:1,1
DA:2,1
DA:4,1
DA:7,14
DA:11,11
DA:13,11
DA:16,11
DA:19,11
DA:21,11
DA:22,0
DA:25,11
DA:27,0
DA:28,0
DA:31,3
DA:35,1
LF:15
LH:12
BRDA:7,0,0,11
BRDA:7,0,1,3
BRDA:8,1,0,14
BRDA:8,1,1,11
BRDA:21,2,0,0
BRDA:21,2,1,11
BRF:6
BRH:5
end_of_record
TN:
SF:middleware/rateLimiter.js
FN:6,(anonymous_0)
FN:8,(anonymous_1)
FNF:2
FNH:2
FNDA:3,(anonymous_0)
FNDA:14,(anonymous_1)
DA:1,1
DA:3,1
DA:6,1
DA:7,3
DA:8,14
DA:10,0
DA:14,1
DA:23,1
DA:32,1
DA:40,1
LF:10
LH:9
BRDA:7,0,0,3
BRDA:7,0,1,0
BRF:2
BRH:1
end_of_record
TN:
SF:middleware/validation.js
FN:4,(anonymous_0)
FNF:1
FNH:1
FNDA:24,(anonymous_0)
DA:1,1
DA:4,1
DA:5,24
DA:6,24
DA:7,2
DA:12,22
DA:16,1
DA:33,1
DA:46,1
DA:60,1
DA:73,1
DA:89,1
DA:96,1
LF:13
LH:13
BRDA:6,0,0,2
BRDA:6,0,1,22
BRF:2
BRH:2
end_of_record
TN:
SF:routes/aiRoutes.js
FNF:0
FNH:0
DA:1,0
DA:2,0
DA:3,0
DA:4,0
DA:5,0
DA:6,0
DA:9,0
DA:12,0
DA:15,0
DA:17,0
LF:10
LH:0
BRF:0
BRH:0
end_of_record
TN:
SF:routes/authRoutes.js
FNF:0
FNH:0
DA:1,1
DA:2,1
DA:7,1
DA:8,1
DA:9,1
DA:10,1
DA:13,1
DA:15,1
DA:16,1
DA:17,1
DA:19,1
LF:11
LH:11
BRF:0
BRH:0
end_of_record
TN:
SF:routes/documentRoutes.js
FNF:0
FNH:0
DA:1,1
DA:2,1
DA:3,1
DA:15,1
DA:20,1
DA:23,1
DA:26,1
DA:29,1
DA:32,1
DA:35,1
DA:38,1
DA:41,1
DA:44,1
DA:47,1
DA:50,1
DA:53,1
DA:55,1
LF:17
LH:17
BRF:0
BRH:0
end_of_record
TN:
SF:scripts/list-models.js
FN:4,listModels
FN:23,(anonymous_1)
FNF:2
FNH:0
FNDA:0,listModels
FNDA:0,(anonymous_1)
DA:1,0
DA:2,0
DA:5,0
DA:7,0
DA:8,0
DA:9,0
DA:10,0
DA:13,0
DA:16,0
DA:19,0
DA:21,0
DA:22,0
DA:23,0
DA:24,0
DA:25,0
DA:29,0
DA:33,0
DA:37,0
LF:18
LH:0
BRDA:8,0,0,0
BRDA:8,0,1,0
BRDA:21,1,0,0
BRDA:21,1,1,0
BRDA:24,2,0,0
BRDA:24,2,1,0
BRF:6
BRH:0
end_of_record
TN:
SF:scripts/stress-test.js
FN:17,(anonymous_0)
FN:19,stressTest
FN:92,(anonymous_2)
FN:117,(anonymous_3)
FN:119,(anonymous_4)
FN:123,(anonymous_5)
FNF:6
FNH:0
FNDA:0,(anonymous_0)
FNDA:0,stressTest
FNDA:0,(anonymous_2)
FNDA:0,(anonymous_3)
FNDA:0,(anonymous_4)
FNDA:0,(anonymous_5)
DA:1,0
DA:2,0
DA:3,0
DA:5,0
DA:6,0
DA:9,0
DA:17,0
DA:20,0
DA:27,0
DA:28,0
DA:30,0
DA:31,0
DA:36,0
DA:37,0
DA:38,0
DA:41,0
DA:42,0
DA:46,0
DA:48,0
DA:49,0
DA:53,0
DA:54,0
DA:57,0
DA:59,0
DA:63,0
DA:64,0
DA:68,0
DA:69,0
DA:71,0
DA:72,0
DA:78,0
DA:79,0
DA:82,0
DA:83,0
DA:84,0
DA:85,0
DA:91,0
DA:92,0
DA:93,0
DA:94,0
DA:96,0
DA:100,0
DA:104,0
DA:105,0
DA:106,0
DA:107,0
DA:108,0
DA:109,0
DA:113,0
DA:117,0
DA:119,0
DA:120,0
DA:123,0
DA:126,0
DA:130,0
DA:131,0
DA:133,0
DA:134,0
DA:140,0
DA:144,0
DA:145,0
DA:147,0
DA:151,0
DA:152,0
DA:153,0
DA:157,0
DA:159,0
DA:163,0
DA:166,0
DA:169,0
LF:70
LH:0
BRDA:17,0,0,0
BRDA:48,1,0,0
BRDA:48,1,1,0
BRDA:59,2,0,0
BRDA:59,2,1,0
BRDA:93,3,0,0
BRDA:93,3,1,0
BRDA:144,4,0,0
BRDA:144,4,1,0
BRF:9
BRH:0
end_of_record
TN:
SF:scripts/test-auth.js
FN:5,testAuth
FNF:1
FNH:0
FNDA:0,testAuth
DA:1,0
DA:3,0
DA:6,0
DA:7,0
DA:9,0
DA:10,0
DA:17,0
DA:18,0
DA:20,0
DA:21,0
DA:22,0
DA:23,0
DA:24,0
DA:27,0
DA:28,0
DA:32,0
DA:33,0
DA:34,0
DA:37,0
DA:38,0
DA:43,0
DA:44,0
DA:45,0
DA:47,0
DA:49,0
DA:50,0
DA:51,0
DA:52,0
DA:53,0
DA:55,0
DA:60,0
LF:31
LH:0
BRDA:50,0,0,0
BRDA:50,0,1,0
BRF:2
BRH:0
end_of_record
TN:
SF:scripts/test-gemini.js
FN:4,testGemini
FNF:1
FNH:0
FNDA:0,testGemini
DA:1,0
DA:2,0
DA:5,0
DA:7,0
DA:8,0
DA:9,0
DA:10,0
DA:13,0
DA:15,0
DA:16,0
DA:17,0
DA:19,0
DA:20,0
DA:22,0
DA:23,0
DA:24,0
DA:26,0
DA:27,0
DA:29,0
DA:30,0
DA:32,0
DA:33,0
DA:34,0
DA:35,0
DA:40,0
LF:25
LH:0
BRDA:8,0,0,0
BRDA:8,0,1,0
BRDA:32,1,0,0
BRDA:32,1,1,0
BRDA:34,2,0,0
BRDA:34,2,1,0
BRF:6
BRH:0
end_of_record
